#
# There is insufficient memory for the Java Runtime Environment to continue.
# Native memory allocation (malloc) failed to allocate 102760448 bytes for committing reserved memory.
# Possible reasons:
#   The system is out of physical RAM or swap space
#   In 32 bit mode, the process size limit was hit
# Possible solutions:
#   Reduce memory load on the system
#   Increase physical memory or swap space
#   Check if swap backing store is full
#   Use 64 bit Java on a 64 bit OS
#   Decrease Java heap size (-Xmx/-Xms)
#   Decrease number of Java threads
#   Decrease Java thread stack sizes (-Xss)
#   Set larger code cache with -XX:ReservedCodeCacheSize=
# This output file may be truncated or incomplete.
#
#  Out of Memory Error (os_linux.cpp:2726), pid=19346, tid=140490877581056
#
# JRE version: Java(TM) SE Runtime Environment (7.0_55-b13) (build 1.7.0_55-b13)
# Java VM: Java HotSpot(TM) 64-Bit Server VM (24.55-b03 mixed mode linux-amd64 compressed oops)
# Failed to write core dump. Core dumps have been disabled. To enable core dumping, try "ulimit -c unlimited" before starting Java again
#

---------------  T H R E A D  ---------------

Current thread (0x00007fc6a0132800):  VMThread [stack: 0x00007fc694ca3000,0x00007fc694da4000] [id=19360]

Stack: [0x00007fc694ca3000,0x00007fc694da4000],  sp=0x00007fc694da2090,  free space=1020k
Native frames: (J=compiled Java code, j=interpreted, Vv=VM code, C=native code)
V  [libjvm.so+0x99305a]  VMError::report_and_die()+0x2ea
V  [libjvm.so+0x4931fb]  report_vm_out_of_memory(char const*, int, unsigned long, char const*)+0x9b
V  [libjvm.so+0x8134be]  os::Linux::commit_memory_impl(char*, unsigned long, bool)+0xfe
V  [libjvm.so+0x81396f]  os::Linux::commit_memory_impl(char*, unsigned long, unsigned long, bool)+0x4f
V  [libjvm.so+0x813b5c]  os::pd_commit_memory(char*, unsigned long, unsigned long, bool)+0xc
V  [libjvm.so+0x80dc1a]  os::commit_memory(char*, unsigned long, unsigned long, bool)+0x2a
V  [libjvm.so+0x87fde3]  PSVirtualSpace::expand_by(unsigned long)+0x53
V  [libjvm.so+0x8811b8]  PSYoungGen::resize_generation(unsigned long, unsigned long)+0xf8
V  [libjvm.so+0x880322]  PSYoungGen::resize(unsigned long, unsigned long)+0x22
V  [libjvm.so+0x87d7bb]  PSScavenge::invoke_no_policy()+0xf3b
V  [libjvm.so+0x87df21]  PSScavenge::invoke()+0x41
V  [libjvm.so+0x835020]  ParallelScavengeHeap::failed_mem_allocate(unsigned long)+0x70
V  [libjvm.so+0x9948f7]  VM_ParallelGCFailedAllocation::doit()+0x97
V  [libjvm.so+0x99bd25]  VM_Operation::evaluate()+0x55
V  [libjvm.so+0x99a15a]  VMThread::evaluate_operation(VM_Operation*)+0xba
V  [libjvm.so+0x99a4de]  VMThread::loop()+0x1ce
V  [libjvm.so+0x99a950]  VMThread::run()+0x70
V  [libjvm.so+0x815668]  java_start(Thread*)+0x108

VM_Operation (0x00007fc6a6a81410): ParallelGCFailedAllocation, mode: safepoint, requested by thread 0x00007fc6a000b800


---------------  P R O C E S S  ---------------

Java Threads: ( => current thread )
  0x00007fc6a015f000 JavaThread "Service Thread" daemon [_thread_blocked, id=19366, stack(0x00007fc694370000,0x00007fc694471000)]
  0x00007fc6a015c800 JavaThread "C2 CompilerThread1" daemon [_thread_blocked, id=19365, stack(0x00007fc694471000,0x00007fc694572000)]
  0x00007fc6a0159800 JavaThread "C2 CompilerThread0" daemon [_thread_blocked, id=19364, stack(0x00007fc694572000,0x00007fc694673000)]
  0x00007fc6a014f800 JavaThread "Signal Dispatcher" daemon [_thread_blocked, id=19363, stack(0x00007fc694673000,0x00007fc694774000)]
  0x00007fc6a0139000 JavaThread "Finalizer" daemon [_thread_blocked, id=19362, stack(0x00007fc694aa1000,0x00007fc694ba2000)]
  0x00007fc6a0135000 JavaThread "Reference Handler" daemon [_thread_blocked, id=19361, stack(0x00007fc694ba2000,0x00007fc694ca3000)]
  0x00007fc6a000b800 JavaThread "main" [_thread_blocked, id=19355, stack(0x00007fc6a6982000,0x00007fc6a6a83000)]

Other Threads:
=>0x00007fc6a0132800 VMThread [stack: 0x00007fc694ca3000,0x00007fc694da4000] [id=19360]
  0x00007fc6a0169800 WatcherThread [stack: 0x00007fc69426f000,0x00007fc694370000] [id=19367]

VM state:at safepoint (normal execution)

VM Mutex/Monitor currently owned by a thread:  ([mutex/lock_event])
[0x00007fc6a0008050] Threads_lock - owner thread: 0x00007fc6a0132800
[0x00007fc6a0008550] Heap_lock - owner thread: 0x00007fc6a000b800

Heap
 PSYoungGen      total 213504K, used 12287K [0x00000000eaa80000, 0x00000000f8780000, 0x0000000100000000)
  eden space 201216K, 0% used [0x00000000eaa80000,0x00000000eaa80000,0x00000000f6f00000)
  from space 12288K, 99% used [0x00000000f6f00000,0x00000000f7affc28,0x00000000f7b00000)
  to   space 11776K, 0% used [0x00000000f7b00000,0x00000000f7b00000,0x00000000f8680000)
 ParOldGen       total 51200K, used 25841K [0x00000000c0000000, 0x00000000c3200000, 0x00000000eaa80000)
  object space 51200K, 50% used [0x00000000c0000000,0x00000000c193c660,0x00000000c3200000)
 PSPermGen       total 21504K, used 7157K [0x00000000bae00000, 0x00000000bc300000, 0x00000000c0000000)
  object space 21504K, 33% used [0x00000000bae00000,0x00000000bb4fd468,0x00000000bc300000)

Card table byte_map: [0x00007fc69c9af000,0x00007fc69cbd9000] byte_map_base: 0x00007fc69c3d8000

Polling page: 0x00007fc6a6a9e000

Code Cache  [0x00007fc69cbd9000, 0x00007fc69cf39000, 0x00007fc69fbd9000)
 total_blobs=1295 nmethods=1041 adapters=207 free_code_cache=45747Kb largest_free_block=46795968

Compilation events (10 events):
Event: 8.661 Thread 0x00007fc6a0159800 nmethod 1047 0x00007fc69cf2a9d0 code [0x00007fc69cf2ab00, 0x00007fc69cf2ab58]
Event: 8.661 Thread 0x00007fc6a0159800 1048             com.android.dx.io.instructions.DecodedInstruction::getA (2 bytes)
Event: 8.662 Thread 0x00007fc6a0159800 nmethod 1048 0x00007fc69cf2a7d0 code [0x00007fc69cf2a900, 0x00007fc69cf2a958]
Event: 8.664 Thread 0x00007fc6a015c800 nmethod 1045 0x00007fc69cf2c310 code [0x00007fc69cf2c500, 0x00007fc69cf2d028]
Event: 8.728 Thread 0x00007fc6a0159800 1049             java.util.ComparableTimSort::mergeLo (652 bytes)
Event: 8.743 Thread 0x00007fc6a015c800 1050             com.android.dx.io.instructions.InstructionCodec$12::decode (56 bytes)
Event: 8.749 Thread 0x00007fc6a015c800 nmethod 1050 0x00007fc69cf2a310 code [0x00007fc69cf2a460, 0x00007fc69cf2a638]
Event: 8.749 Thread 0x00007fc6a015c800 1051             com.android.dx.io.instructions.InstructionCodec$12::encode (48 bytes)
Event: 8.753 Thread 0x00007fc6a015c800 nmethod 1051 0x00007fc69cf29d10 code [0x00007fc69cf29e80, 0x00007fc69cf2a078]
Event: 8.787 Thread 0x00007fc6a0159800 nmethod 1049 0x00007fc69cf35790 code [0x00007fc69cf359c0, 0x00007fc69cf371a8]

GC Heap History (10 events):
Event: 7.330 GC heap after
Heap after GC invocations=7 (full 0):
 PSYoungGen      total 71168K, used 5252K [0x00000000eaa80000, 0x00000000f3580000, 0x0000000100000000)
  eden space 62976K, 0% used [0x00000000eaa80000,0x00000000eaa80000,0x00000000ee800000)
  from space 8192K, 64% used [0x00000000ee800000,0x00000000eed21028,0x00000000ef000000)
  to   space 8192K, 0% used [0x00000000f2d80000,0x00000000f2d80000,0x00000000f3580000)
 ParOldGen       total 41984K, used 17522K [0x00000000c0000000, 0x00000000c2900000, 0x00000000eaa80000)
  object space 41984K, 41% used [0x00000000c0000000,0x00000000c111c8a0,0x00000000c2900000)
 PSPermGen       total 21504K, used 7042K [0x00000000bae00000, 0x00000000bc300000, 0x00000000c0000000)
  object space 21504K, 32% used [0x00000000bae00000,0x00000000bb4e0bc8,0x00000000bc300000)
}
Event: 7.593 GC heap before
{Heap before GC invocations=8 (full 0):
 PSYoungGen      total 71168K, used 68228K [0x00000000eaa80000, 0x00000000f3580000, 0x0000000100000000)
  eden space 62976K, 100% used [0x00000000eaa80000,0x00000000ee800000,0x00000000ee800000)
  from space 8192K, 64% used [0x00000000ee800000,0x00000000eed21028,0x00000000ef000000)
  to   space 8192K, 0% used [0x00000000f2d80000,0x00000000f2d80000,0x00000000f3580000)
 ParOldGen       total 41984K, used 17522K [0x00000000c0000000, 0x00000000c2900000, 0x00000000eaa80000)
  object space 41984K, 41% used [0x00000000c0000000,0x00000000c111c8a0,0x00000000c2900000)
 PSPermGen       total 21504K, used 7055K [0x00000000bae00000, 0x00000000bc300000, 0x00000000c0000000)
  object space 21504K, 32% used [0x00000000bae00000,0x00000000bb4e3f10,0x00000000bc300000)
Event: 7.604 GC heap after
Heap after GC invocations=8 (full 0):
 PSYoungGen      total 134144K, used 6597K [0x00000000eaa80000, 0x00000000f3580000, 0x0000000100000000)
  eden space 125952K, 0% used [0x00000000eaa80000,0x00000000eaa80000,0x00000000f2580000)
  from space 8192K, 80% used [0x00000000f2d80000,0x00000000f33f1520,0x00000000f3580000)
  to   space 8192K, 0% used [0x00000000f2580000,0x00000000f2580000,0x00000000f2d80000)
 ParOldGen       total 41984K, used 17954K [0x00000000c0000000, 0x00000000c2900000, 0x00000000eaa80000)
  object space 41984K, 42% used [0x00000000c0000000,0x00000000c11888a0,0x00000000c2900000)
 PSPermGen       total 21504K, used 7055K [0x00000000bae00000, 0x00000000bc300000, 0x00000000c0000000)
  object space 21504K, 32% used [0x00000000bae00000,0x00000000bb4e3f10,0x00000000bc300000)
}
Event: 8.048 GC heap before
{Heap before GC invocations=9 (full 0):
 PSYoungGen      total 134144K, used 132549K [0x00000000eaa80000, 0x00000000f3580000, 0x0000000100000000)
  eden space 125952K, 100% used [0x00000000eaa80000,0x00000000f2580000,0x00000000f2580000)
  from space 8192K, 80% used [0x00000000f2d80000,0x00000000f33f1520,0x00000000f3580000)
  to   space 8192K, 0% used [0x00000000f2580000,0x00000000f2580000,0x00000000f2d80000)
 ParOldGen       total 41984K, used 17954K [0x00000000c0000000, 0x00000000c2900000, 0x00000000eaa80000)
  object space 41984K, 42% used [0x00000000c0000000,0x00000000c11888a0,0x00000000c2900000)
 PSPermGen       total 21504K, used 7149K [0x00000000bae00000, 0x00000000bc300000, 0x00000000c0000000)
  object space 21504K, 33% used [0x00000000bae00000,0x00000000bb4fb780,0x00000000bc300000)
Event: 8.067 GC heap after
Heap after GC invocations=9 (full 0):
 PSYoungGen      total 134144K, used 8166K [0x00000000eaa80000, 0x00000000f8680000, 0x0000000100000000)
  eden space 125952K, 0% used [0x00000000eaa80000,0x00000000eaa80000,0x00000000f2580000)
  from space 8192K, 99% used [0x00000000f2580000,0x00000000f2d79a78,0x00000000f2d80000)
  to   space 11776K, 0% used [0x00000000f7b00000,0x00000000f7b00000,0x00000000f8680000)
 ParOldGen       total 41984K, used 24822K [0x00000000c0000000, 0x00000000c2900000, 0x00000000eaa80000)
  object space 41984K, 59% used [0x00000000c0000000,0x00000000c183d9b8,0x00000000c2900000)
 PSPermGen       total 21504K, used 7149K [0x00000000bae00000, 0x00000000bc300000, 0x00000000c0000000)
  object space 21504K, 33% used [0x00000000bae00000,0x00000000bb4fb780,0x00000000bc300000)
}
Event: 8.309 GC heap before
{Heap before GC invocations=10 (full 0):
 PSYoungGen      total 134144K, used 134118K [0x00000000eaa80000, 0x00000000f8680000, 0x0000000100000000)
  eden space 125952K, 100% used [0x00000000eaa80000,0x00000000f2580000,0x00000000f2580000)
  from space 8192K, 99% used [0x00000000f2580000,0x00000000f2d79a78,0x00000000f2d80000)
  to   space 11776K, 0% used [0x00000000f7b00000,0x00000000f7b00000,0x00000000f8680000)
 ParOldGen       total 41984K, used 24822K [0x00000000c0000000, 0x00000000c2900000, 0x00000000eaa80000)
  object space 41984K, 59% used [0x00000000c0000000,0x00000000c183d9b8,0x00000000c2900000)
 PSPermGen       total 21504K, used 7153K [0x00000000bae00000, 0x00000000bc300000, 0x00000000c0000000)
  object space 21504K, 33% used [0x00000000bae00000,0x00000000bb4fc5a0,0x00000000bc300000)
Event: 8.333 GC heap after
Heap after GC invocations=10 (full 0):
 PSYoungGen      total 212992K, used 10377K [0x00000000eaa80000, 0x00000000f8780000, 0x0000000100000000)
  eden space 201216K, 0% used [0x00000000eaa80000,0x00000000eaa80000,0x00000000f6f00000)
  from space 11776K, 88% used [0x00000000f7b00000,0x00000000f85224a0,0x00000000f8680000)
  to   space 12288K, 0% used [0x00000000f6f00000,0x00000000f6f00000,0x00000000f7b00000)
 ParOldGen       total 41984K, used 41554K [0x00000000c0000000, 0x00000000c2900000, 0x00000000eaa80000)
  object space 41984K, 98% used [0x00000000c0000000,0x00000000c28948c8,0x00000000c2900000)
 PSPermGen       total 21504K, used 7153K [0x00000000bae00000, 0x00000000bc300000, 0x00000000c0000000)
  object space 21504K, 33% used [0x00000000bae00000,0x00000000bb4fc5a0,0x00000000bc300000)
}
Event: 8.333 GC heap before
{Heap before GC invocations=11 (full 1):
 PSYoungGen      total 212992K, used 10377K [0x00000000eaa80000, 0x00000000f8780000, 0x0000000100000000)
  eden space 201216K, 0% used [0x00000000eaa80000,0x00000000eaa80000,0x00000000f6f00000)
  from space 11776K, 88% used [0x00000000f7b00000,0x00000000f85224a0,0x00000000f8680000)
  to   space 12288K, 0% used [0x00000000f6f00000,0x00000000f6f00000,0x00000000f7b00000)
 ParOldGen       total 41984K, used 41554K [0x00000000c0000000, 0x00000000c2900000, 0x00000000eaa80000)
  object space 41984K, 98% used [0x00000000c0000000,0x00000000c28948c8,0x00000000c2900000)
 PSPermGen       total 21504K, used 7153K [0x00000000bae00000, 0x00000000bc300000, 0x00000000c0000000)
  object space 21504K, 33% used [0x00000000bae00000,0x00000000bb4fc5a0,0x00000000bc300000)
Event: 8.420 GC heap after
Heap after GC invocations=11 (full 1):
 PSYoungGen      total 212992K, used 0K [0x00000000eaa80000, 0x00000000f8780000, 0x0000000100000000)
  eden space 201216K, 0% used [0x00000000eaa80000,0x00000000eaa80000,0x00000000f6f00000)
  from space 11776K, 0% used [0x00000000f7b00000,0x00000000f7b00000,0x00000000f8680000)
  to   space 12288K, 0% used [0x00000000f6f00000,0x00000000f6f00000,0x00000000f7b00000)
 ParOldGen       total 51200K, used 21196K [0x00000000c0000000, 0x00000000c3200000, 0x00000000eaa80000)
  object space 51200K, 41% used [0x00000000c0000000,0x00000000c14b3030,0x00000000c3200000)
 PSPermGen       total 21504K, used 7150K [0x00000000bae00000, 0x00000000bc300000, 0x00000000c0000000)
  object space 21504K, 33% used [0x00000000bae00000,0x00000000bb4fb828,0x00000000bc300000)
}
Event: 8.819 GC heap before
{Heap before GC invocations=12 (full 1):
 PSYoungGen      total 212992K, used 201216K [0x00000000eaa80000, 0x00000000f8780000, 0x0000000100000000)
  eden space 201216K, 100% used [0x00000000eaa80000,0x00000000f6f00000,0x00000000f6f00000)
  from space 11776K, 0% used [0x00000000f7b00000,0x00000000f7b00000,0x00000000f8680000)
  to   space 12288K, 0% used [0x00000000f6f00000,0x00000000f6f00000,0x00000000f7b00000)
 ParOldGen       total 51200K, used 21196K [0x00000000c0000000, 0x00000000c3200000, 0x00000000eaa80000)
  object space 51200K, 41% used [0x00000000c0000000,0x00000000c14b3030,0x00000000c3200000)
 PSPermGen       total 21504K, used 7157K [0x00000000bae00000, 0x00000000bc300000, 0x00000000c0000000)
  object space 21504K, 33% used [0x00000000bae00000,0x00000000bb4fd468,0x00000000bc300000)

Deoptimization events (10 events):
Event: 7.509 Thread 0x00007fc6a000b800 Uncommon trap: reason=array_check action=maybe_recompile pc=0x00007fc69cedeb8c method=java.util.TimSort.binarySort([Ljava/lang/Object;IIILjava/util/Comparator;)V @ 183
Event: 7.555 Thread 0x00007fc6a000b800 Uncommon trap: reason=array_check action=maybe_recompile pc=0x00007fc69ced7414 method=java.util.ComparableTimSort.binarySort([Ljava/lang/Object;III)V @ 193
Event: 7.634 Thread 0x00007fc6a000b800 Uncommon trap: reason=array_check action=maybe_recompile pc=0x00007fc69ced7414 method=java.util.ComparableTimSort.binarySort([Ljava/lang/Object;III)V @ 193
Event: 7.691 Thread 0x00007fc6a000b800 Uncommon trap: reason=array_check action=maybe_recompile pc=0x00007fc69ced7414 method=java.util.ComparableTimSort.binarySort([Ljava/lang/Object;III)V @ 193
Event: 7.852 Thread 0x00007fc6a000b800 Uncommon trap: reason=array_check action=maybe_recompile pc=0x00007fc69ced7414 method=java.util.ComparableTimSort.binarySort([Ljava/lang/Object;III)V @ 193
Event: 8.146 Thread 0x00007fc6a000b800 Uncommon trap: reason=array_check action=maybe_recompile pc=0x00007fc69cf1ac04 method=java.util.ComparableTimSort.binarySort([Ljava/lang/Object;III)V @ 215
Event: 8.146 Thread 0x00007fc6a000b800 Uncommon trap: reason=array_check action=maybe_recompile pc=0x00007fc69cf0bf80 method=java.util.ComparableTimSort.binarySort([Ljava/lang/Object;III)V @ 215
Event: 8.193 Thread 0x00007fc6a000b800 Uncommon trap: reason=array_check action=maybe_recompile pc=0x00007fc69cf1ac04 method=java.util.ComparableTimSort.binarySort([Ljava/lang/Object;III)V @ 215
Event: 8.531 Thread 0x00007fc6a000b800 Uncommon trap: reason=array_check action=maybe_recompile pc=0x00007fc69cf2e664 method=java.util.ComparableTimSort.binarySort([Ljava/lang/Object;III)V @ 183
Event: 8.644 Thread 0x00007fc6a000b800 Uncommon trap: reason=array_check action=maybe_recompile pc=0x00007fc69cf2e664 method=java.util.ComparableTimSort.binarySort([Ljava/lang/Object;III)V @ 183

Internal exceptions (10 events):
Event: 5.236 Thread 0x00007fc6a000b800 Threw 0x00000000eb39e4a0 at /HUDSON/workspace/7u-2-build-linux-amd64/jdk7u55/869/hotspot/src/share/vm/prims/jvm.cpp:1244
Event: 5.237 Thread 0x00007fc6a000b800 Threw 0x00000000eb3a1290 at /HUDSON/workspace/7u-2-build-linux-amd64/jdk7u55/869/hotspot/src/share/vm/prims/jvm.cpp:1244
Event: 5.237 Thread 0x00007fc6a000b800 Threw 0x00000000eb3a43a8 at /HUDSON/workspace/7u-2-build-linux-amd64/jdk7u55/869/hotspot/src/share/vm/prims/jvm.cpp:1244
Event: 5.241 Thread 0x00007fc6a000b800 Threw 0x00000000eb3ab908 at /HUDSON/workspace/7u-2-build-linux-amd64/jdk7u55/869/hotspot/src/share/vm/prims/jvm.cpp:1244
Event: 5.242 Thread 0x00007fc6a000b800 Threw 0x00000000eb3adad8 at /HUDSON/workspace/7u-2-build-linux-amd64/jdk7u55/869/hotspot/src/share/vm/prims/jvm.cpp:1244
Event: 5.709 Thread 0x00007fc6a000b800 Threw 0x00000000eb5748e8 at /HUDSON/workspace/7u-2-build-linux-amd64/jdk7u55/869/hotspot/src/share/vm/prims/jvm.cpp:1244
Event: 5.709 Thread 0x00007fc6a000b800 Threw 0x00000000eb574a10 at /HUDSON/workspace/7u-2-build-linux-amd64/jdk7u55/869/hotspot/src/share/vm/prims/jvm.cpp:1244
Event: 5.710 Thread 0x00007fc6a000b800 Threw 0x00000000eb578290 at /HUDSON/workspace/7u-2-build-linux-amd64/jdk7u55/869/hotspot/src/share/vm/prims/jvm.cpp:1244
Event: 5.710 Thread 0x00007fc6a000b800 Threw 0x00000000eb5783b8 at /HUDSON/workspace/7u-2-build-linux-amd64/jdk7u55/869/hotspot/src/share/vm/prims/jvm.cpp:1244
Event: 6.794 Thread 0x00007fc6a000b800 Threw 0x00000000ec588c70 at /HUDSON/workspace/7u-2-build-linux-amd64/jdk7u55/869/hotspot/src/share/vm/prims/jvm.cpp:1244

Events (10 events):
Event: 8.193 Thread 0x00007fc6a000b800 DEOPT UNPACKING pc=0x00007fc69cc12445 sp=0x00007fc6a6a813e8 mode 2
Event: 8.309 Executing VM operation: ParallelGCFailedAllocation
Event: 8.420 Executing VM operation: ParallelGCFailedAllocation done
Event: 8.531 Thread 0x00007fc6a000b800 Uncommon trap: trap_request=0xffffffd6 fr.pc=0x00007fc69cf2e664
Event: 8.531 Thread 0x00007fc6a000b800 DEOPT PACKING pc=0x00007fc69cf2e664 sp=0x00007fc6a6a81420
Event: 8.531 Thread 0x00007fc6a000b800 DEOPT UNPACKING pc=0x00007fc69cc12445 sp=0x00007fc6a6a813e8 mode 2
Event: 8.644 Thread 0x00007fc6a000b800 Uncommon trap: trap_request=0xffffffd6 fr.pc=0x00007fc69cf2e664
Event: 8.644 Thread 0x00007fc6a000b800 DEOPT PACKING pc=0x00007fc69cf2e664 sp=0x00007fc6a6a81420
Event: 8.644 Thread 0x00007fc6a000b800 DEOPT UNPACKING pc=0x00007fc69cc12445 sp=0x00007fc6a6a813e8 mode 2
Event: 8.819 Executing VM operation: ParallelGCFailedAllocation


Dynamic libraries:
00400000-00401000 r-xp 00000000 08:06 794152                             /home/hu/文档/jdk/bin/java
00600000-00601000 rw-p 00000000 08:06 794152                             /home/hu/文档/jdk/bin/java
00dd5000-00df6000 rw-p 00000000 00:00 0                                  [heap]
bae00000-bc300000 rw-p 00000000 00:00 0 
bc300000-c0000000 rw-p 00000000 00:00 0 
c0000000-c3200000 rw-p 00000000 00:00 0 
c3200000-eaa80000 rw-p 00000000 00:00 0 
eaa80000-f8780000 rw-p 00000000 00:00 0 
fe980000-100000000 rw-p 00000000 00:00 0 
7fc650000000-7fc650039000 rw-p 00000000 00:00 0 
7fc650039000-7fc654000000 ---p 00000000 00:00 0 
7fc658000000-7fc658061000 rw-p 00000000 00:00 0 
7fc658061000-7fc65c000000 ---p 00000000 00:00 0 
7fc65c000000-7fc65c042000 rw-p 00000000 00:00 0 
7fc65c042000-7fc660000000 ---p 00000000 00:00 0 
7fc660000000-7fc660021000 rw-p 00000000 00:00 0 
7fc660021000-7fc664000000 ---p 00000000 00:00 0 
7fc664000000-7fc66402b000 rw-p 00000000 00:00 0 
7fc66402b000-7fc668000000 ---p 00000000 00:00 0 
7fc668000000-7fc6694cc000 rw-p 00000000 00:00 0 
7fc6694cc000-7fc66c000000 ---p 00000000 00:00 0 
7fc66c000000-7fc66c021000 rw-p 00000000 00:00 0 
7fc66c021000-7fc670000000 ---p 00000000 00:00 0 
7fc670000000-7fc670021000 rw-p 00000000 00:00 0 
7fc670021000-7fc674000000 ---p 00000000 00:00 0 
7fc674000000-7fc6757c9000 rw-p 00000000 00:00 0 
7fc6757c9000-7fc678000000 ---p 00000000 00:00 0 
7fc678000000-7fc678021000 rw-p 00000000 00:00 0 
7fc678021000-7fc67c000000 ---p 00000000 00:00 0 
7fc67c000000-7fc67c021000 rw-p 00000000 00:00 0 
7fc67c021000-7fc680000000 ---p 00000000 00:00 0 
7fc680000000-7fc680021000 rw-p 00000000 00:00 0 
7fc680021000-7fc684000000 ---p 00000000 00:00 0 
7fc684000000-7fc68424c000 rw-p 00000000 00:00 0 
7fc68424c000-7fc688000000 ---p 00000000 00:00 0 
7fc688000000-7fc688021000 rw-p 00000000 00:00 0 
7fc688021000-7fc68c000000 ---p 00000000 00:00 0 
7fc68f9d6000-7fc68f9ec000 r-xp 00000000 08:06 1325321                    /home/hu/文档/jdk/jre/lib/amd64/libnet.so
7fc68f9ec000-7fc68fbec000 ---p 00016000 08:06 1325321                    /home/hu/文档/jdk/jre/lib/amd64/libnet.so
7fc68fbec000-7fc68fbed000 rw-p 00016000 08:06 1325321                    /home/hu/文档/jdk/jre/lib/amd64/libnet.so
7fc68fbed000-7fc68fbfd000 r-xp 00000000 08:06 1325370                    /home/hu/文档/jdk/jre/lib/amd64/libnio.so
7fc68fbfd000-7fc68fdfd000 ---p 00010000 08:06 1325370                    /home/hu/文档/jdk/jre/lib/amd64/libnio.so
7fc68fdfd000-7fc68fdfe000 rw-p 00010000 08:06 1325370                    /home/hu/文档/jdk/jre/lib/amd64/libnio.so
7fc68fdfe000-7fc68fe01000 ---p 00000000 00:00 0 
7fc68fe01000-7fc68feff000 rw-p 00000000 00:00 0 
7fc68feff000-7fc68ff02000 ---p 00000000 00:00 0 
7fc68ff02000-7fc690000000 rw-p 00000000 00:00 0 
7fc690000000-7fc690021000 rw-p 00000000 00:00 0 
7fc690021000-7fc694000000 ---p 00000000 00:00 0 
7fc69406d000-7fc694070000 ---p 00000000 00:00 0 
7fc694070000-7fc69416e000 rw-p 00000000 00:00 0 
7fc69416e000-7fc694171000 ---p 00000000 00:00 0 
7fc694171000-7fc69426f000 rw-p 00000000 00:00 0 
7fc69426f000-7fc694270000 ---p 00000000 00:00 0 
7fc694270000-7fc694370000 rw-p 00000000 00:00 0                          [stack:19367]
7fc694370000-7fc694373000 ---p 00000000 00:00 0 
7fc694373000-7fc694471000 rw-p 00000000 00:00 0                          [stack:19366]
7fc694471000-7fc694474000 ---p 00000000 00:00 0 
7fc694474000-7fc694572000 rw-p 00000000 00:00 0                          [stack:19365]
7fc694572000-7fc694575000 ---p 00000000 00:00 0 
7fc694575000-7fc694673000 rw-p 00000000 00:00 0                          [stack:19364]
7fc694673000-7fc694676000 ---p 00000000 00:00 0 
7fc694676000-7fc694774000 rw-p 00000000 00:00 0                          [stack:19363]
7fc694774000-7fc694aa1000 r--p 00000000 08:06 147180                     /usr/lib/locale/locale-archive
7fc694aa1000-7fc694aa4000 ---p 00000000 00:00 0 
7fc694aa4000-7fc694ba2000 rw-p 00000000 00:00 0                          [stack:19362]
7fc694ba2000-7fc694ba5000 ---p 00000000 00:00 0 
7fc694ba5000-7fc694ca3000 rw-p 00000000 00:00 0                          [stack:19361]
7fc694ca3000-7fc694ca4000 ---p 00000000 00:00 0 
7fc694ca4000-7fc695bb2000 rw-p 00000000 00:00 0                          [stack:19360]
7fc695bb2000-7fc695d70000 r--s 039d0000 08:06 1200892                    /home/hu/文档/jdk/jre/lib/rt.jar
7fc695d70000-7fc698000000 rw-p 00000000 00:00 0 
7fc698000000-7fc698021000 rw-p 00000000 00:00 0 
7fc698021000-7fc69c000000 ---p 00000000 00:00 0 
7fc69c06a000-7fc69c455000 rw-p 00000000 00:00 0 
7fc69c455000-7fc69c456000 ---p 00000000 00:00 0 
7fc69c456000-7fc69c556000 rw-p 00000000 00:00 0                          [stack:19359]
7fc69c556000-7fc69c557000 ---p 00000000 00:00 0 
7fc69c557000-7fc69c657000 rw-p 00000000 00:00 0                          [stack:19358]
7fc69c657000-7fc69c658000 ---p 00000000 00:00 0 
7fc69c658000-7fc69c758000 rw-p 00000000 00:00 0                          [stack:19357]
7fc69c758000-7fc69c759000 ---p 00000000 00:00 0 
7fc69c759000-7fc69c872000 rw-p 00000000 00:00 0                          [stack:19356]
7fc69c872000-7fc69c9af000 rw-p 00000000 00:00 0 
7fc69c9af000-7fc69c9ba000 rw-p 00000000 00:00 0 
7fc69c9ba000-7fc69c9d8000 rw-p 00000000 00:00 0 
7fc69c9d8000-7fc69c9f1000 rw-p 00000000 00:00 0 
7fc69c9f1000-7fc69cb2d000 rw-p 00000000 00:00 0 
7fc69cb2d000-7fc69cb9c000 rw-p 00000000 00:00 0 
7fc69cb9c000-7fc69cbd8000 rw-p 00000000 00:00 0 
7fc69cbd8000-7fc69cbd9000 rw-p 00000000 00:00 0 
7fc69cbd9000-7fc69cf39000 rwxp 00000000 00:00 0 
7fc69cf39000-7fc69fbd9000 rw-p 00000000 00:00 0 
7fc69fbd9000-7fc69fbf3000 r-xp 00000000 08:06 1325346                    /home/hu/文档/jdk/jre/lib/amd64/libzip.so
7fc69fbf3000-7fc69fdf3000 ---p 0001a000 08:06 1325346                    /home/hu/文档/jdk/jre/lib/amd64/libzip.so
7fc69fdf3000-7fc69fdf4000 rw-p 0001a000 08:06 1325346                    /home/hu/文档/jdk/jre/lib/amd64/libzip.so
7fc69fdf4000-7fc69fdff000 r-xp 00000000 08:06 2386                       /lib/x86_64-linux-gnu/libnss_files-2.19.so
7fc69fdff000-7fc69fffe000 ---p 0000b000 08:06 2386                       /lib/x86_64-linux-gnu/libnss_files-2.19.so
7fc69fffe000-7fc69ffff000 r--p 0000a000 08:06 2386                       /lib/x86_64-linux-gnu/libnss_files-2.19.so
7fc69ffff000-7fc6a0000000 rw-p 0000b000 08:06 2386                       /lib/x86_64-linux-gnu/libnss_files-2.19.so
7fc6a0000000-7fc6a02a7000 rw-p 00000000 00:00 0 
7fc6a02a7000-7fc6a4000000 ---p 00000000 00:00 0 
7fc6a4004000-7fc6a400b000 r--s 00000000 08:06 278124                     /usr/lib/x86_64-linux-gnu/gconv/gconv-modules.cache
7fc6a400b000-7fc6a401f000 r--p 00000000 08:06 1324603                    /usr/share/locale-langpack/zh_CN/LC_MESSAGES/libc.mo
7fc6a401f000-7fc6a4085000 rw-p 00000000 00:00 0 
7fc6a4085000-7fc6a40a3000 rw-p 00000000 00:00 0 
7fc6a40a3000-7fc6a40ae000 r-xp 00000000 08:06 2387                       /lib/x86_64-linux-gnu/libnss_nis-2.19.so
7fc6a40ae000-7fc6a42ad000 ---p 0000b000 08:06 2387                       /lib/x86_64-linux-gnu/libnss_nis-2.19.so
7fc6a42ad000-7fc6a42ae000 r--p 0000a000 08:06 2387                       /lib/x86_64-linux-gnu/libnss_nis-2.19.so
7fc6a42ae000-7fc6a42af000 rw-p 0000b000 08:06 2387                       /lib/x86_64-linux-gnu/libnss_nis-2.19.so
7fc6a42af000-7fc6a42c6000 r-xp 00000000 08:06 2373                       /lib/x86_64-linux-gnu/libnsl-2.19.so
7fc6a42c6000-7fc6a44c5000 ---p 00017000 08:06 2373                       /lib/x86_64-linux-gnu/libnsl-2.19.so
7fc6a44c5000-7fc6a44c6000 r--p 00016000 08:06 2373                       /lib/x86_64-linux-gnu/libnsl-2.19.so
7fc6a44c6000-7fc6a44c7000 rw-p 00017000 08:06 2373                       /lib/x86_64-linux-gnu/libnsl-2.19.so
7fc6a44c7000-7fc6a44c9000 rw-p 00000000 00:00 0 
7fc6a44c9000-7fc6a44d2000 r-xp 00000000 08:06 1958                       /lib/x86_64-linux-gnu/libnss_compat-2.19.so
7fc6a44d2000-7fc6a46d1000 ---p 00009000 08:06 1958                       /lib/x86_64-linux-gnu/libnss_compat-2.19.so
7fc6a46d1000-7fc6a46d2000 r--p 00008000 08:06 1958                       /lib/x86_64-linux-gnu/libnss_compat-2.19.so
7fc6a46d2000-7fc6a46d3000 rw-p 00009000 08:06 1958                       /lib/x86_64-linux-gnu/libnss_compat-2.19.so
7fc6a46d3000-7fc6a46fc000 r-xp 00000000 08:06 1325337                    /home/hu/文档/jdk/jre/lib/amd64/libjava.so
7fc6a46fc000-7fc6a48fc000 ---p 00029000 08:06 1325337                    /home/hu/文档/jdk/jre/lib/amd64/libjava.so
7fc6a48fc000-7fc6a48fe000 rw-p 00029000 08:06 1325337                    /home/hu/文档/jdk/jre/lib/amd64/libjava.so
7fc6a48fe000-7fc6a490b000 r-xp 00000000 08:06 1325326                    /home/hu/文档/jdk/jre/lib/amd64/libverify.so
7fc6a490b000-7fc6a4b0a000 ---p 0000d000 08:06 1325326                    /home/hu/文档/jdk/jre/lib/amd64/libverify.so
7fc6a4b0a000-7fc6a4b0c000 rw-p 0000c000 08:06 1325326                    /home/hu/文档/jdk/jre/lib/amd64/libverify.so
7fc6a4b0c000-7fc6a4b13000 r-xp 00000000 08:06 2375                       /lib/x86_64-linux-gnu/librt-2.19.so
7fc6a4b13000-7fc6a4d12000 ---p 00007000 08:06 2375                       /lib/x86_64-linux-gnu/librt-2.19.so
7fc6a4d12000-7fc6a4d13000 r--p 00006000 08:06 2375                       /lib/x86_64-linux-gnu/librt-2.19.so
7fc6a4d13000-7fc6a4d14000 rw-p 00007000 08:06 2375                       /lib/x86_64-linux-gnu/librt-2.19.so
7fc6a4d14000-7fc6a4e19000 r-xp 00000000 08:06 2382                       /lib/x86_64-linux-gnu/libm-2.19.so
7fc6a4e19000-7fc6a5018000 ---p 00105000 08:06 2382                       /lib/x86_64-linux-gnu/libm-2.19.so
7fc6a5018000-7fc6a5019000 r--p 00104000 08:06 2382                       /lib/x86_64-linux-gnu/libm-2.19.so
7fc6a5019000-7fc6a501a000 rw-p 00105000 08:06 2382                       /lib/x86_64-linux-gnu/libm-2.19.so
7fc6a501a000-7fc6a5b7c000 r-xp 00000000 08:06 1325344                    /home/hu/文档/jdk/jre/lib/amd64/server/libjvm.so
7fc6a5b7c000-7fc6a5d7c000 ---p 00b62000 08:06 1325344                    /home/hu/文档/jdk/jre/lib/amd64/server/libjvm.so
7fc6a5d7c000-7fc6a5e3f000 rw-p 00b62000 08:06 1325344                    /home/hu/文档/jdk/jre/lib/amd64/server/libjvm.so
7fc6a5e3f000-7fc6a5e80000 rw-p 00000000 00:00 0 
7fc6a5e80000-7fc6a603b000 r-xp 00000000 08:06 2379                       /lib/x86_64-linux-gnu/libc-2.19.so
7fc6a603b000-7fc6a623b000 ---p 001bb000 08:06 2379                       /lib/x86_64-linux-gnu/libc-2.19.so
7fc6a623b000-7fc6a623f000 r--p 001bb000 08:06 2379                       /lib/x86_64-linux-gnu/libc-2.19.so
7fc6a623f000-7fc6a6241000 rw-p 001bf000 08:06 2379                       /lib/x86_64-linux-gnu/libc-2.19.so
7fc6a6241000-7fc6a6246000 rw-p 00000000 00:00 0 
7fc6a6246000-7fc6a6249000 r-xp 00000000 08:06 2391                       /lib/x86_64-linux-gnu/libdl-2.19.so
7fc6a6249000-7fc6a6448000 ---p 00003000 08:06 2391                       /lib/x86_64-linux-gnu/libdl-2.19.so
7fc6a6448000-7fc6a6449000 r--p 00002000 08:06 2391                       /lib/x86_64-linux-gnu/libdl-2.19.so
7fc6a6449000-7fc6a644a000 rw-p 00003000 08:06 2391                       /lib/x86_64-linux-gnu/libdl-2.19.so
7fc6a644a000-7fc6a6460000 r-xp 00000000 08:06 794149                     /home/hu/文档/jdk/lib/amd64/jli/libjli.so
7fc6a6460000-7fc6a6660000 ---p 00016000 08:06 794149                     /home/hu/文档/jdk/lib/amd64/jli/libjli.so
7fc6a6660000-7fc6a6661000 rw-p 00016000 08:06 794149                     /home/hu/文档/jdk/lib/amd64/jli/libjli.so
7fc6a6661000-7fc6a667a000 r-xp 00000000 08:06 2392                       /lib/x86_64-linux-gnu/libpthread-2.19.so
7fc6a667a000-7fc6a6879000 ---p 00019000 08:06 2392                       /lib/x86_64-linux-gnu/libpthread-2.19.so
7fc6a6879000-7fc6a687a000 r--p 00018000 08:06 2392                       /lib/x86_64-linux-gnu/libpthread-2.19.so
7fc6a687a000-7fc6a687b000 rw-p 00019000 08:06 2392                       /lib/x86_64-linux-gnu/libpthread-2.19.so
7fc6a687b000-7fc6a687f000 rw-p 00000000 00:00 0 
7fc6a687f000-7fc6a68a2000 r-xp 00000000 08:06 2380                       /lib/x86_64-linux-gnu/ld-2.19.so
7fc6a68a3000-7fc6a68a4000 rw-p 00000000 00:00 0 
7fc6a68a4000-7fc6a68a8000 r--s 000f7000 08:06 1200946                    /home/hu/文档/jdk/jre/lib/ext/localedata.jar
7fc6a68a8000-7fc6a68ac000 r--s 0008a000 08:06 1200956                    /home/hu/文档/jdk/jre/lib/jsse.jar
7fc6a68ac000-7fc6a68d0000 rw-p 00000000 00:00 0 
7fc6a68d0000-7fc6a6982000 rw-p 00000000 00:00 0 
7fc6a6982000-7fc6a6985000 ---p 00000000 00:00 0 
7fc6a6985000-7fc6a6a87000 rw-p 00000000 00:00 0                          [stack:19355]
7fc6a6a87000-7fc6a6a95000 r--s 000b4000 08:06 794699                     /home/hu/文档/android-studio/sdk/build-tools/android-4.4W/lib/dx.jar
7fc6a6a95000-7fc6a6a9d000 rw-s 00000000 08:06 1582730                    /tmp/hsperfdata_hu/19346
7fc6a6a9d000-7fc6a6a9e000 rw-p 00000000 00:00 0 
7fc6a6a9e000-7fc6a6a9f000 ---p 00000000 00:00 0 
7fc6a6a9f000-7fc6a6aa1000 rw-p 00000000 00:00 0 
7fc6a6aa1000-7fc6a6aa2000 r--p 00022000 08:06 2380                       /lib/x86_64-linux-gnu/ld-2.19.so
7fc6a6aa2000-7fc6a6aa3000 rw-p 00023000 08:06 2380                       /lib/x86_64-linux-gnu/ld-2.19.so
7fc6a6aa3000-7fc6a6aa4000 rw-p 00000000 00:00 0 
7fff112a7000-7fff112cb000 rw-p 00000000 00:00 0                          [stack]
7fff113ca000-7fff113cc000 r-xp 00000000 00:00 0                          [vdso]
ffffffffff600000-ffffffffff601000 r-xp 00000000 00:00 0                  [vsyscall]

VM Arguments:
jvm_args: -Xmx1024M -Dawt.useSystemAAFontSettings=gasp 
java_command: /home/hu/文档/android-studio/sdk/build-tools/android-4.4W/lib/dx.jar --dex --num-threads=4 --output /home/hu/文档/android project/okm_android/main/build/intermediates/dex/debug /home/hu/文档/android project/okm_android/main/build/intermediates/classes/debug /home/hu/文档/android project/okm_android/main/build/intermediates/dependency-cache/debug /home/hu/文档/android project/okm_android/main/build/intermediates/pre-dexed/debug/classes-0d7a832686d45b04b6d99a8d9eeadb683c449487.jar /home/hu/文档/android project/okm_android/main/build/intermediates/pre-dexed/debug/AndroidEasingFunctions-1.0.0-6a6b9f91f9545be9c43dc985f35bfac79a55202b.jar /home/hu/文档/android project/okm_android/main/build/intermediates/pre-dexed/debug/okhttp-1.2.1-fb4fd075bd029504d3119d15f1a7c87d2ed1decb.jar /home/hu/文档/android project/okm_android/main/build/intermediates/pre-dexed/debug/AMap_2DMap_V2.3.0-16cb10d2bd60893ca4491a53e180ed8697aa9bac.jar /home/hu/文档/android project/okm_android/main/build/intermediates/pre-dexed/debug/ShareSDK-Core-2.4.0-8b8f34d2158d882b3d65833a1de81796efaf2fcf.jar /home/hu/文档/android project/okm_android/main/build/intermediates/pre-dexed/debug/ShareSDK-Wechat-Core-2.4.0-cdae2e1108167826517a7758441be77e0b55a64e.jar /home/hu/文档/android project/okm_android/main/build/intermediates/pre-dexed/debug/AndroidViewAnimations-1.1.2-4fb25829db4b157466d72ef539774bed2f0c50bd.jar /home/hu/文档/android project/okm_android/main/build/intermediates/pre-dexed/debug/NineOldAndroid-2.4.0-3a156e5c49662c8f5ba2254f430798cfc57083fc.jar /home/hu/文档/android project/okm_android/main/build/intermediates/pre-dexed/debug/ShareSDK-Wechat-Moments-2.4.0-f00a903df5c34e2b90c63ca3582e57c452f38586.jar /home/hu/文档/android project/okm_android/main/build/intermediates/pre-dexed/debug/Android_Location_V1.3.0-b1cb50fe74f0d917d2f1724d19580767e87c060f.jar /home/hu/文档/android project/okm_android/main/build/intermediates/pre-dexed/debug/ShareSDK-SinaWeibo-2.4.0-
Launcher Type: SUN_STANDARD

Environment Variables:
JAVA_HOME=/home/hu/文档/jdk
_JAVA_OPTIONS=  -Dawt.useSystemAAFontSettings=gasp
CLASSPATH=./../lib/bootstrap.jar:./../lib/extensions.jar:./../lib/util.jar:./../lib/jdom.jar:./../lib/log4j.jar:./../lib/trove4j.jar:./../lib/jna.jar:/home/hu/文档/jdk/lib/tools.jar
PATH=/usr/local/sbin:/usr/local/bin:/usr/sbin:/usr/bin:/sbin:/bin:/usr/games:/usr/local/games
LD_LIBRARY_PATH=.:
SHELL=/bin/bash
DISPLAY=:0.0

Signal Handlers:
SIGSEGV: [libjvm.so+0x993980], sa_mask[0]=0x7ffbfeff, sa_flags=0x10000004
SIGBUS: [libjvm.so+0x993980], sa_mask[0]=0x7ffbfeff, sa_flags=0x10000004
SIGFPE: [libjvm.so+0x8106e0], sa_mask[0]=0x7ffbfeff, sa_flags=0x10000004
SIGPIPE: [libjvm.so+0x8106e0], sa_mask[0]=0x7ffbfeff, sa_flags=0x10000004
SIGXFSZ: [libjvm.so+0x8106e0], sa_mask[0]=0x7ffbfeff, sa_flags=0x10000004
SIGILL: [libjvm.so+0x8106e0], sa_mask[0]=0x7ffbfeff, sa_flags=0x10000004
SIGUSR1: SIG_DFL, sa_mask[0]=0x00000000, sa_flags=0x00000000
SIGUSR2: [libjvm.so+0x811bd0], sa_mask[0]=0x00000004, sa_flags=0x10000004
SIGHUP: [libjvm.so+0x812b40], sa_mask[0]=0x7ffbfeff, sa_flags=0x10000004
SIGINT: [libjvm.so+0x812b40], sa_mask[0]=0x7ffbfeff, sa_flags=0x10000004
SIGTERM: [libjvm.so+0x812b40], sa_mask[0]=0x7ffbfeff, sa_flags=0x10000004
SIGQUIT: [libjvm.so+0x812b40], sa_mask[0]=0x7ffbfeff, sa_flags=0x10000004


---------------  S Y S T E M  ---------------

OS:wheezy/sid

uname:Linux 3.13.0-36-generic #63-Ubuntu SMP Wed Sep 3 21:30:07 UTC 2014 x86_64
libc:glibc 2.19 NPTL 2.19 
rlimit: STACK 8192k, CORE 0k, NPROC 31310, NOFILE 4096, AS infinity
load average:5.65 2.03 1.20

/proc/meminfo:
MemTotal:        4029432 kB
MemFree:          119704 kB
Buffers:             452 kB
Cached:           108828 kB
SwapCached:            0 kB
Active:          3527564 kB
Inactive:          90568 kB
Active(anon):    3510312 kB
Inactive(anon):    72592 kB
Active(file):      17252 kB
Inactive(file):    17976 kB
Unevictable:          32 kB
Mlocked:              32 kB
SwapTotal:             0 kB
SwapFree:              0 kB
Dirty:              4172 kB
Writeback:             0 kB
AnonPages:       3509112 kB
Mapped:            91572 kB
Shmem:             73824 kB
Slab:              65156 kB
SReclaimable:      28444 kB
SUnreclaim:        36712 kB
KernelStack:        5216 kB
PageTables:        39332 kB
NFS_Unstable:          0 kB
Bounce:                0 kB
WritebackTmp:          0 kB
CommitLimit:     2014716 kB
Committed_AS:    7196864 kB
VmallocTotal:   34359738367 kB
VmallocUsed:      328164 kB
VmallocChunk:   34359332904 kB
HardwareCorrupted:     0 kB
AnonHugePages:   1896448 kB
HugePages_Total:       0
HugePages_Free:        0
HugePages_Rsvd:        0
HugePages_Surp:        0
Hugepagesize:       2048 kB
DirectMap4k:       78080 kB
DirectMap2M:     4098048 kB


CPU:total 4 (2 cores per cpu, 2 threads per core) family 6 model 42 stepping 7, cmov, cx8, fxsr, mmx, sse, sse2, sse3, ssse3, sse4.1, sse4.2, popcnt, avx, aes, ht, tsc, tscinvbit

/proc/cpuinfo:
processor	: 0
vendor_id	: GenuineIntel
cpu family	: 6
model		: 42
model name	: Intel(R) Core(TM) i5-2520M CPU @ 2.50GHz
stepping	: 7
microcode	: 0x18
cpu MHz		: 2501.000
cache size	: 3072 KB
physical id	: 0
siblings	: 4
core id		: 0
cpu cores	: 2
apicid		: 0
initial apicid	: 0
fpu		: yes
fpu_exception	: yes
cpuid level	: 13
wp		: yes
flags		: fpu vme de pse tsc msr pae mce cx8 apic sep mtrr pge mca cmov pat pse36 clflush dts acpi mmx fxsr sse sse2 ss ht tm pbe syscall nx rdtscp lm constant_tsc arch_perfmon pebs bts rep_good nopl xtopology nonstop_tsc aperfmperf eagerfpu pni pclmulqdq dtes64 monitor ds_cpl vmx smx est tm2 ssse3 cx16 xtpr pdcm pcid sse4_1 sse4_2 x2apic popcnt tsc_deadline_timer aes xsave avx lahf_lm ida arat epb xsaveopt pln pts dtherm tpr_shadow vnmi flexpriority ept vpid
bogomips	: 4988.37
clflush size	: 64
cache_alignment	: 64
address sizes	: 36 bits physical, 48 bits virtual
power management:

processor	: 1
vendor_id	: GenuineIntel
cpu family	: 6
model		: 42
model name	: Intel(R) Core(TM) i5-2520M CPU @ 2.50GHz
stepping	: 7
microcode	: 0x18
cpu MHz		: 1000.000
cache size	: 3072 KB
physical id	: 0
siblings	: 4
core id		: 0
cpu cores	: 2
apicid		: 1
initial apicid	: 1
fpu		: yes
fpu_exception	: yes
cpuid level	: 13
wp		: yes
flags		: fpu vme de pse tsc msr pae mce cx8 apic sep mtrr pge mca cmov pat pse36 clflush dts acpi mmx fxsr sse sse2 ss ht tm pbe syscall nx rdtscp lm constant_tsc arch_perfmon pebs bts rep_good nopl xtopology nonstop_tsc aperfmperf eagerfpu pni pclmulqdq dtes64 monitor ds_cpl vmx smx est tm2 ssse3 cx16 xtpr pdcm pcid sse4_1 sse4_2 x2apic popcnt tsc_deadline_timer aes xsave avx lahf_lm ida arat epb xsaveopt pln pts dtherm tpr_shadow vnmi flexpriority ept vpid
bogomips	: 4988.37
clflush size	: 64
cache_alignment	: 64
address sizes	: 36 bits physical, 48 bits virtual
power management:

processor	: 2
vendor_id	: GenuineIntel
cpu family	: 6
model		: 42
model name	: Intel(R) Core(TM) i5-2520M CPU @ 2.50GHz
stepping	: 7
microcode	: 0x18
cpu MHz		: 2501.000
cache size	: 3072 KB
physical id	: 0
siblings	: 4
core id		: 1
cpu cores	: 2
apicid		: 2
initial apicid	: 2
fpu		: yes
fpu_exception	: yes
cpuid level	: 13
wp		: yes
flags		: fpu vme de pse tsc msr pae mce cx8 apic sep mtrr pge mca cmov pat pse36 clflush dts acpi mmx fxsr sse sse2 ss ht tm pbe syscall nx rdtscp lm constant_tsc arch_perfmon pebs bts rep_good nopl xtopology nonstop_tsc aperfmperf eagerfpu pni pclmulqdq dtes64 monitor ds_cpl vmx smx est tm2 ssse3 cx16 xtpr pdcm pcid sse4_1 sse4_2 x2apic popcnt tsc_deadline_timer aes xsave avx lahf_lm ida arat epb xsaveopt pln pts dtherm tpr_shadow vnmi flexpriority ept vpid
bogomips	: 4988.37
clflush size	: 64
cache_alignment	: 64
address sizes	: 36 bits physical, 48 bits virtual
power management:

processor	: 3
vendor_id	: GenuineIntel
cpu family	: 6
model		: 42
model name	: Intel(R) Core(TM) i5-2520M CPU @ 2.50GHz
stepping	: 7
microcode	: 0x18
cpu MHz		: 800.000
cache size	: 3072 KB
physical id	: 0
siblings	: 4
core id		: 1
cpu cores	: 2
apicid		: 3
initial apicid	: 3
fpu		: yes
fpu_exception	: yes
cpuid level	: 13
wp		: yes
flags		: fpu vme de pse tsc msr pae mce cx8 apic sep mtrr pge mca cmov pat pse36 clflush dts acpi mmx fxsr sse sse2 ss ht tm pbe syscall nx rdtscp lm constant_tsc arch_perfmon pebs bts rep_good nopl xtopology nonstop_tsc aperfmperf eagerfpu pni pclmulqdq dtes64 monitor ds_cpl vmx smx est tm2 ssse3 cx16 xtpr pdcm pcid sse4_1 sse4_2 x2apic popcnt tsc_deadline_timer aes xsave avx lahf_lm ida arat epb xsaveopt pln pts dtherm tpr_shadow vnmi flexpriority ept vpid
bogomips	: 4988.37
clflush size	: 64
cache_alignment	: 64
address sizes	: 36 bits physical, 48 bits virtual
power management:



Memory: 4k page, physical 4029432k(119704k free), swap 0k(0k free)

vm_info: Java HotSpot(TM) 64-Bit Server VM (24.55-b03) for linux-amd64 JRE (1.7.0_55-b13), built on Mar 17 2014 19:43:58 by "java_re" with gcc 4.3.0 20080428 (Red Hat 4.3.0-8)

time: Thu Oct  9 22:23:21 2014
elapsed time: 25 seconds

