#
# There is insufficient memory for the Java Runtime Environment to continue.
# Native memory allocation (malloc) failed to allocate 78643200 bytes for committing reserved memory.
# Possible reasons:
#   The system is out of physical RAM or swap space
#   In 32 bit mode, the process size limit was hit
# Possible solutions:
#   Reduce memory load on the system
#   Increase physical memory or swap space
#   Check if swap backing store is full
#   Use 64 bit Java on a 64 bit OS
#   Decrease Java heap size (-Xmx/-Xms)
#   Decrease number of Java threads
#   Decrease Java thread stack sizes (-Xss)
#   Set larger code cache with -XX:ReservedCodeCacheSize=
# This output file may be truncated or incomplete.
#
#  Out of Memory Error (os_linux.cpp:2798), pid=22272, tid=139657448756992
#
# JRE version: OpenJDK Runtime Environment (7.0_65-b32) (build 1.7.0_65-b32)
# Java VM: OpenJDK 64-Bit Server VM (24.65-b04 mixed mode linux-amd64 compressed oops)
# Derivative: IcedTea 2.5.2
# Distribution: Ubuntu 14.04 LTS, package 7u65-2.5.2-3~14.04
# Failed to write core dump. Core dumps have been disabled. To enable core dumping, try "ulimit -c unlimited" before starting Java again
#

---------------  T H R E A D  ---------------

Current thread (0x00007f048c13e800):  VMThread [stack: 0x00007f04888f9000,0x00007f04889fa000] [id=22285]

Stack: [0x00007f04888f9000,0x00007f04889fa000],  sp=0x00007f04889f8490,  free space=1021k
Native frames: (J=compiled Java code, j=interpreted, Vv=VM code, C=native code)
V  [libjvm.so+0x9486a5]  VMError::report_and_die()+0x175
V  [libjvm.so+0x48b904]  report_vm_out_of_memory(char const*, int, unsigned long, char const*)+0x74
V  [libjvm.so+0x7c76ab]  os::pd_commit_memory(char*, unsigned long, unsigned long, bool)+0xeb
V  [libjvm.so+0x7c216f]  os::commit_memory(char*, unsigned long, unsigned long, bool)+0x1f
V  [libjvm.so+0x8338fb]  PSVirtualSpace::expand_by(unsigned long)+0x5b
V  [libjvm.so+0x834750]  PSYoungGen::resize_generation(unsigned long, unsigned long)+0xb0
V  [libjvm.so+0x834e3b]  PSYoungGen::resize(unsigned long, unsigned long)+0x1b
V  [libjvm.so+0x831120]  PSScavenge::invoke_no_policy()+0xde0
V  [libjvm.so+0x8318f8]  PSScavenge::invoke()+0x38
V  [libjvm.so+0x7e82d3]  ParallelScavengeHeap::failed_mem_allocate(unsigned long)+0x63
V  [libjvm.so+0x94a0a4]  VM_ParallelGCFailedAllocation::doit()+0x84
V  [libjvm.so+0x94e597]  VM_Operation::evaluate()+0x47
V  [libjvm.so+0x94cf08]  VMThread::evaluate_operation(VM_Operation*)+0x318
V  [libjvm.so+0x94d369]  VMThread::loop()+0x219
V  [libjvm.so+0x94d7b2]  VMThread::run()+0x72
V  [libjvm.so+0x7c4572]  java_start(Thread*)+0xf2

VM_Operation (0x00007f0494b11330): ParallelGCFailedAllocation, mode: safepoint, requested by thread 0x00007f048c00c000


---------------  P R O C E S S  ---------------

Java Threads: ( => current thread )
  0x00007f048c16f000 JavaThread "Service Thread" daemon [_thread_blocked, id=22291, stack(0x00007f04819cf000,0x00007f0481ad0000)]
  0x00007f048c16d000 JavaThread "C2 CompilerThread1" daemon [_thread_blocked, id=22290, stack(0x00007f04880c7000,0x00007f04881c8000)]
  0x00007f048c16a000 JavaThread "C2 CompilerThread0" daemon [_thread_blocked, id=22289, stack(0x00007f04881c8000,0x00007f04882c9000)]
  0x00007f048c167800 JavaThread "Signal Dispatcher" daemon [_thread_blocked, id=22288, stack(0x00007f04882c9000,0x00007f04883ca000)]
  0x00007f048c145000 JavaThread "Finalizer" daemon [_thread_blocked, id=22287, stack(0x00007f04886f7000,0x00007f04887f8000)]
  0x00007f048c143000 JavaThread "Reference Handler" daemon [_thread_blocked, id=22286, stack(0x00007f04887f8000,0x00007f04888f9000)]
  0x00007f048c00c000 JavaThread "main" [_thread_blocked, id=22280, stack(0x00007f0494a12000,0x00007f0494b13000)]

Other Threads:
=>0x00007f048c13e800 VMThread [stack: 0x00007f04888f9000,0x00007f04889fa000] [id=22285]
  0x00007f048c17a000 WatcherThread [stack: 0x00007f04818ce000,0x00007f04819cf000] [id=22292]

VM state:at safepoint (normal execution)

VM Mutex/Monitor currently owned by a thread:  ([mutex/lock_event])
[0x00007f048c008500] Threads_lock - owner thread: 0x00007f048c13e800
[0x00007f048c008a00] Heap_lock - owner thread: 0x00007f048c00c000

Heap
 PSYoungGen      total 211968K, used 8007K [0x00000000eaa80000, 0x00000000f8380000, 0x0000000100000000)
  eden space 202240K, 0% used [0x00000000eaa80000,0x00000000eaa80000,0x00000000f7000000)
  from space 9728K, 82% used [0x00000000f7000000,0x00000000f77d1cd8,0x00000000f7980000)
  to   space 9216K, 0% used [0x00000000f7980000,0x00000000f7980000,0x00000000f8280000)
 ParOldGen       total 49152K, used 28103K [0x00000000c0000000, 0x00000000c3000000, 0x00000000eaa80000)
  object space 49152K, 57% used [0x00000000c0000000,0x00000000c1b71ee8,0x00000000c3000000)
 PSPermGen       total 21504K, used 7621K [0x00000000b5a00000, 0x00000000b6f00000, 0x00000000c0000000)
  object space 21504K, 35% used [0x00000000b5a00000,0x00000000b61715a0,0x00000000b6f00000)

Card table byte_map: [0x00007f0491401000,0x00007f0491655000] byte_map_base: 0x00007f0490e54000

Polling page: 0x00007f0494b30000

Code Cache  [0x00007f0489000000, 0x00007f0489380000, 0x00007f048c000000)
 total_blobs=1327 nmethods=1072 adapters=208 free_code_cache=45630Kb largest_free_block=46673856

Compilation events (10 events):
Event: 10.528 Thread 0x00007f048c16a000 nmethod 1081 0x00007f04892a01d0 code [0x00007f04892a0300, 0x00007f04892a0358]
Event: 10.528 Thread 0x00007f048c16a000 1082             com.android.dx.io.instructions.InstructionCodec$7::decode (50 bytes)
Event: 10.529 Thread 0x00007f048c16d000 nmethod 1079 0x00007f048929fdd0 code [0x00007f048929ff20, 0x00007f04892a0098]
Event: 10.529 Thread 0x00007f048c16d000 1083             com.android.dx.io.instructions.InstructionCodec$7::encode (23 bytes)
Event: 10.530 Thread 0x00007f048c16d000 nmethod 1083 0x00007f04892de210 code [0x00007f04892de360, 0x00007f04892de4b8]
Event: 10.530 Thread 0x00007f048c16a000 nmethod 1082 0x00007f04892ddd50 code [0x00007f04892ddea0, 0x00007f04892de078]
Event: 10.791 Thread 0x00007f048c16d000 1084             java.util.ComparableTimSort::mergeLo (652 bytes)
Event: 10.797 Thread 0x00007f048c16a000 1085             com.android.dx.io.instructions.InstructionCodec$12::decode (56 bytes)
Event: 10.800 Thread 0x00007f048c16a000 nmethod 1085 0x00007f04892dd890 code [0x00007f04892dd9e0, 0x00007f04892ddbb8]
Event: 10.800 Thread 0x00007f048c16a000 1086             com.android.dx.io.instructions.InstructionCodec$12::encode (48 bytes)

GC Heap History (10 events):
Event: 7.358 GC heap after
Heap after GC invocations=7 (full 0):
 PSYoungGen      total 72192K, used 8548K [0x00000000eaa80000, 0x00000000f3880000, 0x0000000100000000)
  eden space 63488K, 0% used [0x00000000eaa80000,0x00000000eaa80000,0x00000000ee880000)
  from space 8704K, 98% used [0x00000000ee880000,0x00000000ef0d9310,0x00000000ef100000)
  to   space 9216K, 0% used [0x00000000f2f80000,0x00000000f2f80000,0x00000000f3880000)
 ParOldGen       total 41984K, used 19055K [0x00000000c0000000, 0x00000000c2900000, 0x00000000eaa80000)
  object space 41984K, 45% used [0x00000000c0000000,0x00000000c129bd40,0x00000000c2900000)
 PSPermGen       total 21504K, used 7498K [0x00000000b5a00000, 0x00000000b6f00000, 0x00000000c0000000)
  object space 21504K, 34% used [0x00000000b5a00000,0x00000000b6152be0,0x00000000b6f00000)
}
Event: 7.590 GC heap before
{Heap before GC invocations=8 (full 0):
 PSYoungGen      total 72192K, used 72036K [0x00000000eaa80000, 0x00000000f3880000, 0x0000000100000000)
  eden space 63488K, 100% used [0x00000000eaa80000,0x00000000ee880000,0x00000000ee880000)
  from space 8704K, 98% used [0x00000000ee880000,0x00000000ef0d9310,0x00000000ef100000)
  to   space 9216K, 0% used [0x00000000f2f80000,0x00000000f2f80000,0x00000000f3880000)
 ParOldGen       total 41984K, used 19055K [0x00000000c0000000, 0x00000000c2900000, 0x00000000eaa80000)
  object space 41984K, 45% used [0x00000000c0000000,0x00000000c129bd40,0x00000000c2900000)
 PSPermGen       total 21504K, used 7511K [0x00000000b5a00000, 0x00000000b6f00000, 0x00000000c0000000)
  object space 21504K, 34% used [0x00000000b5a00000,0x00000000b6155fe0,0x00000000b6f00000)
Event: 7.617 GC heap after
Heap after GC invocations=8 (full 0):
 PSYoungGen      total 135680K, used 7711K [0x00000000eaa80000, 0x00000000f3980000, 0x0000000100000000)
  eden space 126464K, 0% used [0x00000000eaa80000,0x00000000eaa80000,0x00000000f2600000)
  from space 9216K, 83% used [0x00000000f2f80000,0x00000000f3707de8,0x00000000f3880000)
  to   space 9728K, 0% used [0x00000000f2600000,0x00000000f2600000,0x00000000f2f80000)
 ParOldGen       total 41984K, used 24919K [0x00000000c0000000, 0x00000000c2900000, 0x00000000eaa80000)
  object space 41984K, 59% used [0x00000000c0000000,0x00000000c1855d50,0x00000000c2900000)
 PSPermGen       total 21504K, used 7511K [0x00000000b5a00000, 0x00000000b6f00000, 0x00000000c0000000)
  object space 21504K, 34% used [0x00000000b5a00000,0x00000000b6155fe0,0x00000000b6f00000)
}
Event: 7.974 GC heap before
{Heap before GC invocations=9 (full 0):
 PSYoungGen      total 135680K, used 134175K [0x00000000eaa80000, 0x00000000f3980000, 0x0000000100000000)
  eden space 126464K, 100% used [0x00000000eaa80000,0x00000000f2600000,0x00000000f2600000)
  from space 9216K, 83% used [0x00000000f2f80000,0x00000000f3707de8,0x00000000f3880000)
  to   space 9728K, 0% used [0x00000000f2600000,0x00000000f2600000,0x00000000f2f80000)
 ParOldGen       total 41984K, used 24919K [0x00000000c0000000, 0x00000000c2900000, 0x00000000eaa80000)
  object space 41984K, 59% used [0x00000000c0000000,0x00000000c1855d50,0x00000000c2900000)
 PSPermGen       total 21504K, used 7614K [0x00000000b5a00000, 0x00000000b6f00000, 0x00000000c0000000)
  object space 21504K, 35% used [0x00000000b5a00000,0x00000000b616f838,0x00000000b6f00000)
Event: 7.981 GC heap after
Heap after GC invocations=9 (full 0):
 PSYoungGen      total 136192K, used 6105K [0x00000000eaa80000, 0x00000000f8280000, 0x0000000100000000)
  eden space 126464K, 0% used [0x00000000eaa80000,0x00000000eaa80000,0x00000000f2600000)
  from space 9728K, 62% used [0x00000000f2600000,0x00000000f2bf6480,0x00000000f2f80000)
  to   space 9216K, 0% used [0x00000000f7980000,0x00000000f7980000,0x00000000f8280000)
 ParOldGen       total 41984K, used 28816K [0x00000000c0000000, 0x00000000c2900000, 0x00000000eaa80000)
  object space 41984K, 68% used [0x00000000c0000000,0x00000000c1c243c0,0x00000000c2900000)
 PSPermGen       total 21504K, used 7614K [0x00000000b5a00000, 0x00000000b6f00000, 0x00000000c0000000)
  object space 21504K, 35% used [0x00000000b5a00000,0x00000000b616f838,0x00000000b6f00000)
}
Event: 8.223 GC heap before
{Heap before GC invocations=10 (full 0):
 PSYoungGen      total 136192K, used 132569K [0x00000000eaa80000, 0x00000000f8280000, 0x0000000100000000)
  eden space 126464K, 100% used [0x00000000eaa80000,0x00000000f2600000,0x00000000f2600000)
  from space 9728K, 62% used [0x00000000f2600000,0x00000000f2bf6480,0x00000000f2f80000)
  to   space 9216K, 0% used [0x00000000f7980000,0x00000000f7980000,0x00000000f8280000)
 ParOldGen       total 41984K, used 28816K [0x00000000c0000000, 0x00000000c2900000, 0x00000000eaa80000)
  object space 41984K, 68% used [0x00000000c0000000,0x00000000c1c243c0,0x00000000c2900000)
 PSPermGen       total 21504K, used 7616K [0x00000000b5a00000, 0x00000000b6f00000, 0x00000000c0000000)
  object space 21504K, 35% used [0x00000000b5a00000,0x00000000b6170170,0x00000000b6f00000)
Event: 9.017 GC heap after
Heap after GC invocations=10 (full 0):
 PSYoungGen      total 211456K, used 7996K [0x00000000eaa80000, 0x00000000f8380000, 0x0000000100000000)
  eden space 202240K, 0% used [0x00000000eaa80000,0x00000000eaa80000,0x00000000f7000000)
  from space 9216K, 86% used [0x00000000f7980000,0x00000000f814f2e8,0x00000000f8280000)
  to   space 9728K, 0% used [0x00000000f7000000,0x00000000f7000000,0x00000000f7980000)
 ParOldGen       total 41984K, used 36057K [0x00000000c0000000, 0x00000000c2900000, 0x00000000eaa80000)
  object space 41984K, 85% used [0x00000000c0000000,0x00000000c23367a0,0x00000000c2900000)
 PSPermGen       total 21504K, used 7616K [0x00000000b5a00000, 0x00000000b6f00000, 0x00000000c0000000)
  object space 21504K, 35% used [0x00000000b5a00000,0x00000000b6170170,0x00000000b6f00000)
}
Event: 9.313 GC heap before
{Heap before GC invocations=11 (full 1):
 PSYoungGen      total 211456K, used 7996K [0x00000000eaa80000, 0x00000000f8380000, 0x0000000100000000)
  eden space 202240K, 0% used [0x00000000eaa80000,0x00000000eaa80000,0x00000000f7000000)
  from space 9216K, 86% used [0x00000000f7980000,0x00000000f814f2e8,0x00000000f8280000)
  to   space 9728K, 0% used [0x00000000f7000000,0x00000000f7000000,0x00000000f7980000)
 ParOldGen       total 41984K, used 36057K [0x00000000c0000000, 0x00000000c2900000, 0x00000000eaa80000)
  object space 41984K, 85% used [0x00000000c0000000,0x00000000c23367a0,0x00000000c2900000)
 PSPermGen       total 21504K, used 7616K [0x00000000b5a00000, 0x00000000b6f00000, 0x00000000c0000000)
  object space 21504K, 35% used [0x00000000b5a00000,0x00000000b6170170,0x00000000b6f00000)
Event: 10.293 GC heap after
Heap after GC invocations=11 (full 1):
 PSYoungGen      total 211456K, used 0K [0x00000000eaa80000, 0x00000000f8380000, 0x0000000100000000)
  eden space 202240K, 0% used [0x00000000eaa80000,0x00000000eaa80000,0x00000000f7000000)
  from space 9216K, 0% used [0x00000000f7980000,0x00000000f7980000,0x00000000f8280000)
  to   space 9728K, 0% used [0x00000000f7000000,0x00000000f7000000,0x00000000f7980000)
 ParOldGen       total 49152K, used 20293K [0x00000000c0000000, 0x00000000c3000000, 0x00000000eaa80000)
  object space 49152K, 41% used [0x00000000c0000000,0x00000000c13d15c8,0x00000000c3000000)
 PSPermGen       total 21504K, used 7613K [0x00000000b5a00000, 0x00000000b6f00000, 0x00000000c0000000)
  object space 21504K, 35% used [0x00000000b5a00000,0x00000000b616f518,0x00000000b6f00000)
}
Event: 10.802 GC heap before
{Heap before GC invocations=12 (full 1):
 PSYoungGen      total 211456K, used 202240K [0x00000000eaa80000, 0x00000000f8380000, 0x0000000100000000)
  eden space 202240K, 100% used [0x00000000eaa80000,0x00000000f7000000,0x00000000f7000000)
  from space 9216K, 0% used [0x00000000f7980000,0x00000000f7980000,0x00000000f8280000)
  to   space 9728K, 0% used [0x00000000f7000000,0x00000000f7000000,0x00000000f7980000)
 ParOldGen       total 49152K, used 20293K [0x00000000c0000000, 0x00000000c3000000, 0x00000000eaa80000)
  object space 49152K, 41% used [0x00000000c0000000,0x00000000c13d15c8,0x00000000c3000000)
 PSPermGen       total 21504K, used 7621K [0x00000000b5a00000, 0x00000000b6f00000, 0x00000000c0000000)
  object space 21504K, 35% used [0x00000000b5a00000,0x00000000b61715a0,0x00000000b6f00000)

Deoptimization events (10 events):
Event: 7.577 Thread 0x00007f048c00c000 Uncommon trap: reason=array_check action=maybe_recompile pc=0x00007f0489328b3c method=java.util.TimSort.binarySort([Ljava/lang/Object;IIILjava/util/Comparator;)V @ 193
Event: 7.577 Thread 0x00007f048c00c000 Uncommon trap: reason=array_check action=maybe_recompile pc=0x00007f0489328b3c method=java.util.TimSort.binarySort([Ljava/lang/Object;IIILjava/util/Comparator;)V @ 193
Event: 7.577 Thread 0x00007f048c00c000 Uncommon trap: reason=array_check action=maybe_recompile pc=0x00007f0489328c0c method=java.util.TimSort.binarySort([Ljava/lang/Object;IIILjava/util/Comparator;)V @ 183
Event: 7.577 Thread 0x00007f048c00c000 Uncommon trap: reason=array_check action=maybe_recompile pc=0x00007f0489328b3c method=java.util.TimSort.binarySort([Ljava/lang/Object;IIILjava/util/Comparator;)V @ 193
Event: 7.641 Thread 0x00007f048c00c000 Uncommon trap: reason=array_check action=maybe_recompile pc=0x00007f0489313eb8 method=java.util.ComparableTimSort.binarySort([Ljava/lang/Object;III)V @ 193
Event: 7.686 Thread 0x00007f048c00c000 Uncommon trap: reason=array_check action=maybe_recompile pc=0x00007f0489313eb8 method=java.util.ComparableTimSort.binarySort([Ljava/lang/Object;III)V @ 193
Event: 7.895 Thread 0x00007f048c00c000 Uncommon trap: reason=array_check action=maybe_recompile pc=0x00007f048932e9c8 method=java.util.ComparableTimSort.binarySort([Ljava/lang/Object;III)V @ 215
Event: 7.958 Thread 0x00007f048c00c000 Uncommon trap: reason=array_check action=maybe_recompile pc=0x00007f048932e9c8 method=java.util.ComparableTimSort.binarySort([Ljava/lang/Object;III)V @ 215
Event: 8.008 Thread 0x00007f048c00c000 Uncommon trap: reason=array_check action=maybe_recompile pc=0x00007f0489370e20 method=java.util.ComparableTimSort.binarySort([Ljava/lang/Object;III)V @ 183
Event: 8.113 Thread 0x00007f048c00c000 Uncommon trap: reason=array_check action=maybe_recompile pc=0x00007f0489370e20 method=java.util.ComparableTimSort.binarySort([Ljava/lang/Object;III)V @ 183

Internal exceptions (10 events):
Event: 5.874 Thread 0x00007f048c00c000 Threw 0x00000000ec4488b8 at /build/buildd/openjdk-7-7u65-2.5.2/build/openjdk/hotspot/src/share/vm/prims/jvm.cpp:1247
Event: 5.876 Thread 0x00007f048c00c000 Threw 0x00000000ec450588 at /build/buildd/openjdk-7-7u65-2.5.2/build/openjdk/hotspot/src/share/vm/prims/jvm.cpp:1247
Event: 5.876 Thread 0x00007f048c00c000 Threw 0x00000000ec453280 at /build/buildd/openjdk-7-7u65-2.5.2/build/openjdk/hotspot/src/share/vm/prims/jvm.cpp:1247
Event: 6.229 Thread 0x00007f048c00c000 Threw 0x00000000ec65dde8 at /build/buildd/openjdk-7-7u65-2.5.2/build/openjdk/hotspot/src/share/vm/prims/jvm.cpp:1247
Event: 6.229 Thread 0x00007f048c00c000 Threw 0x00000000ec65df10 at /build/buildd/openjdk-7-7u65-2.5.2/build/openjdk/hotspot/src/share/vm/prims/jvm.cpp:1247
Event: 6.229 Thread 0x00007f048c00c000 Threw 0x00000000ec6605c0 at /build/buildd/openjdk-7-7u65-2.5.2/build/openjdk/hotspot/src/share/vm/prims/jvm.cpp:1247
Event: 6.229 Thread 0x00007f048c00c000 Threw 0x00000000ec6606e8 at /build/buildd/openjdk-7-7u65-2.5.2/build/openjdk/hotspot/src/share/vm/prims/jvm.cpp:1247
Event: 6.229 Thread 0x00007f048c00c000 Threw 0x00000000ec6610e8 at /build/buildd/openjdk-7-7u65-2.5.2/build/openjdk/hotspot/src/share/vm/prims/jvm.cpp:1247
Event: 6.229 Thread 0x00007f048c00c000 Threw 0x00000000ec661210 at /build/buildd/openjdk-7-7u65-2.5.2/build/openjdk/hotspot/src/share/vm/prims/jvm.cpp:1247
Event: 6.971 Thread 0x00007f048c00c000 Threw 0x00000000eb8246c8 at /build/buildd/openjdk-7-7u65-2.5.2/build/openjdk/hotspot/src/share/vm/prims/jvm.cpp:1247

Events (10 events):
Event: 8.008 Thread 0x00007f048c00c000 DEOPT PACKING pc=0x00007f0489370e20 sp=0x00007f0494b11440
Event: 8.008 Thread 0x00007f048c00c000 DEOPT UNPACKING pc=0x00007f0489039445 sp=0x00007f0494b11418 mode 2
Event: 8.113 Thread 0x00007f048c00c000 Uncommon trap: trap_request=0xffffffd6 fr.pc=0x00007f0489370e20
Event: 8.113 Thread 0x00007f048c00c000 DEOPT PACKING pc=0x00007f0489370e20 sp=0x00007f0494b11440
Event: 8.113 Thread 0x00007f048c00c000 DEOPT UNPACKING pc=0x00007f0489039445 sp=0x00007f0494b11418 mode 2
Event: 8.223 Executing VM operation: ParallelGCFailedAllocation
Event: 10.293 Executing VM operation: ParallelGCFailedAllocation done
Event: 10.394 Thread 0x00007f048c16a000 flushing nmethod 0x00007f048929fc90
Event: 10.528 Thread 0x00007f048c16a000 flushing nmethod 0x00007f04892dd250
Event: 10.801 Executing VM operation: ParallelGCFailedAllocation


Dynamic libraries:
00400000-00401000 r-xp 00000000 08:06 525475                             /usr/lib/jvm/java-7-openjdk-amd64/jre/bin/java
00600000-00601000 r--p 00000000 08:06 525475                             /usr/lib/jvm/java-7-openjdk-amd64/jre/bin/java
00601000-00602000 rw-p 00001000 08:06 525475                             /usr/lib/jvm/java-7-openjdk-amd64/jre/bin/java
01914000-01935000 rw-p 00000000 00:00 0                                  [heap]
b5a00000-b6f00000 rw-p 00000000 00:00 0 
b6f00000-c0000000 rw-p 00000000 00:00 0 
c0000000-c3000000 rw-p 00000000 00:00 0 
c3000000-eaa80000 rw-p 00000000 00:00 0 
eaa80000-f8380000 rw-p 00000000 00:00 0 
fce80000-100000000 rw-p 00000000 00:00 0 
7f043c000000-7f043c04f000 rw-p 00000000 00:00 0 
7f043c04f000-7f0440000000 ---p 00000000 00:00 0 
7f0444000000-7f044403d000 rw-p 00000000 00:00 0 
7f044403d000-7f0448000000 ---p 00000000 00:00 0 
7f0448000000-7f0448059000 rw-p 00000000 00:00 0 
7f0448059000-7f044c000000 ---p 00000000 00:00 0 
7f044c000000-7f044c021000 rw-p 00000000 00:00 0 
7f044c021000-7f0450000000 ---p 00000000 00:00 0 
7f0450000000-7f0450031000 rw-p 00000000 00:00 0 
7f0450031000-7f0454000000 ---p 00000000 00:00 0 
7f0454000000-7f0455bfa000 rw-p 00000000 00:00 0 
7f0455bfa000-7f0458000000 ---p 00000000 00:00 0 
7f0458000000-7f0458021000 rw-p 00000000 00:00 0 
7f0458021000-7f045c000000 ---p 00000000 00:00 0 
7f045c000000-7f045c021000 rw-p 00000000 00:00 0 
7f045c021000-7f0460000000 ---p 00000000 00:00 0 
7f0460000000-7f04615bf000 rw-p 00000000 00:00 0 
7f04615bf000-7f0464000000 ---p 00000000 00:00 0 
7f0464000000-7f0464021000 rw-p 00000000 00:00 0 
7f0464021000-7f0468000000 ---p 00000000 00:00 0 
7f0468000000-7f0468021000 rw-p 00000000 00:00 0 
7f0468021000-7f046c000000 ---p 00000000 00:00 0 
7f046c000000-7f046c021000 rw-p 00000000 00:00 0 
7f046c021000-7f0470000000 ---p 00000000 00:00 0 
7f0470000000-7f0470241000 rw-p 00000000 00:00 0 
7f0470241000-7f0474000000 ---p 00000000 00:00 0 
7f0474000000-7f0474021000 rw-p 00000000 00:00 0 
7f0474021000-7f0478000000 ---p 00000000 00:00 0 
7f047bbba000-7f047bbf7000 r-xp 00000000 08:06 2147                       /lib/x86_64-linux-gnu/libpcre.so.3.13.1
7f047bbf7000-7f047bdf6000 ---p 0003d000 08:06 2147                       /lib/x86_64-linux-gnu/libpcre.so.3.13.1
7f047bdf6000-7f047bdf7000 r--p 0003c000 08:06 2147                       /lib/x86_64-linux-gnu/libpcre.so.3.13.1
7f047bdf7000-7f047bdf8000 rw-p 0003d000 08:06 2147                       /lib/x86_64-linux-gnu/libpcre.so.3.13.1
7f047bdf8000-7f047bdff000 r-xp 00000000 08:06 268052                     /usr/lib/x86_64-linux-gnu/libffi.so.6.0.1
7f047bdff000-7f047bffe000 ---p 00007000 08:06 268052                     /usr/lib/x86_64-linux-gnu/libffi.so.6.0.1
7f047bffe000-7f047bfff000 r--p 00006000 08:06 268052                     /usr/lib/x86_64-linux-gnu/libffi.so.6.0.1
7f047bfff000-7f047c000000 rw-p 00007000 08:06 268052                     /usr/lib/x86_64-linux-gnu/libffi.so.6.0.1
7f047c000000-7f047c021000 rw-p 00000000 00:00 0 
7f047c021000-7f0480000000 ---p 00000000 00:00 0 
7f0480192000-7f04801a9000 r-xp 00000000 08:06 2372                       /lib/x86_64-linux-gnu/libresolv-2.19.so
7f04801a9000-7f04803a9000 ---p 00017000 08:06 2372                       /lib/x86_64-linux-gnu/libresolv-2.19.so
7f04803a9000-7f04803aa000 r--p 00017000 08:06 2372                       /lib/x86_64-linux-gnu/libresolv-2.19.so
7f04803aa000-7f04803ab000 rw-p 00018000 08:06 2372                       /lib/x86_64-linux-gnu/libresolv-2.19.so
7f04803ab000-7f04803ad000 rw-p 00000000 00:00 0 
7f04803ad000-7f04803cd000 r-xp 00000000 08:06 2174                       /lib/x86_64-linux-gnu/libselinux.so.1
7f04803cd000-7f04805cc000 ---p 00020000 08:06 2174                       /lib/x86_64-linux-gnu/libselinux.so.1
7f04805cc000-7f04805cd000 r--p 0001f000 08:06 2174                       /lib/x86_64-linux-gnu/libselinux.so.1
7f04805cd000-7f04805ce000 rw-p 00020000 08:06 2174                       /lib/x86_64-linux-gnu/libselinux.so.1
7f04805ce000-7f04805d0000 rw-p 00000000 00:00 0 
7f04805d0000-7f04805d3000 r-xp 00000000 08:06 268176                     /usr/lib/x86_64-linux-gnu/libgmodule-2.0.so.0.4000.0
7f04805d3000-7f04807d2000 ---p 00003000 08:06 268176                     /usr/lib/x86_64-linux-gnu/libgmodule-2.0.so.0.4000.0
7f04807d2000-7f04807d3000 r--p 00002000 08:06 268176                     /usr/lib/x86_64-linux-gnu/libgmodule-2.0.so.0.4000.0
7f04807d3000-7f04807d4000 rw-p 00003000 08:06 268176                     /usr/lib/x86_64-linux-gnu/libgmodule-2.0.so.0.4000.0
7f04807d4000-7f04808da000 r-xp 00000000 08:06 2075                       /lib/x86_64-linux-gnu/libglib-2.0.so.0.4000.0
7f04808da000-7f0480ad9000 ---p 00106000 08:06 2075                       /lib/x86_64-linux-gnu/libglib-2.0.so.0.4000.0
7f0480ad9000-7f0480ada000 r--p 00105000 08:06 2075                       /lib/x86_64-linux-gnu/libglib-2.0.so.0.4000.0
7f0480ada000-7f0480adb000 rw-p 00106000 08:06 2075                       /lib/x86_64-linux-gnu/libglib-2.0.so.0.4000.0
7f0480adb000-7f0480adc000 rw-p 00000000 00:00 0 
7f0480adc000-7f0480b2b000 r-xp 00000000 08:06 268190                     /usr/lib/x86_64-linux-gnu/libgobject-2.0.so.0.4000.0
7f0480b2b000-7f0480d2b000 ---p 0004f000 08:06 268190                     /usr/lib/x86_64-linux-gnu/libgobject-2.0.so.0.4000.0
7f0480d2b000-7f0480d2c000 r--p 0004f000 08:06 268190                     /usr/lib/x86_64-linux-gnu/libgobject-2.0.so.0.4000.0
7f0480d2c000-7f0480d2d000 rw-p 00050000 08:06 268190                     /usr/lib/x86_64-linux-gnu/libgobject-2.0.so.0.4000.0
7f0480d2d000-7f0480e98000 r-xp 00000000 08:06 268161                     /usr/lib/x86_64-linux-gnu/libgio-2.0.so.0.4000.0
7f0480e98000-7f0481098000 ---p 0016b000 08:06 268161                     /usr/lib/x86_64-linux-gnu/libgio-2.0.so.0.4000.0
7f0481098000-7f048109c000 r--p 0016b000 08:06 268161                     /usr/lib/x86_64-linux-gnu/libgio-2.0.so.0.4000.0
7f048109c000-7f048109e000 rw-p 0016f000 08:06 268161                     /usr/lib/x86_64-linux-gnu/libgio-2.0.so.0.4000.0
7f048109e000-7f04810a0000 rw-p 00000000 00:00 0 
7f04810a0000-7f04810b7000 r-xp 00000000 08:06 525424                     /usr/lib/jvm/java-7-openjdk-amd64/jre/lib/amd64/libnet.so
7f04810b7000-7f04812b6000 ---p 00017000 08:06 525424                     /usr/lib/jvm/java-7-openjdk-amd64/jre/lib/amd64/libnet.so
7f04812b6000-7f04812b7000 r--p 00016000 08:06 525424                     /usr/lib/jvm/java-7-openjdk-amd64/jre/lib/amd64/libnet.so
7f04812b7000-7f04812b8000 rw-p 00017000 08:06 525424                     /usr/lib/jvm/java-7-openjdk-amd64/jre/lib/amd64/libnet.so
7f04812b8000-7f04812c8000 r-xp 00000000 08:06 525415                     /usr/lib/jvm/java-7-openjdk-amd64/jre/lib/amd64/libnio.so
7f04812c8000-7f04814c8000 ---p 00010000 08:06 525415                     /usr/lib/jvm/java-7-openjdk-amd64/jre/lib/amd64/libnio.so
7f04814c8000-7f04814c9000 r--p 00010000 08:06 525415                     /usr/lib/jvm/java-7-openjdk-amd64/jre/lib/amd64/libnio.so
7f04814c9000-7f04814ca000 rw-p 00011000 08:06 525415                     /usr/lib/jvm/java-7-openjdk-amd64/jre/lib/amd64/libnio.so
7f04814ca000-7f04814cd000 ---p 00000000 00:00 0 
7f04814cd000-7f04815cb000 rw-p 00000000 00:00 0 
7f04815cb000-7f04815ce000 ---p 00000000 00:00 0 
7f04815ce000-7f04816cc000 rw-p 00000000 00:00 0 
7f04816cc000-7f04816cf000 ---p 00000000 00:00 0 
7f04816cf000-7f04817cd000 rw-p 00000000 00:00 0 
7f04817cd000-7f04817d0000 ---p 00000000 00:00 0 
7f04817d0000-7f04818ce000 rw-p 00000000 00:00 0 
7f04818ce000-7f04818cf000 ---p 00000000 00:00 0 
7f04818cf000-7f04819cf000 rw-p 00000000 00:00 0                          [stack:22292]
7f04819cf000-7f04819d2000 ---p 00000000 00:00 0 
7f04819d2000-7f0484000000 rw-p 00000000 00:00 0                          [stack:22291]
7f0484000000-7f0484021000 rw-p 00000000 00:00 0 
7f0484021000-7f0488000000 ---p 00000000 00:00 0 
7f04880c0000-7f04880c7000 r--s 00000000 08:06 278124                     /usr/lib/x86_64-linux-gnu/gconv/gconv-modules.cache
7f04880c7000-7f04880ca000 ---p 00000000 00:00 0 
7f04880ca000-7f04881c8000 rw-p 00000000 00:00 0                          [stack:22290]
7f04881c8000-7f04881cb000 ---p 00000000 00:00 0 
7f04881cb000-7f04882c9000 rw-p 00000000 00:00 0                          [stack:22289]
7f04882c9000-7f04882cc000 ---p 00000000 00:00 0 
7f04882cc000-7f04883ca000 rw-p 00000000 00:00 0                          [stack:22288]
7f04883ca000-7f04886f7000 r--p 00000000 08:06 147180                     /usr/lib/locale/locale-archive
7f04886f7000-7f04886fa000 ---p 00000000 00:00 0 
7f04886fa000-7f04887f8000 rw-p 00000000 00:00 0                          [stack:22287]
7f04887f8000-7f04887fb000 ---p 00000000 00:00 0 
7f04887fb000-7f04888f9000 rw-p 00000000 00:00 0                          [stack:22286]
7f04888f9000-7f04888fa000 ---p 00000000 00:00 0 
7f04888fa000-7f0489000000 rw-p 00000000 00:00 0                          [stack:22285]
7f0489000000-7f0489380000 rwxp 00000000 00:00 0 
7f0489380000-7f048c2ea000 rw-p 00000000 00:00 0 
7f048c2ea000-7f0490000000 ---p 00000000 00:00 0 
7f0490006000-7f049001a000 r--p 00000000 08:06 1324603                    /usr/share/locale-langpack/zh_CN/LC_MESSAGES/libc.mo
7f049001a000-7f049001f000 r--s 0004c000 08:06 525379                     /usr/lib/jvm/java-7-openjdk-amd64/jre/lib/jsse.jar
7f049001f000-7f049002d000 r--s 000b4000 08:06 794699                     /home/hu/文档/android-studio/sdk/build-tools/android-4.4W/lib/dx.jar
7f049002d000-7f049097f000 rw-p 00000000 00:00 0 
7f049097f000-7f0490b30000 r--s 01d21000 08:06 525364                     /usr/lib/jvm/java-7-openjdk-amd64/jre/lib/rt.jar
7f0490b30000-7f0490e54000 rw-p 00000000 00:00 0 
7f0490e54000-7f0490e55000 ---p 00000000 00:00 0 
7f0490e55000-7f0490f55000 rw-p 00000000 00:00 0                          [stack:22284]
7f0490f55000-7f0490f56000 ---p 00000000 00:00 0 
7f0490f56000-7f0491056000 rw-p 00000000 00:00 0                          [stack:22283]
7f0491056000-7f0491057000 ---p 00000000 00:00 0 
7f0491057000-7f0491157000 rw-p 00000000 00:00 0                          [stack:22282]
7f0491157000-7f0491158000 ---p 00000000 00:00 0 
7f0491158000-7f0491263000 rw-p 00000000 00:00 0                          [stack:22281]
7f0491263000-7f04912ab000 rw-p 00000000 00:00 0 
7f04912ab000-7f04912c3000 rw-p 00000000 00:00 0 
7f04912c3000-7f0491401000 rw-p 00000000 00:00 0 
7f0491401000-7f049140c000 rw-p 00000000 00:00 0 
7f049140c000-7f0491454000 rw-p 00000000 00:00 0 
7f0491454000-7f049146c000 rw-p 00000000 00:00 0 
7f049146c000-7f04915a9000 rw-p 00000000 00:00 0 
7f04915a9000-7f0491616000 rw-p 00000000 00:00 0 
7f0491616000-7f0491654000 rw-p 00000000 00:00 0 
7f0491654000-7f0491655000 rw-p 00000000 00:00 0 
7f0491655000-7f049165d000 r-xp 00000000 08:06 525410                     /usr/lib/jvm/java-7-openjdk-amd64/jre/lib/amd64/libzip.so
7f049165d000-7f049185c000 ---p 00008000 08:06 525410                     /usr/lib/jvm/java-7-openjdk-amd64/jre/lib/amd64/libzip.so
7f049185c000-7f049185d000 r--p 00007000 08:06 525410                     /usr/lib/jvm/java-7-openjdk-amd64/jre/lib/amd64/libzip.so
7f049185d000-7f049185e000 rw-p 00008000 08:06 525410                     /usr/lib/jvm/java-7-openjdk-amd64/jre/lib/amd64/libzip.so
7f049185e000-7f0491869000 r-xp 00000000 08:06 2386                       /lib/x86_64-linux-gnu/libnss_files-2.19.so
7f0491869000-7f0491a68000 ---p 0000b000 08:06 2386                       /lib/x86_64-linux-gnu/libnss_files-2.19.so
7f0491a68000-7f0491a69000 r--p 0000a000 08:06 2386                       /lib/x86_64-linux-gnu/libnss_files-2.19.so
7f0491a69000-7f0491a6a000 rw-p 0000b000 08:06 2386                       /lib/x86_64-linux-gnu/libnss_files-2.19.so
7f0491a6a000-7f0491a75000 r-xp 00000000 08:06 2387                       /lib/x86_64-linux-gnu/libnss_nis-2.19.so
7f0491a75000-7f0491c74000 ---p 0000b000 08:06 2387                       /lib/x86_64-linux-gnu/libnss_nis-2.19.so
7f0491c74000-7f0491c75000 r--p 0000a000 08:06 2387                       /lib/x86_64-linux-gnu/libnss_nis-2.19.so
7f0491c75000-7f0491c76000 rw-p 0000b000 08:06 2387                       /lib/x86_64-linux-gnu/libnss_nis-2.19.so
7f0491c76000-7f0491c8d000 r-xp 00000000 08:06 2373                       /lib/x86_64-linux-gnu/libnsl-2.19.so
7f0491c8d000-7f0491e8c000 ---p 00017000 08:06 2373                       /lib/x86_64-linux-gnu/libnsl-2.19.so
7f0491e8c000-7f0491e8d000 r--p 00016000 08:06 2373                       /lib/x86_64-linux-gnu/libnsl-2.19.so
7f0491e8d000-7f0491e8e000 rw-p 00017000 08:06 2373                       /lib/x86_64-linux-gnu/libnsl-2.19.so
7f0491e8e000-7f0491e90000 rw-p 00000000 00:00 0 
7f0491e90000-7f0491e99000 r-xp 00000000 08:06 1958                       /lib/x86_64-linux-gnu/libnss_compat-2.19.so
7f0491e99000-7f0492098000 ---p 00009000 08:06 1958                       /lib/x86_64-linux-gnu/libnss_compat-2.19.so
7f0492098000-7f0492099000 r--p 00008000 08:06 1958                       /lib/x86_64-linux-gnu/libnss_compat-2.19.so
7f0492099000-7f049209a000 rw-p 00009000 08:06 1958                       /lib/x86_64-linux-gnu/libnss_compat-2.19.so
7f049209a000-7f04920c5000 r-xp 00000000 08:06 525409                     /usr/lib/jvm/java-7-openjdk-amd64/jre/lib/amd64/libjava.so
7f04920c5000-7f04922c5000 ---p 0002b000 08:06 525409                     /usr/lib/jvm/java-7-openjdk-amd64/jre/lib/amd64/libjava.so
7f04922c5000-7f04922c6000 r--p 0002b000 08:06 525409                     /usr/lib/jvm/java-7-openjdk-amd64/jre/lib/amd64/libjava.so
7f04922c6000-7f04922c8000 rw-p 0002c000 08:06 525409                     /usr/lib/jvm/java-7-openjdk-amd64/jre/lib/amd64/libjava.so
7f04922c8000-7f04922d8000 r-xp 00000000 08:06 525438                     /usr/lib/jvm/java-7-openjdk-amd64/jre/lib/amd64/libverify.so
7f04922d8000-7f04924d7000 ---p 00010000 08:06 525438                     /usr/lib/jvm/java-7-openjdk-amd64/jre/lib/amd64/libverify.so
7f04924d7000-7f04924d9000 r--p 0000f000 08:06 525438                     /usr/lib/jvm/java-7-openjdk-amd64/jre/lib/amd64/libverify.so
7f04924d9000-7f04924da000 rw-p 00011000 08:06 525438                     /usr/lib/jvm/java-7-openjdk-amd64/jre/lib/amd64/libverify.so
7f04924da000-7f04924e1000 r-xp 00000000 08:06 2375                       /lib/x86_64-linux-gnu/librt-2.19.so
7f04924e1000-7f04926e0000 ---p 00007000 08:06 2375                       /lib/x86_64-linux-gnu/librt-2.19.so
7f04926e0000-7f04926e1000 r--p 00006000 08:06 2375                       /lib/x86_64-linux-gnu/librt-2.19.so
7f04926e1000-7f04926e2000 rw-p 00007000 08:06 2375                       /lib/x86_64-linux-gnu/librt-2.19.so
7f04926e2000-7f04926f8000 r-xp 00000000 08:06 2024                       /lib/x86_64-linux-gnu/libgcc_s.so.1
7f04926f8000-7f04928f7000 ---p 00016000 08:06 2024                       /lib/x86_64-linux-gnu/libgcc_s.so.1
7f04928f7000-7f04928f8000 rw-p 00015000 08:06 2024                       /lib/x86_64-linux-gnu/libgcc_s.so.1
7f04928f8000-7f04929fd000 r-xp 00000000 08:06 2382                       /lib/x86_64-linux-gnu/libm-2.19.so
7f04929fd000-7f0492bfc000 ---p 00105000 08:06 2382                       /lib/x86_64-linux-gnu/libm-2.19.so
7f0492bfc000-7f0492bfd000 r--p 00104000 08:06 2382                       /lib/x86_64-linux-gnu/libm-2.19.so
7f0492bfd000-7f0492bfe000 rw-p 00105000 08:06 2382                       /lib/x86_64-linux-gnu/libm-2.19.so
7f0492bfe000-7f0492ce4000 r-xp 00000000 08:06 268786                     /usr/lib/x86_64-linux-gnu/libstdc++.so.6.0.19
7f0492ce4000-7f0492ee3000 ---p 000e6000 08:06 268786                     /usr/lib/x86_64-linux-gnu/libstdc++.so.6.0.19
7f0492ee3000-7f0492eeb000 r--p 000e5000 08:06 268786                     /usr/lib/x86_64-linux-gnu/libstdc++.so.6.0.19
7f0492eeb000-7f0492eed000 rw-p 000ed000 08:06 268786                     /usr/lib/x86_64-linux-gnu/libstdc++.so.6.0.19
7f0492eed000-7f0492f02000 rw-p 00000000 00:00 0 
7f0492f02000-7f0493a18000 r-xp 00000000 08:06 525428                     /usr/lib/jvm/java-7-openjdk-amd64/jre/lib/amd64/server/libjvm.so
7f0493a18000-7f0493c17000 ---p 00b16000 08:06 525428                     /usr/lib/jvm/java-7-openjdk-amd64/jre/lib/amd64/server/libjvm.so
7f0493c17000-7f0493cb1000 r--p 00b15000 08:06 525428                     /usr/lib/jvm/java-7-openjdk-amd64/jre/lib/amd64/server/libjvm.so
7f0493cb1000-7f0493cd4000 rw-p 00baf000 08:06 525428                     /usr/lib/jvm/java-7-openjdk-amd64/jre/lib/amd64/server/libjvm.so
7f0493cd4000-7f0493d02000 rw-p 00000000 00:00 0 
7f0493d02000-7f0493d1a000 r-xp 00000000 08:06 2204                       /lib/x86_64-linux-gnu/libz.so.1.2.8
7f0493d1a000-7f0493f19000 ---p 00018000 08:06 2204                       /lib/x86_64-linux-gnu/libz.so.1.2.8
7f0493f19000-7f0493f1a000 r--p 00017000 08:06 2204                       /lib/x86_64-linux-gnu/libz.so.1.2.8
7f0493f1a000-7f0493f1b000 rw-p 00018000 08:06 2204                       /lib/x86_64-linux-gnu/libz.so.1.2.8
7f0493f1b000-7f0493f34000 r-xp 00000000 08:06 2392                       /lib/x86_64-linux-gnu/libpthread-2.19.so
7f0493f34000-7f0494133000 ---p 00019000 08:06 2392                       /lib/x86_64-linux-gnu/libpthread-2.19.so
7f0494133000-7f0494134000 r--p 00018000 08:06 2392                       /lib/x86_64-linux-gnu/libpthread-2.19.so
7f0494134000-7f0494135000 rw-p 00019000 08:06 2392                       /lib/x86_64-linux-gnu/libpthread-2.19.so
7f0494135000-7f0494139000 rw-p 00000000 00:00 0 
7f0494139000-7f049413c000 r-xp 00000000 08:06 2391                       /lib/x86_64-linux-gnu/libdl-2.19.so
7f049413c000-7f049433b000 ---p 00003000 08:06 2391                       /lib/x86_64-linux-gnu/libdl-2.19.so
7f049433b000-7f049433c000 r--p 00002000 08:06 2391                       /lib/x86_64-linux-gnu/libdl-2.19.so
7f049433c000-7f049433d000 rw-p 00003000 08:06 2391                       /lib/x86_64-linux-gnu/libdl-2.19.so
7f049433d000-7f04944f8000 r-xp 00000000 08:06 2379                       /lib/x86_64-linux-gnu/libc-2.19.so
7f04944f8000-7f04946f8000 ---p 001bb000 08:06 2379                       /lib/x86_64-linux-gnu/libc-2.19.so
7f04946f8000-7f04946fc000 r--p 001bb000 08:06 2379                       /lib/x86_64-linux-gnu/libc-2.19.so
7f04946fc000-7f04946fe000 rw-p 001bf000 08:06 2379                       /lib/x86_64-linux-gnu/libc-2.19.so
7f04946fe000-7f0494703000 rw-p 00000000 00:00 0 
7f0494703000-7f0494710000 r-xp 00000000 08:06 525443                     /usr/lib/jvm/java-7-openjdk-amd64/jre/lib/amd64/jli/libjli.so
7f0494710000-7f049490f000 ---p 0000d000 08:06 525443                     /usr/lib/jvm/java-7-openjdk-amd64/jre/lib/amd64/jli/libjli.so
7f049490f000-7f0494910000 r--p 0000c000 08:06 525443                     /usr/lib/jvm/java-7-openjdk-amd64/jre/lib/amd64/jli/libjli.so
7f0494910000-7f0494911000 rw-p 0000d000 08:06 525443                     /usr/lib/jvm/java-7-openjdk-amd64/jre/lib/amd64/jli/libjli.so
7f0494911000-7f0494934000 r-xp 00000000 08:06 2380                       /lib/x86_64-linux-gnu/ld-2.19.so
7f0494936000-7f0494937000 rw-p 00000000 00:00 0 
7f0494937000-7f049493a000 r--s 0000f000 08:06 525399                     /usr/lib/jvm/java-7-openjdk-amd64/jre/lib/ext/pulse-java.jar
7f049493a000-7f0494960000 rw-p 00000000 00:00 0 
7f0494960000-7f0494a12000 rw-p 00000000 00:00 0 
7f0494a12000-7f0494a15000 ---p 00000000 00:00 0 
7f0494a15000-7f0494b18000 rw-p 00000000 00:00 0                          [stack:22280]
7f0494b18000-7f0494b1a000 r--s 00012000 08:06 525402                     /usr/lib/jvm/java-7-openjdk-amd64/jre/lib/ext/zipfs.jar
7f0494b1a000-7f0494b1b000 r--s 00002000 08:06 525403                     /usr/lib/jvm/java-7-openjdk-amd64/jre/lib/ext/dnsns.jar
7f0494b1b000-7f0494b1f000 r--s 00085000 08:06 525404                     /usr/lib/jvm/java-7-openjdk-amd64/jre/lib/ext/localedata.jar
7f0494b1f000-7f0494b21000 r--s 00006000 08:06 1100041                    /usr/share/java/java-atk-wrapper.jar
7f0494b21000-7f0494b24000 r--s 00032000 08:06 525398                     /usr/lib/jvm/java-7-openjdk-amd64/jre/lib/ext/sunjce_provider.jar
7f0494b24000-7f0494b27000 r--s 0003c000 08:06 525400                     /usr/lib/jvm/java-7-openjdk-amd64/jre/lib/ext/sunpkcs11.jar
7f0494b27000-7f0494b2f000 rw-s 00000000 08:06 1584178                    /tmp/hsperfdata_hu/22272
7f0494b2f000-7f0494b30000 rw-p 00000000 00:00 0 
7f0494b30000-7f0494b31000 ---p 00000000 00:00 0 
7f0494b31000-7f0494b33000 rw-p 00000000 00:00 0 
7f0494b33000-7f0494b34000 r--p 00022000 08:06 2380                       /lib/x86_64-linux-gnu/ld-2.19.so
7f0494b34000-7f0494b35000 rw-p 00023000 08:06 2380                       /lib/x86_64-linux-gnu/ld-2.19.so
7f0494b35000-7f0494b36000 rw-p 00000000 00:00 0 
7fffe4435000-7fffe4459000 rw-p 00000000 00:00 0                          [stack]
7fffe44f9000-7fffe44fb000 r-xp 00000000 00:00 0                          [vdso]
ffffffffff600000-ffffffffff601000 r-xp 00000000 00:00 0                  [vsyscall]

VM Arguments:
jvm_args: -Xmx1024M -Dawt.useSystemAAFontSettings=gasp 
java_command: /home/hu/文档/android-studio/sdk/build-tools/android-4.4W/lib/dx.jar --dex --num-threads=4 --output /home/hu/文档/android project/okm_android/main/build/intermediates/dex/debug /home/hu/文档/android project/okm_android/main/build/intermediates/classes/debug /home/hu/文档/android project/okm_android/main/build/intermediates/dependency-cache/debug /home/hu/文档/android project/okm_android/main/build/intermediates/pre-dexed/debug/classes-0d7a832686d45b04b6d99a8d9eeadb683c449487.jar /home/hu/文档/android project/okm_android/main/build/intermediates/pre-dexed/debug/AndroidEasingFunctions-1.0.0-6a6b9f91f9545be9c43dc985f35bfac79a55202b.jar /home/hu/文档/android project/okm_android/main/build/intermediates/pre-dexed/debug/okhttp-1.2.1-fb4fd075bd029504d3119d15f1a7c87d2ed1decb.jar /home/hu/文档/android project/okm_android/main/build/intermediates/pre-dexed/debug/AMap_2DMap_V2.3.0-16cb10d2bd60893ca4491a53e180ed8697aa9bac.jar /home/hu/文档/android project/okm_android/main/build/intermediates/pre-dexed/debug/ShareSDK-Core-2.4.0-8b8f34d2158d882b3d65833a1de81796efaf2fcf.jar /home/hu/文档/android project/okm_android/main/build/intermediates/pre-dexed/debug/ShareSDK-Wechat-Core-2.4.0-cdae2e1108167826517a7758441be77e0b55a64e.jar /home/hu/文档/android project/okm_android/main/build/intermediates/pre-dexed/debug/AndroidViewAnimations-1.1.2-4fb25829db4b157466d72ef539774bed2f0c50bd.jar /home/hu/文档/android project/okm_android/main/build/intermediates/pre-dexed/debug/NineOldAndroid-2.4.0-3a156e5c49662c8f5ba2254f430798cfc57083fc.jar /home/hu/文档/android project/okm_android/main/build/intermediates/pre-dexed/debug/ShareSDK-Wechat-Moments-2.4.0-f00a903df5c34e2b90c63ca3582e57c452f38586.jar /home/hu/文档/android project/okm_android/main/build/intermediates/pre-dexed/debug/Android_Location_V1.3.0-b1cb50fe74f0d917d2f1724d19580767e87c060f.jar /home/hu/文档/android project/okm_android/main/build/intermediates/pre-dexed/debug/ShareSDK-SinaWeibo-2.4.0-
Launcher Type: SUN_STANDARD

Environment Variables:
JAVA_HOME=/home/hu/文档/jdk
_JAVA_OPTIONS=  -Dawt.useSystemAAFontSettings=gasp
CLASSPATH=./../lib/bootstrap.jar:./../lib/extensions.jar:./../lib/util.jar:./../lib/jdom.jar:./../lib/log4j.jar:./../lib/trove4j.jar:./../lib/jna.jar:/home/hu/文档/jdk/lib/tools.jar
PATH=/usr/local/sbin:/usr/local/bin:/usr/sbin:/usr/bin:/sbin:/bin:/usr/games:/usr/local/games
LD_LIBRARY_PATH=.:
SHELL=/bin/bash
DISPLAY=:0.0

Signal Handlers:
SIGSEGV: [libjvm.so+0x949180], sa_mask[0]=0x7ffbfeff, sa_flags=0x10000004
SIGBUS: [libjvm.so+0x949180], sa_mask[0]=0x7ffbfeff, sa_flags=0x10000004
SIGFPE: [libjvm.so+0x7c2ec0], sa_mask[0]=0x7ffbfeff, sa_flags=0x10000004
SIGPIPE: [libjvm.so+0x7c2ec0], sa_mask[0]=0x7ffbfeff, sa_flags=0x10000004
SIGXFSZ: [libjvm.so+0x7c2ec0], sa_mask[0]=0x7ffbfeff, sa_flags=0x10000004
SIGILL: [libjvm.so+0x7c2ec0], sa_mask[0]=0x7ffbfeff, sa_flags=0x10000004
SIGUSR1: SIG_DFL, sa_mask[0]=0x00000000, sa_flags=0x00000000
SIGUSR2: [libjvm.so+0x7c2d60], sa_mask[0]=0x00000004, sa_flags=0x10000004
SIGHUP: [libjvm.so+0x7c2f40], sa_mask[0]=0x7ffbfeff, sa_flags=0x10000004
SIGINT: [libjvm.so+0x7c2f40], sa_mask[0]=0x7ffbfeff, sa_flags=0x10000004
SIGTERM: [libjvm.so+0x7c2f40], sa_mask[0]=0x7ffbfeff, sa_flags=0x10000004
SIGQUIT: [libjvm.so+0x7c2f40], sa_mask[0]=0x7ffbfeff, sa_flags=0x10000004
SIGTRAP: SIG_DFL, sa_mask[0]=0x00000000, sa_flags=0x00000000


---------------  S Y S T E M  ---------------

OS:Deepin 2014.1 (trusty)
uname:Linux 3.13.0-37-generic #64-Ubuntu SMP Mon Sep 22 21:28:38 UTC 2014 x86_64
libc:glibc 2.19 NPTL 2.19 
rlimit: STACK 8192k, CORE 0k, NPROC 31310, NOFILE 4096, AS infinity
load average:2.29 1.55 1.18

/proc/meminfo:
MemTotal:        4029420 kB
MemFree:          104120 kB
Buffers:            1448 kB
Cached:           102008 kB
SwapCached:            0 kB
Active:          3580648 kB
Inactive:          86360 kB
Active(anon):    3565296 kB
Inactive(anon):    51520 kB
Active(file):      15352 kB
Inactive(file):    34840 kB
Unevictable:          32 kB
Mlocked:              32 kB
SwapTotal:             0 kB
SwapFree:              0 kB
Dirty:               104 kB
Writeback:             0 kB
AnonPages:       3564104 kB
Mapped:            78308 kB
Shmem:             52744 kB
Slab:              64112 kB
SReclaimable:      29220 kB
SUnreclaim:        34892 kB
KernelStack:        5168 kB
PageTables:        39484 kB
NFS_Unstable:          0 kB
Bounce:                0 kB
WritebackTmp:          0 kB
CommitLimit:     2014708 kB
Committed_AS:    6979688 kB
VmallocTotal:   34359738367 kB
VmallocUsed:      327884 kB
VmallocChunk:   34359372032 kB
HardwareCorrupted:     0 kB
AnonHugePages:   2254848 kB
HugePages_Total:       0
HugePages_Free:        0
HugePages_Rsvd:        0
HugePages_Surp:        0
Hugepagesize:       2048 kB
DirectMap4k:      119040 kB
DirectMap2M:     4057088 kB


CPU:total 4 (2 cores per cpu, 2 threads per core) family 6 model 42 stepping 7, cmov, cx8, fxsr, mmx, sse, sse2, sse3, ssse3, sse4.1, sse4.2, popcnt, avx, aes, ht, tsc, tscinvbit

/proc/cpuinfo:
processor	: 0
vendor_id	: GenuineIntel
cpu family	: 6
model		: 42
model name	: Intel(R) Core(TM) i5-2520M CPU @ 2.50GHz
stepping	: 7
microcode	: 0x18
cpu MHz		: 2501.000
cache size	: 3072 KB
physical id	: 0
siblings	: 4
core id		: 0
cpu cores	: 2
apicid		: 0
initial apicid	: 0
fpu		: yes
fpu_exception	: yes
cpuid level	: 13
wp		: yes
flags		: fpu vme de pse tsc msr pae mce cx8 apic sep mtrr pge mca cmov pat pse36 clflush dts acpi mmx fxsr sse sse2 ss ht tm pbe syscall nx rdtscp lm constant_tsc arch_perfmon pebs bts rep_good nopl xtopology nonstop_tsc aperfmperf eagerfpu pni pclmulqdq dtes64 monitor ds_cpl vmx smx est tm2 ssse3 cx16 xtpr pdcm pcid sse4_1 sse4_2 x2apic popcnt tsc_deadline_timer aes xsave avx lahf_lm ida arat epb xsaveopt pln pts dtherm tpr_shadow vnmi flexpriority ept vpid
bogomips	: 4989.10
clflush size	: 64
cache_alignment	: 64
address sizes	: 36 bits physical, 48 bits virtual
power management:

processor	: 1
vendor_id	: GenuineIntel
cpu family	: 6
model		: 42
model name	: Intel(R) Core(TM) i5-2520M CPU @ 2.50GHz
stepping	: 7
microcode	: 0x18
cpu MHz		: 800.000
cache size	: 3072 KB
physical id	: 0
siblings	: 4
core id		: 0
cpu cores	: 2
apicid		: 1
initial apicid	: 1
fpu		: yes
fpu_exception	: yes
cpuid level	: 13
wp		: yes
flags		: fpu vme de pse tsc msr pae mce cx8 apic sep mtrr pge mca cmov pat pse36 clflush dts acpi mmx fxsr sse sse2 ss ht tm pbe syscall nx rdtscp lm constant_tsc arch_perfmon pebs bts rep_good nopl xtopology nonstop_tsc aperfmperf eagerfpu pni pclmulqdq dtes64 monitor ds_cpl vmx smx est tm2 ssse3 cx16 xtpr pdcm pcid sse4_1 sse4_2 x2apic popcnt tsc_deadline_timer aes xsave avx lahf_lm ida arat epb xsaveopt pln pts dtherm tpr_shadow vnmi flexpriority ept vpid
bogomips	: 4989.10
clflush size	: 64
cache_alignment	: 64
address sizes	: 36 bits physical, 48 bits virtual
power management:

processor	: 2
vendor_id	: GenuineIntel
cpu family	: 6
model		: 42
model name	: Intel(R) Core(TM) i5-2520M CPU @ 2.50GHz
stepping	: 7
microcode	: 0x18
cpu MHz		: 2501.000
cache size	: 3072 KB
physical id	: 0
siblings	: 4
core id		: 1
cpu cores	: 2
apicid		: 2
initial apicid	: 2
fpu		: yes
fpu_exception	: yes
cpuid level	: 13
wp		: yes
flags		: fpu vme de pse tsc msr pae mce cx8 apic sep mtrr pge mca cmov pat pse36 clflush dts acpi mmx fxsr sse sse2 ss ht tm pbe syscall nx rdtscp lm constant_tsc arch_perfmon pebs bts rep_good nopl xtopology nonstop_tsc aperfmperf eagerfpu pni pclmulqdq dtes64 monitor ds_cpl vmx smx est tm2 ssse3 cx16 xtpr pdcm pcid sse4_1 sse4_2 x2apic popcnt tsc_deadline_timer aes xsave avx lahf_lm ida arat epb xsaveopt pln pts dtherm tpr_shadow vnmi flexpriority ept vpid
bogomips	: 4989.10
clflush size	: 64
cache_alignment	: 64
address sizes	: 36 bits physical, 48 bits virtual
power management:

processor	: 3
vendor_id	: GenuineIntel
cpu family	: 6
model		: 42
model name	: Intel(R) Core(TM) i5-2520M CPU @ 2.50GHz
stepping	: 7
microcode	: 0x18
cpu MHz		: 800.000
cache size	: 3072 KB
physical id	: 0
siblings	: 4
core id		: 1
cpu cores	: 2
apicid		: 3
initial apicid	: 3
fpu		: yes
fpu_exception	: yes
cpuid level	: 13
wp		: yes
flags		: fpu vme de pse tsc msr pae mce cx8 apic sep mtrr pge mca cmov pat pse36 clflush dts acpi mmx fxsr sse sse2 ss ht tm pbe syscall nx rdtscp lm constant_tsc arch_perfmon pebs bts rep_good nopl xtopology nonstop_tsc aperfmperf eagerfpu pni pclmulqdq dtes64 monitor ds_cpl vmx smx est tm2 ssse3 cx16 xtpr pdcm pcid sse4_1 sse4_2 x2apic popcnt tsc_deadline_timer aes xsave avx lahf_lm ida arat epb xsaveopt pln pts dtherm tpr_shadow vnmi flexpriority ept vpid
bogomips	: 4989.10
clflush size	: 64
cache_alignment	: 64
address sizes	: 36 bits physical, 48 bits virtual
power management:



Memory: 4k page, physical 4029420k(104120k free), swap 0k(0k free)

vm_info: OpenJDK 64-Bit Server VM (24.65-b04) for linux-amd64 JRE (1.7.0_65-b32), built on Sep 10 2014 05:56:05 by "buildd" with gcc 4.8.2

time: Mon Oct 13 18:45:48 2014
elapsed time: 14 seconds

