#
# There is insufficient memory for the Java Runtime Environment to continue.
# Native memory allocation (malloc) failed to allocate 131072000 bytes for committing reserved memory.
# Possible reasons:
#   The system is out of physical RAM or swap space
#   In 32 bit mode, the process size limit was hit
# Possible solutions:
#   Reduce memory load on the system
#   Increase physical memory or swap space
#   Check if swap backing store is full
#   Use 64 bit Java on a 64 bit OS
#   Decrease Java heap size (-Xmx/-Xms)
#   Decrease number of Java threads
#   Decrease Java thread stack sizes (-Xss)
#   Set larger code cache with -XX:ReservedCodeCacheSize=
# This output file may be truncated or incomplete.
#
#  Out of Memory Error (os_linux.cpp:2726), pid=19267, tid=139963203057408
#
# JRE version: Java(TM) SE Runtime Environment (7.0_55-b13) (build 1.7.0_55-b13)
# Java VM: Java HotSpot(TM) 64-Bit Server VM (24.55-b03 mixed mode linux-amd64 compressed oops)
# Failed to write core dump. Core dumps have been disabled. To enable core dumping, try "ulimit -c unlimited" before starting Java again
#

---------------  T H R E A D  ---------------

Current thread (0x00007f4bbc132800):  VMThread [stack: 0x00007f4bb8eff000,0x00007f4bb9000000] [id=19281]

Stack: [0x00007f4bb8eff000,0x00007f4bb9000000],  sp=0x00007f4bb8ffe010,  free space=1020k
Native frames: (J=compiled Java code, j=interpreted, Vv=VM code, C=native code)
V  [libjvm.so+0x99305a]  VMError::report_and_die()+0x2ea
V  [libjvm.so+0x4931fb]  report_vm_out_of_memory(char const*, int, unsigned long, char const*)+0x9b
V  [libjvm.so+0x8134be]  os::Linux::commit_memory_impl(char*, unsigned long, bool)+0xfe
V  [libjvm.so+0x81396f]  os::Linux::commit_memory_impl(char*, unsigned long, unsigned long, bool)+0x4f
V  [libjvm.so+0x813b5c]  os::pd_commit_memory(char*, unsigned long, unsigned long, bool)+0xc
V  [libjvm.so+0x80dc1a]  os::commit_memory(char*, unsigned long, unsigned long, bool)+0x2a
V  [libjvm.so+0x87fde3]  PSVirtualSpace::expand_by(unsigned long)+0x53
V  [libjvm.so+0x8811b8]  PSYoungGen::resize_generation(unsigned long, unsigned long)+0xf8
V  [libjvm.so+0x880322]  PSYoungGen::resize(unsigned long, unsigned long)+0x22
V  [libjvm.so+0x87d7bb]  PSScavenge::invoke_no_policy()+0xf3b
V  [libjvm.so+0x87df21]  PSScavenge::invoke()+0x41
V  [libjvm.so+0x835020]  ParallelScavengeHeap::failed_mem_allocate(unsigned long)+0x70
V  [libjvm.so+0x9948f7]  VM_ParallelGCFailedAllocation::doit()+0x97
V  [libjvm.so+0x99bd25]  VM_Operation::evaluate()+0x55
V  [libjvm.so+0x99a15a]  VMThread::evaluate_operation(VM_Operation*)+0xba
V  [libjvm.so+0x99a4de]  VMThread::loop()+0x1ce
V  [libjvm.so+0x99a950]  VMThread::run()+0x70
V  [libjvm.so+0x815668]  java_start(Thread*)+0x108

VM_Operation (0x00007f4bc49d54c0): ParallelGCFailedAllocation, mode: safepoint, requested by thread 0x00007f4bbc00b800


---------------  P R O C E S S  ---------------

Java Threads: ( => current thread )
  0x00007f4bbc15f000 JavaThread "Service Thread" daemon [_thread_blocked, id=19287, stack(0x00007f4bb85cc000,0x00007f4bb86cd000)]
  0x00007f4bbc15c800 JavaThread "C2 CompilerThread1" daemon [_thread_blocked, id=19286, stack(0x00007f4bb86cd000,0x00007f4bb87ce000)]
  0x00007f4bbc159800 JavaThread "C2 CompilerThread0" daemon [_thread_blocked, id=19285, stack(0x00007f4bb87ce000,0x00007f4bb88cf000)]
  0x00007f4bbc14f800 JavaThread "Signal Dispatcher" daemon [_thread_blocked, id=19284, stack(0x00007f4bb88cf000,0x00007f4bb89d0000)]
  0x00007f4bbc139000 JavaThread "Finalizer" daemon [_thread_blocked, id=19283, stack(0x00007f4bb8cfd000,0x00007f4bb8dfe000)]
  0x00007f4bbc135000 JavaThread "Reference Handler" daemon [_thread_blocked, id=19282, stack(0x00007f4bb8dfe000,0x00007f4bb8eff000)]
  0x00007f4bbc00b800 JavaThread "main" [_thread_blocked, id=19276, stack(0x00007f4bc48d6000,0x00007f4bc49d7000)]

Other Threads:
=>0x00007f4bbc132800 VMThread [stack: 0x00007f4bb8eff000,0x00007f4bb9000000] [id=19281]
  0x00007f4bbc169800 WatcherThread [stack: 0x00007f4bb84cb000,0x00007f4bb85cc000] [id=19288]

VM state:at safepoint (normal execution)

VM Mutex/Monitor currently owned by a thread:  ([mutex/lock_event])
[0x00007f4bbc008050] Threads_lock - owner thread: 0x00007f4bbc132800
[0x00007f4bbc008550] Heap_lock - owner thread: 0x00007f4bbc00b800

Heap
 PSYoungGen      total 210432K, used 10748K [0x00000000eaa80000, 0x00000000f8300000, 0x0000000100000000)
  eden space 199680K, 0% used [0x00000000eaa80000,0x00000000eaa80000,0x00000000f6d80000)
  from space 10752K, 99% used [0x00000000f6d80000,0x00000000f77ff288,0x00000000f7800000)
  to   space 10240K, 0% used [0x00000000f7800000,0x00000000f7800000,0x00000000f8200000)
 ParOldGen       total 46080K, used 44520K [0x00000000c0000000, 0x00000000c2d00000, 0x00000000eaa80000)
  object space 46080K, 96% used [0x00000000c0000000,0x00000000c2b7a028,0x00000000c2d00000)
 PSPermGen       total 21504K, used 7162K [0x00000000bae00000, 0x00000000bc300000, 0x00000000c0000000)
  object space 21504K, 33% used [0x00000000bae00000,0x00000000bb4fea88,0x00000000bc300000)

Card table byte_map: [0x00007f4bc19a6000,0x00007f4bc1bd0000] byte_map_base: 0x00007f4bc13cf000

Polling page: 0x00007f4bc49f2000

Code Cache  [0x00007f4bb9000000, 0x00007f4bb9370000, 0x00007f4bbc000000)
 total_blobs=1304 nmethods=1050 adapters=207 free_code_cache=45711Kb largest_free_block=46759552

Compilation events (10 events):
Event: 8.691 Thread 0x00007f4bbc15c800 nmethod 1059 0x00007f4bb9355510 code [0x00007f4bb9355640, 0x00007f4bb9355698]
Event: 8.691 Thread 0x00007f4bbc15c800 1060             com.android.dx.io.instructions.DecodedInstruction::getA (2 bytes)
Event: 8.691 Thread 0x00007f4bbc15c800 nmethod 1060 0x00007f4bb9355310 code [0x00007f4bb9355440, 0x00007f4bb9355498]
Event: 8.692 Thread 0x00007f4bbc159800 nmethod 1058 0x00007f4bb935fed0 code [0x00007f4bb9360020, 0x00007f4bb9360198]
Event: 8.785 Thread 0x00007f4bbc15c800 1061             java.util.ComparableTimSort::mergeLo (652 bytes)
Event: 8.810 Thread 0x00007f4bbc15c800 nmethod 1061 0x00007f4bb9365e10 code [0x00007f4bb9366000, 0x00007f4bb9367568]
Event: 8.910 Thread 0x00007f4bbc15c800 1063             com.android.dx.io.instructions.InstructionCodec$12::encode (48 bytes)
Event: 8.910 Thread 0x00007f4bbc159800 1062             com.android.dx.io.instructions.InstructionCodec$12::decode (56 bytes)
Event: 8.913 Thread 0x00007f4bbc15c800 nmethod 1063 0x00007f4bb9363f10 code [0x00007f4bb9364080, 0x00007f4bb9364278]
Event: 8.914 Thread 0x00007f4bbc159800 nmethod 1062 0x00007f4bb9363a50 code [0x00007f4bb9363ba0, 0x00007f4bb9363d78]

GC Heap History (10 events):
Event: 6.433 GC heap after
Heap after GC invocations=6 (full 0):
 PSYoungGen      total 69632K, used 7150K [0x00000000eaa80000, 0x00000000ef880000, 0x0000000100000000)
  eden space 62464K, 0% used [0x00000000eaa80000,0x00000000eaa80000,0x00000000ee780000)
  from space 7168K, 99% used [0x00000000eef80000,0x00000000ef67b978,0x00000000ef680000)
  to   space 8192K, 0% used [0x00000000ee780000,0x00000000ee780000,0x00000000eef80000)
 ParOldGen       total 41984K, used 17333K [0x00000000c0000000, 0x00000000c2900000, 0x00000000eaa80000)
  object space 41984K, 41% used [0x00000000c0000000,0x00000000c10ed7f8,0x00000000c2900000)
 PSPermGen       total 21504K, used 6994K [0x00000000bae00000, 0x00000000bc300000, 0x00000000c0000000)
  object space 21504K, 32% used [0x00000000bae00000,0x00000000bb4d49c0,0x00000000bc300000)
}
Event: 6.908 GC heap before
{Heap before GC invocations=7 (full 0):
 PSYoungGen      total 69632K, used 67971K [0x00000000eaa80000, 0x00000000ef880000, 0x0000000100000000)
  eden space 62464K, 97% used [0x00000000eaa80000,0x00000000ee5e5370,0x00000000ee780000)
  from space 7168K, 99% used [0x00000000eef80000,0x00000000ef67b978,0x00000000ef680000)
  to   space 8192K, 0% used [0x00000000ee780000,0x00000000ee780000,0x00000000eef80000)
 ParOldGen       total 41984K, used 17333K [0x00000000c0000000, 0x00000000c2900000, 0x00000000eaa80000)
  object space 41984K, 41% used [0x00000000c0000000,0x00000000c10ed7f8,0x00000000c2900000)
 PSPermGen       total 21504K, used 7045K [0x00000000bae00000, 0x00000000bc300000, 0x00000000c0000000)
  object space 21504K, 32% used [0x00000000bae00000,0x00000000bb4e1470,0x00000000bc300000)
Event: 6.925 GC heap after
Heap after GC invocations=7 (full 0):
 PSYoungGen      total 70656K, used 5124K [0x00000000eaa80000, 0x00000000f3480000, 0x0000000100000000)
  eden space 62464K, 0% used [0x00000000eaa80000,0x00000000eaa80000,0x00000000ee780000)
  from space 8192K, 62% used [0x00000000ee780000,0x00000000eec81038,0x00000000eef80000)
  to   space 8192K, 0% used [0x00000000f2c80000,0x00000000f2c80000,0x00000000f3480000)
 ParOldGen       total 41984K, used 18503K [0x00000000c0000000, 0x00000000c2900000, 0x00000000eaa80000)
  object space 41984K, 44% used [0x00000000c0000000,0x00000000c1211d40,0x00000000c2900000)
 PSPermGen       total 21504K, used 7045K [0x00000000bae00000, 0x00000000bc300000, 0x00000000c0000000)
  object space 21504K, 32% used [0x00000000bae00000,0x00000000bb4e1470,0x00000000bc300000)
}
Event: 7.175 GC heap before
{Heap before GC invocations=8 (full 0):
 PSYoungGen      total 70656K, used 67588K [0x00000000eaa80000, 0x00000000f3480000, 0x0000000100000000)
  eden space 62464K, 100% used [0x00000000eaa80000,0x00000000ee780000,0x00000000ee780000)
  from space 8192K, 62% used [0x00000000ee780000,0x00000000eec81038,0x00000000eef80000)
  to   space 8192K, 0% used [0x00000000f2c80000,0x00000000f2c80000,0x00000000f3480000)
 ParOldGen       total 41984K, used 18503K [0x00000000c0000000, 0x00000000c2900000, 0x00000000eaa80000)
  object space 41984K, 44% used [0x00000000c0000000,0x00000000c1211d40,0x00000000c2900000)
 PSPermGen       total 21504K, used 7057K [0x00000000bae00000, 0x00000000bc300000, 0x00000000c0000000)
  object space 21504K, 32% used [0x00000000bae00000,0x00000000bb4e47b8,0x00000000bc300000)
Event: 7.189 GC heap after
Heap after GC invocations=8 (full 0):
 PSYoungGen      total 133120K, used 6129K [0x00000000eaa80000, 0x00000000f3480000, 0x0000000100000000)
  eden space 124928K, 0% used [0x00000000eaa80000,0x00000000eaa80000,0x00000000f2480000)
  from space 8192K, 74% used [0x00000000f2c80000,0x00000000f327c690,0x00000000f3480000)
  to   space 8192K, 0% used [0x00000000f2480000,0x00000000f2480000,0x00000000f2c80000)
 ParOldGen       total 41984K, used 19063K [0x00000000c0000000, 0x00000000c2900000, 0x00000000eaa80000)
  object space 41984K, 45% used [0x00000000c0000000,0x00000000c129dd40,0x00000000c2900000)
 PSPermGen       total 21504K, used 7057K [0x00000000bae00000, 0x00000000bc300000, 0x00000000c0000000)
  object space 21504K, 32% used [0x00000000bae00000,0x00000000bb4e47b8,0x00000000bc300000)
}
Event: 8.180 GC heap before
{Heap before GC invocations=9 (full 0):
 PSYoungGen      total 133120K, used 131057K [0x00000000eaa80000, 0x00000000f3480000, 0x0000000100000000)
  eden space 124928K, 100% used [0x00000000eaa80000,0x00000000f2480000,0x00000000f2480000)
  from space 8192K, 74% used [0x00000000f2c80000,0x00000000f327c690,0x00000000f3480000)
  to   space 8192K, 0% used [0x00000000f2480000,0x00000000f2480000,0x00000000f2c80000)
 ParOldGen       total 41984K, used 19063K [0x00000000c0000000, 0x00000000c2900000, 0x00000000eaa80000)
  object space 41984K, 45% used [0x00000000c0000000,0x00000000c129dd40,0x00000000c2900000)
 PSPermGen       total 21504K, used 7152K [0x00000000bae00000, 0x00000000bc300000, 0x00000000c0000000)
  object space 21504K, 33% used [0x00000000bae00000,0x00000000bb4fc028,0x00000000bc300000)
Event: 8.188 GC heap after
Heap after GC invocations=9 (full 0):
 PSYoungGen      total 133120K, used 8185K [0x00000000eaa80000, 0x00000000f8200000, 0x0000000100000000)
  eden space 124928K, 0% used [0x00000000eaa80000,0x00000000eaa80000,0x00000000f2480000)
  from space 8192K, 99% used [0x00000000f2480000,0x00000000f2c7e498,0x00000000f2c80000)
  to   space 10240K, 0% used [0x00000000f7800000,0x00000000f7800000,0x00000000f8200000)
 ParOldGen       total 41984K, used 22649K [0x00000000c0000000, 0x00000000c2900000, 0x00000000eaa80000)
  object space 41984K, 53% used [0x00000000c0000000,0x00000000c161e4d0,0x00000000c2900000)
 PSPermGen       total 21504K, used 7152K [0x00000000bae00000, 0x00000000bc300000, 0x00000000c0000000)
  object space 21504K, 33% used [0x00000000bae00000,0x00000000bb4fc028,0x00000000bc300000)
}
Event: 8.442 GC heap before
{Heap before GC invocations=10 (full 0):
 PSYoungGen      total 133120K, used 132302K [0x00000000eaa80000, 0x00000000f8200000, 0x0000000100000000)
  eden space 124928K, 99% used [0x00000000eaa80000,0x00000000f23b5420,0x00000000f2480000)
  from space 8192K, 99% used [0x00000000f2480000,0x00000000f2c7e498,0x00000000f2c80000)
  to   space 10240K, 0% used [0x00000000f7800000,0x00000000f7800000,0x00000000f8200000)
 ParOldGen       total 41984K, used 22649K [0x00000000c0000000, 0x00000000c2900000, 0x00000000eaa80000)
  object space 41984K, 53% used [0x00000000c0000000,0x00000000c161e4d0,0x00000000c2900000)
 PSPermGen       total 21504K, used 7155K [0x00000000bae00000, 0x00000000bc300000, 0x00000000c0000000)
  object space 21504K, 33% used [0x00000000bae00000,0x00000000bb4fce48,0x00000000bc300000)
Event: 8.459 GC heap after
Heap after GC invocations=10 (full 0):
 PSYoungGen      total 209920K, used 9739K [0x00000000eaa80000, 0x00000000f8300000, 0x0000000100000000)
  eden space 199680K, 0% used [0x00000000eaa80000,0x00000000eaa80000,0x00000000f6d80000)
  from space 10240K, 95% used [0x00000000f7800000,0x00000000f8182f48,0x00000000f8200000)
  to   space 10752K, 0% used [0x00000000f6d80000,0x00000000f6d80000,0x00000000f7800000)
 ParOldGen       total 41984K, used 33302K [0x00000000c0000000, 0x00000000c2900000, 0x00000000eaa80000)
  object space 41984K, 79% used [0x00000000c0000000,0x00000000c2085988,0x00000000c2900000)
 PSPermGen       total 21504K, used 7155K [0x00000000bae00000, 0x00000000bc300000, 0x00000000c0000000)
  object space 21504K, 33% used [0x00000000bae00000,0x00000000bb4fce48,0x00000000bc300000)
}
Event: 9.031 GC heap before
{Heap before GC invocations=11 (full 0):
 PSYoungGen      total 209920K, used 209419K [0x00000000eaa80000, 0x00000000f8300000, 0x0000000100000000)
  eden space 199680K, 100% used [0x00000000eaa80000,0x00000000f6d80000,0x00000000f6d80000)
  from space 10240K, 95% used [0x00000000f7800000,0x00000000f8182f48,0x00000000f8200000)
  to   space 10752K, 0% used [0x00000000f6d80000,0x00000000f6d80000,0x00000000f7800000)
 ParOldGen       total 41984K, used 33302K [0x00000000c0000000, 0x00000000c2900000, 0x00000000eaa80000)
  object space 41984K, 79% used [0x00000000c0000000,0x00000000c2085988,0x00000000c2900000)
 PSPermGen       total 21504K, used 7162K [0x00000000bae00000, 0x00000000bc300000, 0x00000000c0000000)
  object space 21504K, 33% used [0x00000000bae00000,0x00000000bb4fea88,0x00000000bc300000)

Deoptimization events (10 events):
Event: 7.091 Thread 0x00007f4bbc00b800 Uncommon trap: reason=array_check action=maybe_recompile pc=0x00007f4bb931780c method=java.util.TimSort.binarySort([Ljava/lang/Object;IIILjava/util/Comparator;)V @ 183
Event: 7.091 Thread 0x00007f4bbc00b800 Uncommon trap: reason=array_check action=maybe_recompile pc=0x00007f4bb931780c method=java.util.TimSort.binarySort([Ljava/lang/Object;IIILjava/util/Comparator;)V @ 183
Event: 7.151 Thread 0x00007f4bbc00b800 Uncommon trap: reason=array_check action=maybe_recompile pc=0x00007f4bb930c680 method=java.util.ComparableTimSort.binarySort([Ljava/lang/Object;III)V @ 193
Event: 7.218 Thread 0x00007f4bbc00b800 Uncommon trap: reason=array_check action=maybe_recompile pc=0x00007f4bb930c680 method=java.util.ComparableTimSort.binarySort([Ljava/lang/Object;III)V @ 193
Event: 7.270 Thread 0x00007f4bbc00b800 Uncommon trap: reason=array_check action=maybe_recompile pc=0x00007f4bb930c680 method=java.util.ComparableTimSort.binarySort([Ljava/lang/Object;III)V @ 193
Event: 7.690 Thread 0x00007f4bbc00b800 Uncommon trap: reason=array_check action=maybe_recompile pc=0x00007f4bb933f3a0 method=java.util.ComparableTimSort.binarySort([Ljava/lang/Object;III)V @ 215
Event: 8.160 Thread 0x00007f4bbc00b800 Uncommon trap: reason=array_check action=maybe_recompile pc=0x00007f4bb933f3a0 method=java.util.ComparableTimSort.binarySort([Ljava/lang/Object;III)V @ 215
Event: 8.277 Thread 0x00007f4bbc00b800 Uncommon trap: reason=array_check action=maybe_recompile pc=0x00007f4bb9356788 method=java.util.ComparableTimSort.binarySort([Ljava/lang/Object;III)V @ 183
Event: 8.277 Thread 0x00007f4bbc00b800 Uncommon trap: reason=array_check action=maybe_recompile pc=0x00007f4bb932218c method=java.util.ComparableTimSort.binarySort([Ljava/lang/Object;III)V @ 183
Event: 8.327 Thread 0x00007f4bbc00b800 Uncommon trap: reason=array_check action=maybe_recompile pc=0x00007f4bb9356788 method=java.util.ComparableTimSort.binarySort([Ljava/lang/Object;III)V @ 183

Internal exceptions (10 events):
Event: 5.111 Thread 0x00007f4bbc00b800 Threw 0x00000000eb3d5c08 at /HUDSON/workspace/7u-2-build-linux-amd64/jdk7u55/869/hotspot/src/share/vm/prims/jvm.cpp:1244
Event: 5.111 Thread 0x00007f4bbc00b800 Threw 0x00000000eb3d8a28 at /HUDSON/workspace/7u-2-build-linux-amd64/jdk7u55/869/hotspot/src/share/vm/prims/jvm.cpp:1244
Event: 5.112 Thread 0x00007f4bbc00b800 Threw 0x00000000eb3dbb40 at /HUDSON/workspace/7u-2-build-linux-amd64/jdk7u55/869/hotspot/src/share/vm/prims/jvm.cpp:1244
Event: 5.115 Thread 0x00007f4bbc00b800 Threw 0x00000000eb3e30a0 at /HUDSON/workspace/7u-2-build-linux-amd64/jdk7u55/869/hotspot/src/share/vm/prims/jvm.cpp:1244
Event: 5.116 Thread 0x00007f4bbc00b800 Threw 0x00000000eb3e5270 at /HUDSON/workspace/7u-2-build-linux-amd64/jdk7u55/869/hotspot/src/share/vm/prims/jvm.cpp:1244
Event: 5.510 Thread 0x00007f4bbc00b800 Threw 0x00000000eb5aba20 at /HUDSON/workspace/7u-2-build-linux-amd64/jdk7u55/869/hotspot/src/share/vm/prims/jvm.cpp:1244
Event: 5.510 Thread 0x00007f4bbc00b800 Threw 0x00000000eb5abb48 at /HUDSON/workspace/7u-2-build-linux-amd64/jdk7u55/869/hotspot/src/share/vm/prims/jvm.cpp:1244
Event: 5.511 Thread 0x00007f4bbc00b800 Threw 0x00000000eb5af340 at /HUDSON/workspace/7u-2-build-linux-amd64/jdk7u55/869/hotspot/src/share/vm/prims/jvm.cpp:1244
Event: 5.511 Thread 0x00007f4bbc00b800 Threw 0x00000000eb5af468 at /HUDSON/workspace/7u-2-build-linux-amd64/jdk7u55/869/hotspot/src/share/vm/prims/jvm.cpp:1244
Event: 6.362 Thread 0x00007f4bbc00b800 Threw 0x00000000ec5bebe0 at /HUDSON/workspace/7u-2-build-linux-amd64/jdk7u55/869/hotspot/src/share/vm/prims/jvm.cpp:1244

Events (10 events):
Event: 8.300 Thread 0x00007f4bbc15c800 flushing nmethod 0x00007f4bb90a9c90
Event: 8.302 Thread 0x00007f4bbc159800 flushing nmethod 0x00007f4bb90df8d0
Event: 8.302 Thread 0x00007f4bbc159800 flushing nmethod 0x00007f4bb90ead10
Event: 8.327 Thread 0x00007f4bbc00b800 Uncommon trap: trap_request=0xffffffd6 fr.pc=0x00007f4bb9356788
Event: 8.327 Thread 0x00007f4bbc00b800 DEOPT PACKING pc=0x00007f4bb9356788 sp=0x00007f4bc49d5420
Event: 8.327 Thread 0x00007f4bbc00b800 DEOPT UNPACKING pc=0x00007f4bb9039445 sp=0x00007f4bc49d53e8 mode 2
Event: 8.398 Thread 0x00007f4bbc159800 flushing nmethod 0x00007f4bb928ac10
Event: 8.442 Executing VM operation: ParallelGCFailedAllocation
Event: 8.459 Executing VM operation: ParallelGCFailedAllocation done
Event: 9.031 Executing VM operation: ParallelGCFailedAllocation


Dynamic libraries:
00400000-00401000 r-xp 00000000 08:06 794152                             /home/hu/文档/jdk/bin/java
00600000-00601000 rw-p 00000000 08:06 794152                             /home/hu/文档/jdk/bin/java
018d3000-018f4000 rw-p 00000000 00:00 0                                  [heap]
bae00000-bc300000 rw-p 00000000 00:00 0 
bc300000-c0000000 rw-p 00000000 00:00 0 
c0000000-c2d00000 rw-p 00000000 00:00 0 
c2d00000-eaa80000 rw-p 00000000 00:00 0 
eaa80000-f8300000 rw-p 00000000 00:00 0 
7f4b6c000000-7f4b6c03c000 rw-p 00000000 00:00 0 
7f4b6c03c000-7f4b70000000 ---p 00000000 00:00 0 
7f4b74000000-7f4b74036000 rw-p 00000000 00:00 0 
7f4b74036000-7f4b78000000 ---p 00000000 00:00 0 
7f4b78000000-7f4b78069000 rw-p 00000000 00:00 0 
7f4b78069000-7f4b7c000000 ---p 00000000 00:00 0 
7f4b7c000000-7f4b7c021000 rw-p 00000000 00:00 0 
7f4b7c021000-7f4b80000000 ---p 00000000 00:00 0 
7f4b80000000-7f4b8004b000 rw-p 00000000 00:00 0 
7f4b8004b000-7f4b84000000 ---p 00000000 00:00 0 
7f4b84000000-7f4b85659000 rw-p 00000000 00:00 0 
7f4b85659000-7f4b88000000 ---p 00000000 00:00 0 
7f4b88000000-7f4b88021000 rw-p 00000000 00:00 0 
7f4b88021000-7f4b8c000000 ---p 00000000 00:00 0 
7f4b8c000000-7f4b8c021000 rw-p 00000000 00:00 0 
7f4b8c021000-7f4b90000000 ---p 00000000 00:00 0 
7f4b90000000-7f4b9160b000 rw-p 00000000 00:00 0 
7f4b9160b000-7f4b94000000 ---p 00000000 00:00 0 
7f4b94000000-7f4b94021000 rw-p 00000000 00:00 0 
7f4b94021000-7f4b98000000 ---p 00000000 00:00 0 
7f4b98000000-7f4b98021000 rw-p 00000000 00:00 0 
7f4b98021000-7f4b9c000000 ---p 00000000 00:00 0 
7f4b9c000000-7f4b9c021000 rw-p 00000000 00:00 0 
7f4b9c021000-7f4ba0000000 ---p 00000000 00:00 0 
7f4ba0000000-7f4ba024c000 rw-p 00000000 00:00 0 
7f4ba024c000-7f4ba4000000 ---p 00000000 00:00 0 
7f4ba4000000-7f4ba4021000 rw-p 00000000 00:00 0 
7f4ba4021000-7f4ba8000000 ---p 00000000 00:00 0 
7f4bac000000-7f4bac021000 rw-p 00000000 00:00 0 
7f4bac021000-7f4bb0000000 ---p 00000000 00:00 0 
7f4bb1948000-7f4bb195e000 r-xp 00000000 08:06 1325321                    /home/hu/文档/jdk/jre/lib/amd64/libnet.so
7f4bb195e000-7f4bb1b5e000 ---p 00016000 08:06 1325321                    /home/hu/文档/jdk/jre/lib/amd64/libnet.so
7f4bb1b5e000-7f4bb1b5f000 rw-p 00016000 08:06 1325321                    /home/hu/文档/jdk/jre/lib/amd64/libnet.so
7f4bb1b5f000-7f4bb1b6f000 r-xp 00000000 08:06 1325370                    /home/hu/文档/jdk/jre/lib/amd64/libnio.so
7f4bb1b6f000-7f4bb1d6f000 ---p 00010000 08:06 1325370                    /home/hu/文档/jdk/jre/lib/amd64/libnio.so
7f4bb1d6f000-7f4bb1d70000 rw-p 00010000 08:06 1325370                    /home/hu/文档/jdk/jre/lib/amd64/libnio.so
7f4bb1d70000-7f4bb4000000 rw-p 00000000 00:00 0 
7f4bb4000000-7f4bb4021000 rw-p 00000000 00:00 0 
7f4bb4021000-7f4bb8000000 ---p 00000000 00:00 0 
7f4bb80b3000-7f4bb80c7000 r--p 00000000 08:06 1324603                    /usr/share/locale-langpack/zh_CN/LC_MESSAGES/libc.mo
7f4bb80c7000-7f4bb80ca000 ---p 00000000 00:00 0 
7f4bb80ca000-7f4bb81c8000 rw-p 00000000 00:00 0 
7f4bb81c8000-7f4bb81cb000 ---p 00000000 00:00 0 
7f4bb81cb000-7f4bb82c9000 rw-p 00000000 00:00 0 
7f4bb82c9000-7f4bb82cc000 ---p 00000000 00:00 0 
7f4bb82cc000-7f4bb83ca000 rw-p 00000000 00:00 0 
7f4bb83ca000-7f4bb83cd000 ---p 00000000 00:00 0 
7f4bb83cd000-7f4bb84cb000 rw-p 00000000 00:00 0 
7f4bb84cb000-7f4bb84cc000 ---p 00000000 00:00 0 
7f4bb84cc000-7f4bb85cc000 rw-p 00000000 00:00 0                          [stack:19288]
7f4bb85cc000-7f4bb85cf000 ---p 00000000 00:00 0 
7f4bb85cf000-7f4bb86cd000 rw-p 00000000 00:00 0                          [stack:19287]
7f4bb86cd000-7f4bb86d0000 ---p 00000000 00:00 0 
7f4bb86d0000-7f4bb87ce000 rw-p 00000000 00:00 0                          [stack:19286]
7f4bb87ce000-7f4bb87d1000 ---p 00000000 00:00 0 
7f4bb87d1000-7f4bb88cf000 rw-p 00000000 00:00 0                          [stack:19285]
7f4bb88cf000-7f4bb88d2000 ---p 00000000 00:00 0 
7f4bb88d2000-7f4bb89d0000 rw-p 00000000 00:00 0                          [stack:19284]
7f4bb89d0000-7f4bb8cfd000 r--p 00000000 08:06 147180                     /usr/lib/locale/locale-archive
7f4bb8cfd000-7f4bb8d00000 ---p 00000000 00:00 0 
7f4bb8d00000-7f4bb8dfe000 rw-p 00000000 00:00 0                          [stack:19283]
7f4bb8dfe000-7f4bb8e01000 ---p 00000000 00:00 0 
7f4bb8e01000-7f4bb8eff000 rw-p 00000000 00:00 0                          [stack:19282]
7f4bb8eff000-7f4bb8f00000 ---p 00000000 00:00 0 
7f4bb8f00000-7f4bb9000000 rw-p 00000000 00:00 0                          [stack:19281]
7f4bb9000000-7f4bb9370000 rwxp 00000000 00:00 0 
7f4bb9370000-7f4bbc284000 rw-p 00000000 00:00 0 
7f4bbc284000-7f4bc0000000 ---p 00000000 00:00 0 
7f4bc000a000-7f4bc0011000 r--s 00000000 08:06 278124                     /usr/lib/x86_64-linux-gnu/gconv/gconv-modules.cache
7f4bc0011000-7f4bc0f6b000 rw-p 00000000 00:00 0 
7f4bc0f6b000-7f4bc1129000 r--s 039d0000 08:06 1200892                    /home/hu/文档/jdk/jre/lib/rt.jar
7f4bc1129000-7f4bc1423000 rw-p 00000000 00:00 0 
7f4bc1423000-7f4bc1424000 ---p 00000000 00:00 0 
7f4bc1424000-7f4bc1524000 rw-p 00000000 00:00 0                          [stack:19280]
7f4bc1524000-7f4bc1525000 ---p 00000000 00:00 0 
7f4bc1525000-7f4bc1625000 rw-p 00000000 00:00 0                          [stack:19279]
7f4bc1625000-7f4bc1626000 ---p 00000000 00:00 0 
7f4bc1626000-7f4bc1726000 rw-p 00000000 00:00 0                          [stack:19278]
7f4bc1726000-7f4bc1727000 ---p 00000000 00:00 0 
7f4bc1727000-7f4bc1832000 rw-p 00000000 00:00 0                          [stack:19277]
7f4bc1832000-7f4bc1850000 rw-p 00000000 00:00 0 
7f4bc1850000-7f4bc1867000 rw-p 00000000 00:00 0 
7f4bc1867000-7f4bc19a6000 rw-p 00000000 00:00 0 
7f4bc19a6000-7f4bc19b1000 rw-p 00000000 00:00 0 
7f4bc19b1000-7f4bc19cf000 rw-p 00000000 00:00 0 
7f4bc19cf000-7f4bc19e6000 rw-p 00000000 00:00 0 
7f4bc19e6000-7f4bc1b24000 rw-p 00000000 00:00 0 
7f4bc1b24000-7f4bc1b91000 rw-p 00000000 00:00 0 
7f4bc1b91000-7f4bc1bcf000 rw-p 00000000 00:00 0 
7f4bc1bcf000-7f4bc1bd0000 rw-p 00000000 00:00 0 
7f4bc1bd0000-7f4bc1bea000 r-xp 00000000 08:06 1325346                    /home/hu/文档/jdk/jre/lib/amd64/libzip.so
7f4bc1bea000-7f4bc1dea000 ---p 0001a000 08:06 1325346                    /home/hu/文档/jdk/jre/lib/amd64/libzip.so
7f4bc1dea000-7f4bc1deb000 rw-p 0001a000 08:06 1325346                    /home/hu/文档/jdk/jre/lib/amd64/libzip.so
7f4bc1deb000-7f4bc1df6000 r-xp 00000000 08:06 2386                       /lib/x86_64-linux-gnu/libnss_files-2.19.so
7f4bc1df6000-7f4bc1ff5000 ---p 0000b000 08:06 2386                       /lib/x86_64-linux-gnu/libnss_files-2.19.so
7f4bc1ff5000-7f4bc1ff6000 r--p 0000a000 08:06 2386                       /lib/x86_64-linux-gnu/libnss_files-2.19.so
7f4bc1ff6000-7f4bc1ff7000 rw-p 0000b000 08:06 2386                       /lib/x86_64-linux-gnu/libnss_files-2.19.so
7f4bc1ff7000-7f4bc2002000 r-xp 00000000 08:06 2387                       /lib/x86_64-linux-gnu/libnss_nis-2.19.so
7f4bc2002000-7f4bc2201000 ---p 0000b000 08:06 2387                       /lib/x86_64-linux-gnu/libnss_nis-2.19.so
7f4bc2201000-7f4bc2202000 r--p 0000a000 08:06 2387                       /lib/x86_64-linux-gnu/libnss_nis-2.19.so
7f4bc2202000-7f4bc2203000 rw-p 0000b000 08:06 2387                       /lib/x86_64-linux-gnu/libnss_nis-2.19.so
7f4bc2203000-7f4bc221a000 r-xp 00000000 08:06 2373                       /lib/x86_64-linux-gnu/libnsl-2.19.so
7f4bc221a000-7f4bc2419000 ---p 00017000 08:06 2373                       /lib/x86_64-linux-gnu/libnsl-2.19.so
7f4bc2419000-7f4bc241a000 r--p 00016000 08:06 2373                       /lib/x86_64-linux-gnu/libnsl-2.19.so
7f4bc241a000-7f4bc241b000 rw-p 00017000 08:06 2373                       /lib/x86_64-linux-gnu/libnsl-2.19.so
7f4bc241b000-7f4bc241d000 rw-p 00000000 00:00 0 
7f4bc241d000-7f4bc2426000 r-xp 00000000 08:06 1958                       /lib/x86_64-linux-gnu/libnss_compat-2.19.so
7f4bc2426000-7f4bc2625000 ---p 00009000 08:06 1958                       /lib/x86_64-linux-gnu/libnss_compat-2.19.so
7f4bc2625000-7f4bc2626000 r--p 00008000 08:06 1958                       /lib/x86_64-linux-gnu/libnss_compat-2.19.so
7f4bc2626000-7f4bc2627000 rw-p 00009000 08:06 1958                       /lib/x86_64-linux-gnu/libnss_compat-2.19.so
7f4bc2627000-7f4bc2650000 r-xp 00000000 08:06 1325337                    /home/hu/文档/jdk/jre/lib/amd64/libjava.so
7f4bc2650000-7f4bc2850000 ---p 00029000 08:06 1325337                    /home/hu/文档/jdk/jre/lib/amd64/libjava.so
7f4bc2850000-7f4bc2852000 rw-p 00029000 08:06 1325337                    /home/hu/文档/jdk/jre/lib/amd64/libjava.so
7f4bc2852000-7f4bc285f000 r-xp 00000000 08:06 1325326                    /home/hu/文档/jdk/jre/lib/amd64/libverify.so
7f4bc285f000-7f4bc2a5e000 ---p 0000d000 08:06 1325326                    /home/hu/文档/jdk/jre/lib/amd64/libverify.so
7f4bc2a5e000-7f4bc2a60000 rw-p 0000c000 08:06 1325326                    /home/hu/文档/jdk/jre/lib/amd64/libverify.so
7f4bc2a60000-7f4bc2a67000 r-xp 00000000 08:06 2375                       /lib/x86_64-linux-gnu/librt-2.19.so
7f4bc2a67000-7f4bc2c66000 ---p 00007000 08:06 2375                       /lib/x86_64-linux-gnu/librt-2.19.so
7f4bc2c66000-7f4bc2c67000 r--p 00006000 08:06 2375                       /lib/x86_64-linux-gnu/librt-2.19.so
7f4bc2c67000-7f4bc2c68000 rw-p 00007000 08:06 2375                       /lib/x86_64-linux-gnu/librt-2.19.so
7f4bc2c68000-7f4bc2d6d000 r-xp 00000000 08:06 2382                       /lib/x86_64-linux-gnu/libm-2.19.so
7f4bc2d6d000-7f4bc2f6c000 ---p 00105000 08:06 2382                       /lib/x86_64-linux-gnu/libm-2.19.so
7f4bc2f6c000-7f4bc2f6d000 r--p 00104000 08:06 2382                       /lib/x86_64-linux-gnu/libm-2.19.so
7f4bc2f6d000-7f4bc2f6e000 rw-p 00105000 08:06 2382                       /lib/x86_64-linux-gnu/libm-2.19.so
7f4bc2f6e000-7f4bc3ad0000 r-xp 00000000 08:06 1325344                    /home/hu/文档/jdk/jre/lib/amd64/server/libjvm.so
7f4bc3ad0000-7f4bc3cd0000 ---p 00b62000 08:06 1325344                    /home/hu/文档/jdk/jre/lib/amd64/server/libjvm.so
7f4bc3cd0000-7f4bc3d93000 rw-p 00b62000 08:06 1325344                    /home/hu/文档/jdk/jre/lib/amd64/server/libjvm.so
7f4bc3d93000-7f4bc3dd4000 rw-p 00000000 00:00 0 
7f4bc3dd4000-7f4bc3f8f000 r-xp 00000000 08:06 2379                       /lib/x86_64-linux-gnu/libc-2.19.so
7f4bc3f8f000-7f4bc418f000 ---p 001bb000 08:06 2379                       /lib/x86_64-linux-gnu/libc-2.19.so
7f4bc418f000-7f4bc4193000 r--p 001bb000 08:06 2379                       /lib/x86_64-linux-gnu/libc-2.19.so
7f4bc4193000-7f4bc4195000 rw-p 001bf000 08:06 2379                       /lib/x86_64-linux-gnu/libc-2.19.so
7f4bc4195000-7f4bc419a000 rw-p 00000000 00:00 0 
7f4bc419a000-7f4bc419d000 r-xp 00000000 08:06 2391                       /lib/x86_64-linux-gnu/libdl-2.19.so
7f4bc419d000-7f4bc439c000 ---p 00003000 08:06 2391                       /lib/x86_64-linux-gnu/libdl-2.19.so
7f4bc439c000-7f4bc439d000 r--p 00002000 08:06 2391                       /lib/x86_64-linux-gnu/libdl-2.19.so
7f4bc439d000-7f4bc439e000 rw-p 00003000 08:06 2391                       /lib/x86_64-linux-gnu/libdl-2.19.so
7f4bc439e000-7f4bc43b4000 r-xp 00000000 08:06 794149                     /home/hu/文档/jdk/lib/amd64/jli/libjli.so
7f4bc43b4000-7f4bc45b4000 ---p 00016000 08:06 794149                     /home/hu/文档/jdk/lib/amd64/jli/libjli.so
7f4bc45b4000-7f4bc45b5000 rw-p 00016000 08:06 794149                     /home/hu/文档/jdk/lib/amd64/jli/libjli.so
7f4bc45b5000-7f4bc45ce000 r-xp 00000000 08:06 2392                       /lib/x86_64-linux-gnu/libpthread-2.19.so
7f4bc45ce000-7f4bc47cd000 ---p 00019000 08:06 2392                       /lib/x86_64-linux-gnu/libpthread-2.19.so
7f4bc47cd000-7f4bc47ce000 r--p 00018000 08:06 2392                       /lib/x86_64-linux-gnu/libpthread-2.19.so
7f4bc47ce000-7f4bc47cf000 rw-p 00019000 08:06 2392                       /lib/x86_64-linux-gnu/libpthread-2.19.so
7f4bc47cf000-7f4bc47d3000 rw-p 00000000 00:00 0 
7f4bc47d3000-7f4bc47f6000 r-xp 00000000 08:06 2380                       /lib/x86_64-linux-gnu/ld-2.19.so
7f4bc47f7000-7f4bc47f8000 rw-p 00000000 00:00 0 
7f4bc47f8000-7f4bc47fc000 r--s 000f7000 08:06 1200946                    /home/hu/文档/jdk/jre/lib/ext/localedata.jar
7f4bc47fc000-7f4bc4800000 r--s 0008a000 08:06 1200956                    /home/hu/文档/jdk/jre/lib/jsse.jar
7f4bc4800000-7f4bc4824000 rw-p 00000000 00:00 0 
7f4bc4824000-7f4bc48d6000 rw-p 00000000 00:00 0 
7f4bc48d6000-7f4bc48d9000 ---p 00000000 00:00 0 
7f4bc48d9000-7f4bc49db000 rw-p 00000000 00:00 0                          [stack:19276]
7f4bc49db000-7f4bc49e9000 r--s 000b4000 08:06 794699                     /home/hu/文档/android-studio/sdk/build-tools/android-4.4W/lib/dx.jar
7f4bc49e9000-7f4bc49f1000 rw-s 00000000 08:06 1582730                    /tmp/hsperfdata_hu/19267
7f4bc49f1000-7f4bc49f2000 rw-p 00000000 00:00 0 
7f4bc49f2000-7f4bc49f3000 ---p 00000000 00:00 0 
7f4bc49f3000-7f4bc49f5000 rw-p 00000000 00:00 0 
7f4bc49f5000-7f4bc49f6000 r--p 00022000 08:06 2380                       /lib/x86_64-linux-gnu/ld-2.19.so
7f4bc49f6000-7f4bc49f7000 rw-p 00023000 08:06 2380                       /lib/x86_64-linux-gnu/ld-2.19.so
7f4bc49f7000-7f4bc49f8000 rw-p 00000000 00:00 0 
7fff21209000-7fff2122d000 rw-p 00000000 00:00 0                          [stack]
7fff213a9000-7fff213ab000 r-xp 00000000 00:00 0                          [vdso]
ffffffffff600000-ffffffffff601000 r-xp 00000000 00:00 0                  [vsyscall]

VM Arguments:
jvm_args: -Xmx1024M -Dawt.useSystemAAFontSettings=gasp 
java_command: /home/hu/文档/android-studio/sdk/build-tools/android-4.4W/lib/dx.jar --dex --num-threads=4 --output /home/hu/文档/android project/okm_android/main/build/intermediates/dex/debug /home/hu/文档/android project/okm_android/main/build/intermediates/classes/debug /home/hu/文档/android project/okm_android/main/build/intermediates/dependency-cache/debug /home/hu/文档/android project/okm_android/main/build/intermediates/pre-dexed/debug/classes-0d7a832686d45b04b6d99a8d9eeadb683c449487.jar /home/hu/文档/android project/okm_android/main/build/intermediates/pre-dexed/debug/AndroidEasingFunctions-1.0.0-6a6b9f91f9545be9c43dc985f35bfac79a55202b.jar /home/hu/文档/android project/okm_android/main/build/intermediates/pre-dexed/debug/okhttp-1.2.1-fb4fd075bd029504d3119d15f1a7c87d2ed1decb.jar /home/hu/文档/android project/okm_android/main/build/intermediates/pre-dexed/debug/AMap_2DMap_V2.3.0-16cb10d2bd60893ca4491a53e180ed8697aa9bac.jar /home/hu/文档/android project/okm_android/main/build/intermediates/pre-dexed/debug/ShareSDK-Core-2.4.0-8b8f34d2158d882b3d65833a1de81796efaf2fcf.jar /home/hu/文档/android project/okm_android/main/build/intermediates/pre-dexed/debug/ShareSDK-Wechat-Core-2.4.0-cdae2e1108167826517a7758441be77e0b55a64e.jar /home/hu/文档/android project/okm_android/main/build/intermediates/pre-dexed/debug/AndroidViewAnimations-1.1.2-4fb25829db4b157466d72ef539774bed2f0c50bd.jar /home/hu/文档/android project/okm_android/main/build/intermediates/pre-dexed/debug/NineOldAndroid-2.4.0-3a156e5c49662c8f5ba2254f430798cfc57083fc.jar /home/hu/文档/android project/okm_android/main/build/intermediates/pre-dexed/debug/ShareSDK-Wechat-Moments-2.4.0-f00a903df5c34e2b90c63ca3582e57c452f38586.jar /home/hu/文档/android project/okm_android/main/build/intermediates/pre-dexed/debug/Android_Location_V1.3.0-b1cb50fe74f0d917d2f1724d19580767e87c060f.jar /home/hu/文档/android project/okm_android/main/build/intermediates/pre-dexed/debug/ShareSDK-SinaWeibo-2.4.0-
Launcher Type: SUN_STANDARD

Environment Variables:
JAVA_HOME=/home/hu/文档/jdk
_JAVA_OPTIONS=  -Dawt.useSystemAAFontSettings=gasp
CLASSPATH=./../lib/bootstrap.jar:./../lib/extensions.jar:./../lib/util.jar:./../lib/jdom.jar:./../lib/log4j.jar:./../lib/trove4j.jar:./../lib/jna.jar:/home/hu/文档/jdk/lib/tools.jar
PATH=/usr/local/sbin:/usr/local/bin:/usr/sbin:/usr/bin:/sbin:/bin:/usr/games:/usr/local/games
LD_LIBRARY_PATH=.:
SHELL=/bin/bash
DISPLAY=:0.0

Signal Handlers:
SIGSEGV: [libjvm.so+0x993980], sa_mask[0]=0x7ffbfeff, sa_flags=0x10000004
SIGBUS: [libjvm.so+0x993980], sa_mask[0]=0x7ffbfeff, sa_flags=0x10000004
SIGFPE: [libjvm.so+0x8106e0], sa_mask[0]=0x7ffbfeff, sa_flags=0x10000004
SIGPIPE: [libjvm.so+0x8106e0], sa_mask[0]=0x7ffbfeff, sa_flags=0x10000004
SIGXFSZ: [libjvm.so+0x8106e0], sa_mask[0]=0x7ffbfeff, sa_flags=0x10000004
SIGILL: [libjvm.so+0x8106e0], sa_mask[0]=0x7ffbfeff, sa_flags=0x10000004
SIGUSR1: SIG_DFL, sa_mask[0]=0x00000000, sa_flags=0x00000000
SIGUSR2: [libjvm.so+0x811bd0], sa_mask[0]=0x00000004, sa_flags=0x10000004
SIGHUP: [libjvm.so+0x812b40], sa_mask[0]=0x7ffbfeff, sa_flags=0x10000004
SIGINT: [libjvm.so+0x812b40], sa_mask[0]=0x7ffbfeff, sa_flags=0x10000004
SIGTERM: [libjvm.so+0x812b40], sa_mask[0]=0x7ffbfeff, sa_flags=0x10000004
SIGQUIT: [libjvm.so+0x812b40], sa_mask[0]=0x7ffbfeff, sa_flags=0x10000004


---------------  S Y S T E M  ---------------

OS:wheezy/sid

uname:Linux 3.13.0-36-generic #63-Ubuntu SMP Wed Sep 3 21:30:07 UTC 2014 x86_64
libc:glibc 2.19 NPTL 2.19 
rlimit: STACK 8192k, CORE 0k, NPROC 31310, NOFILE 4096, AS infinity
load average:1.33 0.92 0.82

/proc/meminfo:
MemTotal:        4029432 kB
MemFree:          113024 kB
Buffers:            1172 kB
Cached:           136824 kB
SwapCached:            0 kB
Active:          3528872 kB
Inactive:          97608 kB
Active(anon):    3489956 kB
Inactive(anon):    54652 kB
Active(file):      38916 kB
Inactive(file):    42956 kB
Unevictable:          32 kB
Mlocked:              32 kB
SwapTotal:             0 kB
SwapFree:              0 kB
Dirty:              1496 kB
Writeback:             0 kB
AnonPages:       3488768 kB
Mapped:           123604 kB
Shmem:             55884 kB
Slab:              67764 kB
SReclaimable:      31508 kB
SUnreclaim:        36256 kB
KernelStack:        5232 kB
PageTables:        39252 kB
NFS_Unstable:          0 kB
Bounce:                0 kB
WritebackTmp:          0 kB
CommitLimit:     2014716 kB
Committed_AS:    7172644 kB
VmallocTotal:   34359738367 kB
VmallocUsed:      328164 kB
VmallocChunk:   34359332904 kB
HardwareCorrupted:     0 kB
AnonHugePages:   1855488 kB
HugePages_Total:       0
HugePages_Free:        0
HugePages_Rsvd:        0
HugePages_Surp:        0
Hugepagesize:       2048 kB
DirectMap4k:       78080 kB
DirectMap2M:     4098048 kB


CPU:total 4 (2 cores per cpu, 2 threads per core) family 6 model 42 stepping 7, cmov, cx8, fxsr, mmx, sse, sse2, sse3, ssse3, sse4.1, sse4.2, popcnt, avx, aes, ht, tsc, tscinvbit

/proc/cpuinfo:
processor	: 0
vendor_id	: GenuineIntel
cpu family	: 6
model		: 42
model name	: Intel(R) Core(TM) i5-2520M CPU @ 2.50GHz
stepping	: 7
microcode	: 0x18
cpu MHz		: 800.000
cache size	: 3072 KB
physical id	: 0
siblings	: 4
core id		: 0
cpu cores	: 2
apicid		: 0
initial apicid	: 0
fpu		: yes
fpu_exception	: yes
cpuid level	: 13
wp		: yes
flags		: fpu vme de pse tsc msr pae mce cx8 apic sep mtrr pge mca cmov pat pse36 clflush dts acpi mmx fxsr sse sse2 ss ht tm pbe syscall nx rdtscp lm constant_tsc arch_perfmon pebs bts rep_good nopl xtopology nonstop_tsc aperfmperf eagerfpu pni pclmulqdq dtes64 monitor ds_cpl vmx smx est tm2 ssse3 cx16 xtpr pdcm pcid sse4_1 sse4_2 x2apic popcnt tsc_deadline_timer aes xsave avx lahf_lm ida arat epb xsaveopt pln pts dtherm tpr_shadow vnmi flexpriority ept vpid
bogomips	: 4988.37
clflush size	: 64
cache_alignment	: 64
address sizes	: 36 bits physical, 48 bits virtual
power management:

processor	: 1
vendor_id	: GenuineIntel
cpu family	: 6
model		: 42
model name	: Intel(R) Core(TM) i5-2520M CPU @ 2.50GHz
stepping	: 7
microcode	: 0x18
cpu MHz		: 1400.000
cache size	: 3072 KB
physical id	: 0
siblings	: 4
core id		: 0
cpu cores	: 2
apicid		: 1
initial apicid	: 1
fpu		: yes
fpu_exception	: yes
cpuid level	: 13
wp		: yes
flags		: fpu vme de pse tsc msr pae mce cx8 apic sep mtrr pge mca cmov pat pse36 clflush dts acpi mmx fxsr sse sse2 ss ht tm pbe syscall nx rdtscp lm constant_tsc arch_perfmon pebs bts rep_good nopl xtopology nonstop_tsc aperfmperf eagerfpu pni pclmulqdq dtes64 monitor ds_cpl vmx smx est tm2 ssse3 cx16 xtpr pdcm pcid sse4_1 sse4_2 x2apic popcnt tsc_deadline_timer aes xsave avx lahf_lm ida arat epb xsaveopt pln pts dtherm tpr_shadow vnmi flexpriority ept vpid
bogomips	: 4988.37
clflush size	: 64
cache_alignment	: 64
address sizes	: 36 bits physical, 48 bits virtual
power management:

processor	: 2
vendor_id	: GenuineIntel
cpu family	: 6
model		: 42
model name	: Intel(R) Core(TM) i5-2520M CPU @ 2.50GHz
stepping	: 7
microcode	: 0x18
cpu MHz		: 2501.000
cache size	: 3072 KB
physical id	: 0
siblings	: 4
core id		: 1
cpu cores	: 2
apicid		: 2
initial apicid	: 2
fpu		: yes
fpu_exception	: yes
cpuid level	: 13
wp		: yes
flags		: fpu vme de pse tsc msr pae mce cx8 apic sep mtrr pge mca cmov pat pse36 clflush dts acpi mmx fxsr sse sse2 ss ht tm pbe syscall nx rdtscp lm constant_tsc arch_perfmon pebs bts rep_good nopl xtopology nonstop_tsc aperfmperf eagerfpu pni pclmulqdq dtes64 monitor ds_cpl vmx smx est tm2 ssse3 cx16 xtpr pdcm pcid sse4_1 sse4_2 x2apic popcnt tsc_deadline_timer aes xsave avx lahf_lm ida arat epb xsaveopt pln pts dtherm tpr_shadow vnmi flexpriority ept vpid
bogomips	: 4988.37
clflush size	: 64
cache_alignment	: 64
address sizes	: 36 bits physical, 48 bits virtual
power management:

processor	: 3
vendor_id	: GenuineIntel
cpu family	: 6
model		: 42
model name	: Intel(R) Core(TM) i5-2520M CPU @ 2.50GHz
stepping	: 7
microcode	: 0x18
cpu MHz		: 2500.000
cache size	: 3072 KB
physical id	: 0
siblings	: 4
core id		: 1
cpu cores	: 2
apicid		: 3
initial apicid	: 3
fpu		: yes
fpu_exception	: yes
cpuid level	: 13
wp		: yes
flags		: fpu vme de pse tsc msr pae mce cx8 apic sep mtrr pge mca cmov pat pse36 clflush dts acpi mmx fxsr sse sse2 ss ht tm pbe syscall nx rdtscp lm constant_tsc arch_perfmon pebs bts rep_good nopl xtopology nonstop_tsc aperfmperf eagerfpu pni pclmulqdq dtes64 monitor ds_cpl vmx smx est tm2 ssse3 cx16 xtpr pdcm pcid sse4_1 sse4_2 x2apic popcnt tsc_deadline_timer aes xsave avx lahf_lm ida arat epb xsaveopt pln pts dtherm tpr_shadow vnmi flexpriority ept vpid
bogomips	: 4988.37
clflush size	: 64
cache_alignment	: 64
address sizes	: 36 bits physical, 48 bits virtual
power management:



Memory: 4k page, physical 4029432k(113024k free), swap 0k(0k free)

vm_info: Java HotSpot(TM) 64-Bit Server VM (24.55-b03) for linux-amd64 JRE (1.7.0_55-b13), built on Mar 17 2014 19:43:58 by "java_re" with gcc 4.3.0 20080428 (Red Hat 4.3.0-8)

time: Thu Oct  9 22:21:52 2014
elapsed time: 9 seconds

