#
# There is insufficient memory for the Java Runtime Environment to continue.
# Native memory allocation (malloc) failed to allocate 122683392 bytes for committing reserved memory.
# Possible reasons:
#   The system is out of physical RAM or swap space
#   In 32 bit mode, the process size limit was hit
# Possible solutions:
#   Reduce memory load on the system
#   Increase physical memory or swap space
#   Check if swap backing store is full
#   Use 64 bit Java on a 64 bit OS
#   Decrease Java heap size (-Xmx/-Xms)
#   Decrease number of Java threads
#   Decrease Java thread stack sizes (-Xss)
#   Set larger code cache with -XX:ReservedCodeCacheSize=
# This output file may be truncated or incomplete.
#
#  Out of Memory Error (os_linux.cpp:2798), pid=20897, tid=140623277180672
#
# JRE version: OpenJDK Runtime Environment (7.0_65-b32) (build 1.7.0_65-b32)
# Java VM: OpenJDK 64-Bit Server VM (24.65-b04 mixed mode linux-amd64 compressed oops)
# Derivative: IcedTea 2.5.2
# Distribution: Ubuntu 14.04 LTS, package 7u65-2.5.2-3~14.04
# Failed to write core dump. Core dumps have been disabled. To enable core dumping, try "ulimit -c unlimited" before starting Java again
#

---------------  T H R E A D  ---------------

Current thread (0x00007fe57413e800):  VMThread [stack: 0x00007fe5686bc000,0x00007fe5687bd000] [id=20912]

Stack: [0x00007fe5686bc000,0x00007fe5687bd000],  sp=0x00007fe5687bb490,  free space=1021k
Native frames: (J=compiled Java code, j=interpreted, Vv=VM code, C=native code)
V  [libjvm.so+0x9486a5]  VMError::report_and_die()+0x175
V  [libjvm.so+0x48b904]  report_vm_out_of_memory(char const*, int, unsigned long, char const*)+0x74
V  [libjvm.so+0x7c76ab]  os::pd_commit_memory(char*, unsigned long, unsigned long, bool)+0xeb
V  [libjvm.so+0x7c216f]  os::commit_memory(char*, unsigned long, unsigned long, bool)+0x1f
V  [libjvm.so+0x8338fb]  PSVirtualSpace::expand_by(unsigned long)+0x5b
V  [libjvm.so+0x834750]  PSYoungGen::resize_generation(unsigned long, unsigned long)+0xb0
V  [libjvm.so+0x834e3b]  PSYoungGen::resize(unsigned long, unsigned long)+0x1b
V  [libjvm.so+0x831120]  PSScavenge::invoke_no_policy()+0xde0
V  [libjvm.so+0x8318f8]  PSScavenge::invoke()+0x38
V  [libjvm.so+0x7e82d3]  ParallelScavengeHeap::failed_mem_allocate(unsigned long)+0x63
V  [libjvm.so+0x94a0a4]  VM_ParallelGCFailedAllocation::doit()+0x84
V  [libjvm.so+0x94e597]  VM_Operation::evaluate()+0x47
V  [libjvm.so+0x94cf08]  VMThread::evaluate_operation(VM_Operation*)+0x318
V  [libjvm.so+0x94d369]  VMThread::loop()+0x219
V  [libjvm.so+0x94d7b2]  VMThread::run()+0x72
V  [libjvm.so+0x7c4572]  java_start(Thread*)+0xf2

VM_Operation (0x00007fe57ae29490): ParallelGCFailedAllocation, mode: safepoint, requested by thread 0x00007fe57400c000


---------------  P R O C E S S  ---------------

Java Threads: ( => current thread )
  0x00007fe57416f000 JavaThread "Service Thread" daemon [_thread_blocked, id=20918, stack(0x00007fe55bcfd000,0x00007fe55bdfe000)]
  0x00007fe57416d000 JavaThread "C2 CompilerThread1" daemon [_thread_blocked, id=20917, stack(0x00007fe55bdfe000,0x00007fe55beff000)]
  0x00007fe57416a000 JavaThread "C2 CompilerThread0" daemon [_thread_blocked, id=20916, stack(0x00007fe55beff000,0x00007fe55c000000)]
  0x00007fe574168000 JavaThread "Signal Dispatcher" daemon [_thread_blocked, id=20915, stack(0x00007fe56808c000,0x00007fe56818d000)]
  0x00007fe574145000 JavaThread "Finalizer" daemon [_thread_blocked, id=20914, stack(0x00007fe5684ba000,0x00007fe5685bb000)]
  0x00007fe574143000 JavaThread "Reference Handler" daemon [_thread_blocked, id=20913, stack(0x00007fe5685bb000,0x00007fe5686bc000)]
  0x00007fe57400c000 JavaThread "main" [_thread_blocked, id=20907, stack(0x00007fe57ad2a000,0x00007fe57ae2b000)]

Other Threads:
=>0x00007fe57413e800 VMThread [stack: 0x00007fe5686bc000,0x00007fe5687bd000] [id=20912]
  0x00007fe57417a000 WatcherThread [stack: 0x00007fe55bbfc000,0x00007fe55bcfd000] [id=20919]

VM state:at safepoint (normal execution)

VM Mutex/Monitor currently owned by a thread:  ([mutex/lock_event])
[0x00007fe574008500] Threads_lock - owner thread: 0x00007fe57413e800
[0x00007fe574008a00] Heap_lock - owner thread: 0x00007fe57400c000

Heap
 PSYoungGen      total 211968K, used 11669K [0x00000000eaa80000, 0x00000000f8780000, 0x0000000100000000)
  eden space 197632K, 0% used [0x00000000eaa80000,0x00000000eaa80000,0x00000000f6b80000)
  from space 14336K, 81% used [0x00000000f6b80000,0x00000000f76e5728,0x00000000f7980000)
  to   space 14336K, 0% used [0x00000000f7980000,0x00000000f7980000,0x00000000f8780000)
 ParOldGen       total 46080K, used 42135K [0x00000000c0000000, 0x00000000c2d00000, 0x00000000eaa80000)
  object space 46080K, 91% used [0x00000000c0000000,0x00000000c2925e58,0x00000000c2d00000)
 PSPermGen       total 21504K, used 7625K [0x00000000b5a00000, 0x00000000b6f00000, 0x00000000c0000000)
  object space 21504K, 35% used [0x00000000b5a00000,0x00000000b61726b8,0x00000000b6f00000)

Card table byte_map: [0x00007fe570571000,0x00007fe5707c5000] byte_map_base: 0x00007fe56ffc4000

Polling page: 0x00007fe57ae48000

Code Cache  [0x00007fe5707c5000, 0x00007fe570b45000, 0x00007fe5737c5000)
 total_blobs=1332 nmethods=1077 adapters=208 free_code_cache=45704Kb largest_free_block=46726976

Compilation events (10 events):
Event: 8.368 Thread 0x00007fe57416d000 1087             com.android.dx.io.instructions.ZeroRegisterDecodedInstruction::withIndex (29 bytes)
Event: 8.368 Thread 0x00007fe57416a000 1088             com.android.dx.io.instructions.ZeroRegisterDecodedInstruction::getRegisterCount (2 bytes)
Event: 8.368 Thread 0x00007fe57416a000 nmethod 1088 0x00007fe570a448d0 code [0x00007fe570a44a00, 0x00007fe570a44a58]
Event: 8.368 Thread 0x00007fe57416a000 1089             com.android.dx.io.instructions.DecodedInstruction::getA (2 bytes)
Event: 8.368 Thread 0x00007fe57416a000 nmethod 1089 0x00007fe570a446d0 code [0x00007fe570a44800, 0x00007fe570a44858]
Event: 8.370 Thread 0x00007fe57416d000 nmethod 1087 0x00007fe570a442d0 code [0x00007fe570a44420, 0x00007fe570a44598]
Event: 8.377 Thread 0x00007fe57416a000 1090             com.android.dx.io.instructions.InstructionCodec$7::decode (50 bytes)
Event: 8.377 Thread 0x00007fe57416d000 1091             com.android.dx.io.instructions.InstructionCodec$7::encode (23 bytes)
Event: 8.378 Thread 0x00007fe57416d000 nmethod 1091 0x00007fe570b2da90 code [0x00007fe570b2dbe0, 0x00007fe570b2dd38]
Event: 8.378 Thread 0x00007fe57416a000 nmethod 1090 0x00007fe570b2d5d0 code [0x00007fe570b2d720, 0x00007fe570b2d8f8]

GC Heap History (10 events):
Event: 5.776 GC heap after
Heap after GC invocations=6 (full 0):
 PSYoungGen      total 72704K, used 6724K [0x00000000eaa80000, 0x00000000efa80000, 0x0000000100000000)
  eden space 63488K, 0% used [0x00000000eaa80000,0x00000000eaa80000,0x00000000ee880000)
  from space 9216K, 72% used [0x00000000ef180000,0x00000000ef811378,0x00000000efa80000)
  to   space 9216K, 0% used [0x00000000ee880000,0x00000000ee880000,0x00000000ef180000)
 ParOldGen       total 41984K, used 17988K [0x00000000c0000000, 0x00000000c2900000, 0x00000000eaa80000)
  object space 41984K, 42% used [0x00000000c0000000,0x00000000c1191220,0x00000000c2900000)
 PSPermGen       total 21504K, used 6801K [0x00000000b5a00000, 0x00000000b6f00000, 0x00000000c0000000)
  object space 21504K, 31% used [0x00000000b5a00000,0x00000000b60a4520,0x00000000b6f00000)
}
Event: 6.878 GC heap before
{Heap before GC invocations=7 (full 0):
 PSYoungGen      total 72704K, used 70212K [0x00000000eaa80000, 0x00000000efa80000, 0x0000000100000000)
  eden space 63488K, 100% used [0x00000000eaa80000,0x00000000ee880000,0x00000000ee880000)
  from space 9216K, 72% used [0x00000000ef180000,0x00000000ef811378,0x00000000efa80000)
  to   space 9216K, 0% used [0x00000000ee880000,0x00000000ee880000,0x00000000ef180000)
 ParOldGen       total 41984K, used 17988K [0x00000000c0000000, 0x00000000c2900000, 0x00000000eaa80000)
  object space 41984K, 42% used [0x00000000c0000000,0x00000000c1191220,0x00000000c2900000)
 PSPermGen       total 21504K, used 7495K [0x00000000b5a00000, 0x00000000b6f00000, 0x00000000c0000000)
  object space 21504K, 34% used [0x00000000b5a00000,0x00000000b6151fd8,0x00000000b6f00000)
Event: 6.888 GC heap after
Heap after GC invocations=7 (full 0):
 PSYoungGen      total 72704K, used 8254K [0x00000000eaa80000, 0x00000000f3980000, 0x0000000100000000)
  eden space 63488K, 0% used [0x00000000eaa80000,0x00000000eaa80000,0x00000000ee880000)
  from space 9216K, 89% used [0x00000000ee880000,0x00000000ef08f858,0x00000000ef180000)
  to   space 9728K, 0% used [0x00000000f3000000,0x00000000f3000000,0x00000000f3980000)
 ParOldGen       total 41984K, used 19178K [0x00000000c0000000, 0x00000000c2900000, 0x00000000eaa80000)
  object space 41984K, 45% used [0x00000000c0000000,0x00000000c12ba8c8,0x00000000c2900000)
 PSPermGen       total 21504K, used 7495K [0x00000000b5a00000, 0x00000000b6f00000, 0x00000000c0000000)
  object space 21504K, 34% used [0x00000000b5a00000,0x00000000b6151fd8,0x00000000b6f00000)
}
Event: 7.138 GC heap before
{Heap before GC invocations=8 (full 0):
 PSYoungGen      total 72704K, used 71742K [0x00000000eaa80000, 0x00000000f3980000, 0x0000000100000000)
  eden space 63488K, 100% used [0x00000000eaa80000,0x00000000ee880000,0x00000000ee880000)
  from space 9216K, 89% used [0x00000000ee880000,0x00000000ef08f858,0x00000000ef180000)
  to   space 9728K, 0% used [0x00000000f3000000,0x00000000f3000000,0x00000000f3980000)
 ParOldGen       total 41984K, used 19178K [0x00000000c0000000, 0x00000000c2900000, 0x00000000eaa80000)
  object space 41984K, 45% used [0x00000000c0000000,0x00000000c12ba8c8,0x00000000c2900000)
 PSPermGen       total 21504K, used 7517K [0x00000000b5a00000, 0x00000000b6f00000, 0x00000000c0000000)
  object space 21504K, 34% used [0x00000000b5a00000,0x00000000b6157700,0x00000000b6f00000)
Event: 7.148 GC heap after
Heap after GC invocations=8 (full 0):
 PSYoungGen      total 133120K, used 9718K [0x00000000eaa80000, 0x00000000f4080000, 0x0000000100000000)
  eden space 123392K, 0% used [0x00000000eaa80000,0x00000000eaa80000,0x00000000f2300000)
  from space 9728K, 99% used [0x00000000f3000000,0x00000000f397d9f0,0x00000000f3980000)
  to   space 13312K, 0% used [0x00000000f2300000,0x00000000f2300000,0x00000000f3000000)
 ParOldGen       total 41984K, used 24702K [0x00000000c0000000, 0x00000000c2900000, 0x00000000eaa80000)
  object space 41984K, 58% used [0x00000000c0000000,0x00000000c181fb40,0x00000000c2900000)
 PSPermGen       total 21504K, used 7517K [0x00000000b5a00000, 0x00000000b6f00000, 0x00000000c0000000)
  object space 21504K, 34% used [0x00000000b5a00000,0x00000000b6157700,0x00000000b6f00000)
}
Event: 7.647 GC heap before
{Heap before GC invocations=9 (full 0):
 PSYoungGen      total 133120K, used 133110K [0x00000000eaa80000, 0x00000000f4080000, 0x0000000100000000)
  eden space 123392K, 100% used [0x00000000eaa80000,0x00000000f2300000,0x00000000f2300000)
  from space 9728K, 99% used [0x00000000f3000000,0x00000000f397d9f0,0x00000000f3980000)
  to   space 13312K, 0% used [0x00000000f2300000,0x00000000f2300000,0x00000000f3000000)
 ParOldGen       total 41984K, used 24702K [0x00000000c0000000, 0x00000000c2900000, 0x00000000eaa80000)
  object space 41984K, 58% used [0x00000000c0000000,0x00000000c181fb40,0x00000000c2900000)
 PSPermGen       total 21504K, used 7617K [0x00000000b5a00000, 0x00000000b6f00000, 0x00000000c0000000)
  object space 21504K, 35% used [0x00000000b5a00000,0x00000000b61705e0,0x00000000b6f00000)
Event: 7.673 GC heap after
Heap after GC invocations=9 (full 0):
 PSYoungGen      total 136704K, used 12052K [0x00000000eaa80000, 0x00000000f8780000, 0x0000000100000000)
  eden space 123392K, 0% used [0x00000000eaa80000,0x00000000eaa80000,0x00000000f2300000)
  from space 13312K, 90% used [0x00000000f2300000,0x00000000f2ec53f8,0x00000000f3000000)
  to   space 14336K, 0% used [0x00000000f7980000,0x00000000f7980000,0x00000000f8780000)
 ParOldGen       total 41984K, used 31131K [0x00000000c0000000, 0x00000000c2900000, 0x00000000eaa80000)
  object space 41984K, 74% used [0x00000000c0000000,0x00000000c1e66fa0,0x00000000c2900000)
 PSPermGen       total 21504K, used 7617K [0x00000000b5a00000, 0x00000000b6f00000, 0x00000000c0000000)
  object space 21504K, 35% used [0x00000000b5a00000,0x00000000b61705e0,0x00000000b6f00000)
}
Event: 7.910 GC heap before
{Heap before GC invocations=10 (full 0):
 PSYoungGen      total 136704K, used 135444K [0x00000000eaa80000, 0x00000000f8780000, 0x0000000100000000)
  eden space 123392K, 100% used [0x00000000eaa80000,0x00000000f2300000,0x00000000f2300000)
  from space 13312K, 90% used [0x00000000f2300000,0x00000000f2ec53f8,0x00000000f3000000)
  to   space 14336K, 0% used [0x00000000f7980000,0x00000000f7980000,0x00000000f8780000)
 ParOldGen       total 41984K, used 31131K [0x00000000c0000000, 0x00000000c2900000, 0x00000000eaa80000)
  object space 41984K, 74% used [0x00000000c0000000,0x00000000c1e66fa0,0x00000000c2900000)
 PSPermGen       total 21504K, used 7620K [0x00000000b5a00000, 0x00000000b6f00000, 0x00000000c0000000)
  object space 21504K, 35% used [0x00000000b5a00000,0x00000000b6171210,0x00000000b6f00000)
Event: 8.113 GC heap after
Heap after GC invocations=10 (full 0):
 PSYoungGen      total 211968K, used 9367K [0x00000000eaa80000, 0x00000000f8780000, 0x0000000100000000)
  eden space 197632K, 0% used [0x00000000eaa80000,0x00000000eaa80000,0x00000000f6b80000)
  from space 14336K, 65% used [0x00000000f7980000,0x00000000f82a5d38,0x00000000f8780000)
  to   space 14336K, 0% used [0x00000000f6b80000,0x00000000f6b80000,0x00000000f7980000)
 ParOldGen       total 41984K, used 34277K [0x00000000c0000000, 0x00000000c2900000, 0x00000000eaa80000)
  object space 41984K, 81% used [0x00000000c0000000,0x00000000c2179748,0x00000000c2900000)
 PSPermGen       total 21504K, used 7620K [0x00000000b5a00000, 0x00000000b6f00000, 0x00000000c0000000)
  object space 21504K, 35% used [0x00000000b5a00000,0x00000000b6171210,0x00000000b6f00000)
}
Event: 8.586 GC heap before
{Heap before GC invocations=11 (full 0):
 PSYoungGen      total 211968K, used 206999K [0x00000000eaa80000, 0x00000000f8780000, 0x0000000100000000)
  eden space 197632K, 100% used [0x00000000eaa80000,0x00000000f6b80000,0x00000000f6b80000)
  from space 14336K, 65% used [0x00000000f7980000,0x00000000f82a5d38,0x00000000f8780000)
  to   space 14336K, 0% used [0x00000000f6b80000,0x00000000f6b80000,0x00000000f7980000)
 ParOldGen       total 41984K, used 34277K [0x00000000c0000000, 0x00000000c2900000, 0x00000000eaa80000)
  object space 41984K, 81% used [0x00000000c0000000,0x00000000c2179748,0x00000000c2900000)
 PSPermGen       total 21504K, used 7625K [0x00000000b5a00000, 0x00000000b6f00000, 0x00000000c0000000)
  object space 21504K, 35% used [0x00000000b5a00000,0x00000000b61726b8,0x00000000b6f00000)

Deoptimization events (10 events):
Event: 7.150 Thread 0x00007fe57400c000 Uncommon trap: reason=array_check action=maybe_recompile pc=0x00007fe570ae2e7c method=java.util.TimSort.binarySort([Ljava/lang/Object;IIILjava/util/Comparator;)V @ 193
Event: 7.150 Thread 0x00007fe57400c000 Uncommon trap: reason=array_check action=maybe_recompile pc=0x00007fe570ae2e7c method=java.util.TimSort.binarySort([Ljava/lang/Object;IIILjava/util/Comparator;)V @ 193
Event: 7.150 Thread 0x00007fe57400c000 Uncommon trap: reason=array_check action=maybe_recompile pc=0x00007fe570ae2f4c method=java.util.TimSort.binarySort([Ljava/lang/Object;IIILjava/util/Comparator;)V @ 183
Event: 7.150 Thread 0x00007fe57400c000 Uncommon trap: reason=array_check action=maybe_recompile pc=0x00007fe570ae2e7c method=java.util.TimSort.binarySort([Ljava/lang/Object;IIILjava/util/Comparator;)V @ 193
Event: 7.185 Thread 0x00007fe57400c000 Uncommon trap: reason=array_check action=maybe_recompile pc=0x00007fe570ad26a0 method=java.util.ComparableTimSort.binarySort([Ljava/lang/Object;III)V @ 193
Event: 7.232 Thread 0x00007fe57400c000 Uncommon trap: reason=array_check action=maybe_recompile pc=0x00007fe570ad26a0 method=java.util.ComparableTimSort.binarySort([Ljava/lang/Object;III)V @ 193
Event: 7.597 Thread 0x00007fe57400c000 Uncommon trap: reason=array_check action=maybe_recompile pc=0x00007fe570af93a0 method=java.util.ComparableTimSort.binarySort([Ljava/lang/Object;III)V @ 215
Event: 7.643 Thread 0x00007fe57400c000 Uncommon trap: reason=array_check action=maybe_recompile pc=0x00007fe570af93a0 method=java.util.ComparableTimSort.binarySort([Ljava/lang/Object;III)V @ 215
Event: 7.717 Thread 0x00007fe57400c000 Uncommon trap: reason=array_check action=maybe_recompile pc=0x00007fe570b245e0 method=java.util.ComparableTimSort.binarySort([Ljava/lang/Object;III)V @ 183
Event: 7.825 Thread 0x00007fe57400c000 Uncommon trap: reason=array_check action=maybe_recompile pc=0x00007fe570b245e0 method=java.util.ComparableTimSort.binarySort([Ljava/lang/Object;III)V @ 183

Internal exceptions (10 events):
Event: 5.638 Thread 0x00007fe57400c000 Threw 0x00000000ec856e40 at /build/buildd/openjdk-7-7u65-2.5.2/build/openjdk/hotspot/src/share/vm/prims/jvm.cpp:1247
Event: 5.640 Thread 0x00007fe57400c000 Threw 0x00000000ec85eb10 at /build/buildd/openjdk-7-7u65-2.5.2/build/openjdk/hotspot/src/share/vm/prims/jvm.cpp:1247
Event: 5.641 Thread 0x00007fe57400c000 Threw 0x00000000ec861808 at /build/buildd/openjdk-7-7u65-2.5.2/build/openjdk/hotspot/src/share/vm/prims/jvm.cpp:1247
Event: 6.114 Thread 0x00007fe57400c000 Threw 0x00000000eab80f68 at /build/buildd/openjdk-7-7u65-2.5.2/build/openjdk/hotspot/src/share/vm/prims/jvm.cpp:1247
Event: 6.114 Thread 0x00007fe57400c000 Threw 0x00000000eab81090 at /build/buildd/openjdk-7-7u65-2.5.2/build/openjdk/hotspot/src/share/vm/prims/jvm.cpp:1247
Event: 6.114 Thread 0x00007fe57400c000 Threw 0x00000000eab83740 at /build/buildd/openjdk-7-7u65-2.5.2/build/openjdk/hotspot/src/share/vm/prims/jvm.cpp:1247
Event: 6.114 Thread 0x00007fe57400c000 Threw 0x00000000eab83868 at /build/buildd/openjdk-7-7u65-2.5.2/build/openjdk/hotspot/src/share/vm/prims/jvm.cpp:1247
Event: 6.114 Thread 0x00007fe57400c000 Threw 0x00000000eab84268 at /build/buildd/openjdk-7-7u65-2.5.2/build/openjdk/hotspot/src/share/vm/prims/jvm.cpp:1247
Event: 6.114 Thread 0x00007fe57400c000 Threw 0x00000000eab84390 at /build/buildd/openjdk-7-7u65-2.5.2/build/openjdk/hotspot/src/share/vm/prims/jvm.cpp:1247
Event: 6.522 Thread 0x00007fe57400c000 Threw 0x00000000ebc6b858 at /build/buildd/openjdk-7-7u65-2.5.2/build/openjdk/hotspot/src/share/vm/prims/jvm.cpp:1247

Events (10 events):
Event: 7.825 Thread 0x00007fe57400c000 DEOPT UNPACKING pc=0x00007fe5707fe445 sp=0x00007fe57ae29418 mode 2
Event: 7.910 Executing VM operation: ParallelGCFailedAllocation
Event: 8.113 Executing VM operation: ParallelGCFailedAllocation done
Event: 8.233 Thread 0x00007fe57416d000 flushing nmethod 0x00007fe5708a0990
Event: 8.237 Thread 0x00007fe57416d000 flushing nmethod 0x00007fe570a3c850
Event: 8.237 Thread 0x00007fe57416d000 flushing nmethod 0x00007fe570a44190
Event: 8.240 Thread 0x00007fe57416a000 flushing nmethod 0x00007fe570a56a50
Event: 8.240 Thread 0x00007fe57416a000 flushing nmethod 0x00007fe570a58390
Event: 8.368 Thread 0x00007fe57416a000 flushing nmethod 0x00007fe570a95450
Event: 8.586 Executing VM operation: ParallelGCFailedAllocation


Dynamic libraries:
00400000-00401000 r-xp 00000000 08:06 525475                             /usr/lib/jvm/java-7-openjdk-amd64/jre/bin/java
00600000-00601000 r--p 00000000 08:06 525475                             /usr/lib/jvm/java-7-openjdk-amd64/jre/bin/java
00601000-00602000 rw-p 00001000 08:06 525475                             /usr/lib/jvm/java-7-openjdk-amd64/jre/bin/java
01912000-01933000 rw-p 00000000 00:00 0                                  [heap]
b5a00000-b6f00000 rw-p 00000000 00:00 0 
b6f00000-c0000000 rw-p 00000000 00:00 0 
c0000000-c2d00000 rw-p 00000000 00:00 0 
c2d00000-eaa80000 rw-p 00000000 00:00 0 
eaa80000-f8780000 rw-p 00000000 00:00 0 
ffc80000-100000000 rw-p 00000000 00:00 0 
7fe524000000-7fe52406d000 rw-p 00000000 00:00 0 
7fe52406d000-7fe528000000 ---p 00000000 00:00 0 
7fe52c000000-7fe52c02d000 rw-p 00000000 00:00 0 
7fe52c02d000-7fe530000000 ---p 00000000 00:00 0 
7fe530000000-7fe530045000 rw-p 00000000 00:00 0 
7fe530045000-7fe534000000 ---p 00000000 00:00 0 
7fe534000000-7fe534021000 rw-p 00000000 00:00 0 
7fe534021000-7fe538000000 ---p 00000000 00:00 0 
7fe538000000-7fe538029000 rw-p 00000000 00:00 0 
7fe538029000-7fe53c000000 ---p 00000000 00:00 0 
7fe53c000000-7fe53d628000 rw-p 00000000 00:00 0 
7fe53d628000-7fe540000000 ---p 00000000 00:00 0 
7fe540000000-7fe540021000 rw-p 00000000 00:00 0 
7fe540021000-7fe544000000 ---p 00000000 00:00 0 
7fe544000000-7fe544021000 rw-p 00000000 00:00 0 
7fe544021000-7fe548000000 ---p 00000000 00:00 0 
7fe548000000-7fe54986c000 rw-p 00000000 00:00 0 
7fe54986c000-7fe54c000000 ---p 00000000 00:00 0 
7fe54c000000-7fe54c021000 rw-p 00000000 00:00 0 
7fe54c021000-7fe550000000 ---p 00000000 00:00 0 
7fe550000000-7fe550021000 rw-p 00000000 00:00 0 
7fe550021000-7fe554000000 ---p 00000000 00:00 0 
7fe554000000-7fe554021000 rw-p 00000000 00:00 0 
7fe554021000-7fe558000000 ---p 00000000 00:00 0 
7fe55a07a000-7fe55a0b7000 r-xp 00000000 08:06 2147                       /lib/x86_64-linux-gnu/libpcre.so.3.13.1
7fe55a0b7000-7fe55a2b6000 ---p 0003d000 08:06 2147                       /lib/x86_64-linux-gnu/libpcre.so.3.13.1
7fe55a2b6000-7fe55a2b7000 r--p 0003c000 08:06 2147                       /lib/x86_64-linux-gnu/libpcre.so.3.13.1
7fe55a2b7000-7fe55a2b8000 rw-p 0003d000 08:06 2147                       /lib/x86_64-linux-gnu/libpcre.so.3.13.1
7fe55a2b8000-7fe55a2bf000 r-xp 00000000 08:06 268052                     /usr/lib/x86_64-linux-gnu/libffi.so.6.0.1
7fe55a2bf000-7fe55a4be000 ---p 00007000 08:06 268052                     /usr/lib/x86_64-linux-gnu/libffi.so.6.0.1
7fe55a4be000-7fe55a4bf000 r--p 00006000 08:06 268052                     /usr/lib/x86_64-linux-gnu/libffi.so.6.0.1
7fe55a4bf000-7fe55a4c0000 rw-p 00007000 08:06 268052                     /usr/lib/x86_64-linux-gnu/libffi.so.6.0.1
7fe55a4c0000-7fe55a4d7000 r-xp 00000000 08:06 2372                       /lib/x86_64-linux-gnu/libresolv-2.19.so
7fe55a4d7000-7fe55a6d7000 ---p 00017000 08:06 2372                       /lib/x86_64-linux-gnu/libresolv-2.19.so
7fe55a6d7000-7fe55a6d8000 r--p 00017000 08:06 2372                       /lib/x86_64-linux-gnu/libresolv-2.19.so
7fe55a6d8000-7fe55a6d9000 rw-p 00018000 08:06 2372                       /lib/x86_64-linux-gnu/libresolv-2.19.so
7fe55a6d9000-7fe55a6db000 rw-p 00000000 00:00 0 
7fe55a6db000-7fe55a6fb000 r-xp 00000000 08:06 2174                       /lib/x86_64-linux-gnu/libselinux.so.1
7fe55a6fb000-7fe55a8fa000 ---p 00020000 08:06 2174                       /lib/x86_64-linux-gnu/libselinux.so.1
7fe55a8fa000-7fe55a8fb000 r--p 0001f000 08:06 2174                       /lib/x86_64-linux-gnu/libselinux.so.1
7fe55a8fb000-7fe55a8fc000 rw-p 00020000 08:06 2174                       /lib/x86_64-linux-gnu/libselinux.so.1
7fe55a8fc000-7fe55a8fe000 rw-p 00000000 00:00 0 
7fe55a8fe000-7fe55a901000 r-xp 00000000 08:06 268176                     /usr/lib/x86_64-linux-gnu/libgmodule-2.0.so.0.4000.0
7fe55a901000-7fe55ab00000 ---p 00003000 08:06 268176                     /usr/lib/x86_64-linux-gnu/libgmodule-2.0.so.0.4000.0
7fe55ab00000-7fe55ab01000 r--p 00002000 08:06 268176                     /usr/lib/x86_64-linux-gnu/libgmodule-2.0.so.0.4000.0
7fe55ab01000-7fe55ab02000 rw-p 00003000 08:06 268176                     /usr/lib/x86_64-linux-gnu/libgmodule-2.0.so.0.4000.0
7fe55ab02000-7fe55ac08000 r-xp 00000000 08:06 2075                       /lib/x86_64-linux-gnu/libglib-2.0.so.0.4000.0
7fe55ac08000-7fe55ae07000 ---p 00106000 08:06 2075                       /lib/x86_64-linux-gnu/libglib-2.0.so.0.4000.0
7fe55ae07000-7fe55ae08000 r--p 00105000 08:06 2075                       /lib/x86_64-linux-gnu/libglib-2.0.so.0.4000.0
7fe55ae08000-7fe55ae09000 rw-p 00106000 08:06 2075                       /lib/x86_64-linux-gnu/libglib-2.0.so.0.4000.0
7fe55ae09000-7fe55ae0a000 rw-p 00000000 00:00 0 
7fe55ae0a000-7fe55ae59000 r-xp 00000000 08:06 268190                     /usr/lib/x86_64-linux-gnu/libgobject-2.0.so.0.4000.0
7fe55ae59000-7fe55b059000 ---p 0004f000 08:06 268190                     /usr/lib/x86_64-linux-gnu/libgobject-2.0.so.0.4000.0
7fe55b059000-7fe55b05a000 r--p 0004f000 08:06 268190                     /usr/lib/x86_64-linux-gnu/libgobject-2.0.so.0.4000.0
7fe55b05a000-7fe55b05b000 rw-p 00050000 08:06 268190                     /usr/lib/x86_64-linux-gnu/libgobject-2.0.so.0.4000.0
7fe55b05b000-7fe55b1c6000 r-xp 00000000 08:06 268161                     /usr/lib/x86_64-linux-gnu/libgio-2.0.so.0.4000.0
7fe55b1c6000-7fe55b3c6000 ---p 0016b000 08:06 268161                     /usr/lib/x86_64-linux-gnu/libgio-2.0.so.0.4000.0
7fe55b3c6000-7fe55b3ca000 r--p 0016b000 08:06 268161                     /usr/lib/x86_64-linux-gnu/libgio-2.0.so.0.4000.0
7fe55b3ca000-7fe55b3cc000 rw-p 0016f000 08:06 268161                     /usr/lib/x86_64-linux-gnu/libgio-2.0.so.0.4000.0
7fe55b3cc000-7fe55b3ce000 rw-p 00000000 00:00 0 
7fe55b3ce000-7fe55b3e5000 r-xp 00000000 08:06 525424                     /usr/lib/jvm/java-7-openjdk-amd64/jre/lib/amd64/libnet.so
7fe55b3e5000-7fe55b5e4000 ---p 00017000 08:06 525424                     /usr/lib/jvm/java-7-openjdk-amd64/jre/lib/amd64/libnet.so
7fe55b5e4000-7fe55b5e5000 r--p 00016000 08:06 525424                     /usr/lib/jvm/java-7-openjdk-amd64/jre/lib/amd64/libnet.so
7fe55b5e5000-7fe55b5e6000 rw-p 00017000 08:06 525424                     /usr/lib/jvm/java-7-openjdk-amd64/jre/lib/amd64/libnet.so
7fe55b5e6000-7fe55b5f6000 r-xp 00000000 08:06 525415                     /usr/lib/jvm/java-7-openjdk-amd64/jre/lib/amd64/libnio.so
7fe55b5f6000-7fe55b7f6000 ---p 00010000 08:06 525415                     /usr/lib/jvm/java-7-openjdk-amd64/jre/lib/amd64/libnio.so
7fe55b7f6000-7fe55b7f7000 r--p 00010000 08:06 525415                     /usr/lib/jvm/java-7-openjdk-amd64/jre/lib/amd64/libnio.so
7fe55b7f7000-7fe55b7f8000 rw-p 00011000 08:06 525415                     /usr/lib/jvm/java-7-openjdk-amd64/jre/lib/amd64/libnio.so
7fe55b7f8000-7fe55b7fb000 ---p 00000000 00:00 0 
7fe55b7fb000-7fe55b8f9000 rw-p 00000000 00:00 0 
7fe55b8f9000-7fe55b8fc000 ---p 00000000 00:00 0 
7fe55b8fc000-7fe55b9fa000 rw-p 00000000 00:00 0 
7fe55b9fa000-7fe55b9fd000 ---p 00000000 00:00 0 
7fe55b9fd000-7fe55bafb000 rw-p 00000000 00:00 0 
7fe55bafb000-7fe55bafe000 ---p 00000000 00:00 0 
7fe55bafe000-7fe55bbfc000 rw-p 00000000 00:00 0 
7fe55bbfc000-7fe55bbfd000 ---p 00000000 00:00 0 
7fe55bbfd000-7fe55bcfd000 rw-p 00000000 00:00 0                          [stack:20919]
7fe55bcfd000-7fe55bd00000 ---p 00000000 00:00 0 
7fe55bd00000-7fe55bdfe000 rw-p 00000000 00:00 0                          [stack:20918]
7fe55bdfe000-7fe55be01000 ---p 00000000 00:00 0 
7fe55be01000-7fe55beff000 rw-p 00000000 00:00 0                          [stack:20917]
7fe55beff000-7fe55bf02000 ---p 00000000 00:00 0 
7fe55bf02000-7fe55c000000 rw-p 00000000 00:00 0                          [stack:20916]
7fe55c000000-7fe55c021000 rw-p 00000000 00:00 0 
7fe55c021000-7fe560000000 ---p 00000000 00:00 0 
7fe560000000-7fe560240000 rw-p 00000000 00:00 0 
7fe560240000-7fe564000000 ---p 00000000 00:00 0 
7fe564000000-7fe564021000 rw-p 00000000 00:00 0 
7fe564021000-7fe568000000 ---p 00000000 00:00 0 
7fe56808c000-7fe56808f000 ---p 00000000 00:00 0 
7fe56808f000-7fe56818d000 rw-p 00000000 00:00 0                          [stack:20915]
7fe56818d000-7fe5684ba000 r--p 00000000 08:06 147180                     /usr/lib/locale/locale-archive
7fe5684ba000-7fe5684bd000 ---p 00000000 00:00 0 
7fe5684bd000-7fe5685bb000 rw-p 00000000 00:00 0                          [stack:20914]
7fe5685bb000-7fe5685be000 ---p 00000000 00:00 0 
7fe5685be000-7fe5686bc000 rw-p 00000000 00:00 0                          [stack:20913]
7fe5686bc000-7fe5686bd000 ---p 00000000 00:00 0 
7fe5686bd000-7fe5696cc000 rw-p 00000000 00:00 0                          [stack:20912]
7fe5696cc000-7fe56987d000 r--s 01d21000 08:06 525364                     /usr/lib/jvm/java-7-openjdk-amd64/jre/lib/rt.jar
7fe56987d000-7fe56c000000 rw-p 00000000 00:00 0 
7fe56c000000-7fe56c021000 rw-p 00000000 00:00 0 
7fe56c021000-7fe570000000 ---p 00000000 00:00 0 
7fe570020000-7fe570027000 r--s 00000000 08:06 278124                     /usr/lib/x86_64-linux-gnu/gconv/gconv-modules.cache
7fe570027000-7fe57003b000 r--p 00000000 08:06 1324603                    /usr/share/locale-langpack/zh_CN/LC_MESSAGES/libc.mo
7fe57003b000-7fe570049000 r--s 000b4000 08:06 794699                     /home/hu/文档/android-studio/sdk/build-tools/android-4.4W/lib/dx.jar
7fe570049000-7fe57011a000 rw-p 00000000 00:00 0 
7fe57011a000-7fe57011b000 ---p 00000000 00:00 0 
7fe57011b000-7fe57021b000 rw-p 00000000 00:00 0                          [stack:20911]
7fe57021b000-7fe57021c000 ---p 00000000 00:00 0 
7fe57021c000-7fe57031c000 rw-p 00000000 00:00 0                          [stack:20910]
7fe57031c000-7fe57031d000 ---p 00000000 00:00 0 
7fe57031d000-7fe57041d000 rw-p 00000000 00:00 0                          [stack:20909]
7fe57041d000-7fe57041e000 ---p 00000000 00:00 0 
7fe57041e000-7fe570529000 rw-p 00000000 00:00 0                          [stack:20908]
7fe570529000-7fe570571000 rw-p 00000000 00:00 0 
7fe570571000-7fe57057c000 rw-p 00000000 00:00 0 
7fe57057c000-7fe5705c4000 rw-p 00000000 00:00 0 
7fe5705c4000-7fe5705db000 rw-p 00000000 00:00 0 
7fe5705db000-7fe570719000 rw-p 00000000 00:00 0 
7fe570719000-7fe570788000 rw-p 00000000 00:00 0 
7fe570788000-7fe5707c4000 rw-p 00000000 00:00 0 
7fe5707c4000-7fe5707c5000 rw-p 00000000 00:00 0 
7fe5707c5000-7fe570b45000 rwxp 00000000 00:00 0 
7fe570b45000-7fe5737c5000 rw-p 00000000 00:00 0 
7fe5737c5000-7fe5737cd000 r-xp 00000000 08:06 525410                     /usr/lib/jvm/java-7-openjdk-amd64/jre/lib/amd64/libzip.so
7fe5737cd000-7fe5739cc000 ---p 00008000 08:06 525410                     /usr/lib/jvm/java-7-openjdk-amd64/jre/lib/amd64/libzip.so
7fe5739cc000-7fe5739cd000 r--p 00007000 08:06 525410                     /usr/lib/jvm/java-7-openjdk-amd64/jre/lib/amd64/libzip.so
7fe5739cd000-7fe5739ce000 rw-p 00008000 08:06 525410                     /usr/lib/jvm/java-7-openjdk-amd64/jre/lib/amd64/libzip.so
7fe5739ce000-7fe5739d9000 r-xp 00000000 08:06 2386                       /lib/x86_64-linux-gnu/libnss_files-2.19.so
7fe5739d9000-7fe573bd8000 ---p 0000b000 08:06 2386                       /lib/x86_64-linux-gnu/libnss_files-2.19.so
7fe573bd8000-7fe573bd9000 r--p 0000a000 08:06 2386                       /lib/x86_64-linux-gnu/libnss_files-2.19.so
7fe573bd9000-7fe573bda000 rw-p 0000b000 08:06 2386                       /lib/x86_64-linux-gnu/libnss_files-2.19.so
7fe573bda000-7fe573be5000 r-xp 00000000 08:06 2387                       /lib/x86_64-linux-gnu/libnss_nis-2.19.so
7fe573be5000-7fe573de4000 ---p 0000b000 08:06 2387                       /lib/x86_64-linux-gnu/libnss_nis-2.19.so
7fe573de4000-7fe573de5000 r--p 0000a000 08:06 2387                       /lib/x86_64-linux-gnu/libnss_nis-2.19.so
7fe573de5000-7fe573de6000 rw-p 0000b000 08:06 2387                       /lib/x86_64-linux-gnu/libnss_nis-2.19.so
7fe573de6000-7fe573dfd000 r-xp 00000000 08:06 2373                       /lib/x86_64-linux-gnu/libnsl-2.19.so
7fe573dfd000-7fe573ffc000 ---p 00017000 08:06 2373                       /lib/x86_64-linux-gnu/libnsl-2.19.so
7fe573ffc000-7fe573ffd000 r--p 00016000 08:06 2373                       /lib/x86_64-linux-gnu/libnsl-2.19.so
7fe573ffd000-7fe573ffe000 rw-p 00017000 08:06 2373                       /lib/x86_64-linux-gnu/libnsl-2.19.so
7fe573ffe000-7fe574000000 rw-p 00000000 00:00 0 
7fe574000000-7fe5742b5000 rw-p 00000000 00:00 0 
7fe5742b5000-7fe578000000 ---p 00000000 00:00 0 
7fe578004000-7fe578009000 r--s 0004c000 08:06 525379                     /usr/lib/jvm/java-7-openjdk-amd64/jre/lib/jsse.jar
7fe578009000-7fe578069000 rw-p 00000000 00:00 0 
7fe578069000-7fe5781a8000 rw-p 00000000 00:00 0 
7fe5781a8000-7fe5781b1000 r-xp 00000000 08:06 1958                       /lib/x86_64-linux-gnu/libnss_compat-2.19.so
7fe5781b1000-7fe5783b0000 ---p 00009000 08:06 1958                       /lib/x86_64-linux-gnu/libnss_compat-2.19.so
7fe5783b0000-7fe5783b1000 r--p 00008000 08:06 1958                       /lib/x86_64-linux-gnu/libnss_compat-2.19.so
7fe5783b1000-7fe5783b2000 rw-p 00009000 08:06 1958                       /lib/x86_64-linux-gnu/libnss_compat-2.19.so
7fe5783b2000-7fe5783dd000 r-xp 00000000 08:06 525409                     /usr/lib/jvm/java-7-openjdk-amd64/jre/lib/amd64/libjava.so
7fe5783dd000-7fe5785dd000 ---p 0002b000 08:06 525409                     /usr/lib/jvm/java-7-openjdk-amd64/jre/lib/amd64/libjava.so
7fe5785dd000-7fe5785de000 r--p 0002b000 08:06 525409                     /usr/lib/jvm/java-7-openjdk-amd64/jre/lib/amd64/libjava.so
7fe5785de000-7fe5785e0000 rw-p 0002c000 08:06 525409                     /usr/lib/jvm/java-7-openjdk-amd64/jre/lib/amd64/libjava.so
7fe5785e0000-7fe5785f0000 r-xp 00000000 08:06 525438                     /usr/lib/jvm/java-7-openjdk-amd64/jre/lib/amd64/libverify.so
7fe5785f0000-7fe5787ef000 ---p 00010000 08:06 525438                     /usr/lib/jvm/java-7-openjdk-amd64/jre/lib/amd64/libverify.so
7fe5787ef000-7fe5787f1000 r--p 0000f000 08:06 525438                     /usr/lib/jvm/java-7-openjdk-amd64/jre/lib/amd64/libverify.so
7fe5787f1000-7fe5787f2000 rw-p 00011000 08:06 525438                     /usr/lib/jvm/java-7-openjdk-amd64/jre/lib/amd64/libverify.so
7fe5787f2000-7fe5787f9000 r-xp 00000000 08:06 2375                       /lib/x86_64-linux-gnu/librt-2.19.so
7fe5787f9000-7fe5789f8000 ---p 00007000 08:06 2375                       /lib/x86_64-linux-gnu/librt-2.19.so
7fe5789f8000-7fe5789f9000 r--p 00006000 08:06 2375                       /lib/x86_64-linux-gnu/librt-2.19.so
7fe5789f9000-7fe5789fa000 rw-p 00007000 08:06 2375                       /lib/x86_64-linux-gnu/librt-2.19.so
7fe5789fa000-7fe578a10000 r-xp 00000000 08:06 2024                       /lib/x86_64-linux-gnu/libgcc_s.so.1
7fe578a10000-7fe578c0f000 ---p 00016000 08:06 2024                       /lib/x86_64-linux-gnu/libgcc_s.so.1
7fe578c0f000-7fe578c10000 rw-p 00015000 08:06 2024                       /lib/x86_64-linux-gnu/libgcc_s.so.1
7fe578c10000-7fe578d15000 r-xp 00000000 08:06 2382                       /lib/x86_64-linux-gnu/libm-2.19.so
7fe578d15000-7fe578f14000 ---p 00105000 08:06 2382                       /lib/x86_64-linux-gnu/libm-2.19.so
7fe578f14000-7fe578f15000 r--p 00104000 08:06 2382                       /lib/x86_64-linux-gnu/libm-2.19.so
7fe578f15000-7fe578f16000 rw-p 00105000 08:06 2382                       /lib/x86_64-linux-gnu/libm-2.19.so
7fe578f16000-7fe578ffc000 r-xp 00000000 08:06 268786                     /usr/lib/x86_64-linux-gnu/libstdc++.so.6.0.19
7fe578ffc000-7fe5791fb000 ---p 000e6000 08:06 268786                     /usr/lib/x86_64-linux-gnu/libstdc++.so.6.0.19
7fe5791fb000-7fe579203000 r--p 000e5000 08:06 268786                     /usr/lib/x86_64-linux-gnu/libstdc++.so.6.0.19
7fe579203000-7fe579205000 rw-p 000ed000 08:06 268786                     /usr/lib/x86_64-linux-gnu/libstdc++.so.6.0.19
7fe579205000-7fe57921a000 rw-p 00000000 00:00 0 
7fe57921a000-7fe579d30000 r-xp 00000000 08:06 525428                     /usr/lib/jvm/java-7-openjdk-amd64/jre/lib/amd64/server/libjvm.so
7fe579d30000-7fe579f2f000 ---p 00b16000 08:06 525428                     /usr/lib/jvm/java-7-openjdk-amd64/jre/lib/amd64/server/libjvm.so
7fe579f2f000-7fe579fc9000 r--p 00b15000 08:06 525428                     /usr/lib/jvm/java-7-openjdk-amd64/jre/lib/amd64/server/libjvm.so
7fe579fc9000-7fe579fec000 rw-p 00baf000 08:06 525428                     /usr/lib/jvm/java-7-openjdk-amd64/jre/lib/amd64/server/libjvm.so
7fe579fec000-7fe57a01a000 rw-p 00000000 00:00 0 
7fe57a01a000-7fe57a032000 r-xp 00000000 08:06 2204                       /lib/x86_64-linux-gnu/libz.so.1.2.8
7fe57a032000-7fe57a231000 ---p 00018000 08:06 2204                       /lib/x86_64-linux-gnu/libz.so.1.2.8
7fe57a231000-7fe57a232000 r--p 00017000 08:06 2204                       /lib/x86_64-linux-gnu/libz.so.1.2.8
7fe57a232000-7fe57a233000 rw-p 00018000 08:06 2204                       /lib/x86_64-linux-gnu/libz.so.1.2.8
7fe57a233000-7fe57a24c000 r-xp 00000000 08:06 2392                       /lib/x86_64-linux-gnu/libpthread-2.19.so
7fe57a24c000-7fe57a44b000 ---p 00019000 08:06 2392                       /lib/x86_64-linux-gnu/libpthread-2.19.so
7fe57a44b000-7fe57a44c000 r--p 00018000 08:06 2392                       /lib/x86_64-linux-gnu/libpthread-2.19.so
7fe57a44c000-7fe57a44d000 rw-p 00019000 08:06 2392                       /lib/x86_64-linux-gnu/libpthread-2.19.so
7fe57a44d000-7fe57a451000 rw-p 00000000 00:00 0 
7fe57a451000-7fe57a454000 r-xp 00000000 08:06 2391                       /lib/x86_64-linux-gnu/libdl-2.19.so
7fe57a454000-7fe57a653000 ---p 00003000 08:06 2391                       /lib/x86_64-linux-gnu/libdl-2.19.so
7fe57a653000-7fe57a654000 r--p 00002000 08:06 2391                       /lib/x86_64-linux-gnu/libdl-2.19.so
7fe57a654000-7fe57a655000 rw-p 00003000 08:06 2391                       /lib/x86_64-linux-gnu/libdl-2.19.so
7fe57a655000-7fe57a810000 r-xp 00000000 08:06 2379                       /lib/x86_64-linux-gnu/libc-2.19.so
7fe57a810000-7fe57aa10000 ---p 001bb000 08:06 2379                       /lib/x86_64-linux-gnu/libc-2.19.so
7fe57aa10000-7fe57aa14000 r--p 001bb000 08:06 2379                       /lib/x86_64-linux-gnu/libc-2.19.so
7fe57aa14000-7fe57aa16000 rw-p 001bf000 08:06 2379                       /lib/x86_64-linux-gnu/libc-2.19.so
7fe57aa16000-7fe57aa1b000 rw-p 00000000 00:00 0 
7fe57aa1b000-7fe57aa28000 r-xp 00000000 08:06 525443                     /usr/lib/jvm/java-7-openjdk-amd64/jre/lib/amd64/jli/libjli.so
7fe57aa28000-7fe57ac27000 ---p 0000d000 08:06 525443                     /usr/lib/jvm/java-7-openjdk-amd64/jre/lib/amd64/jli/libjli.so
7fe57ac27000-7fe57ac28000 r--p 0000c000 08:06 525443                     /usr/lib/jvm/java-7-openjdk-amd64/jre/lib/amd64/jli/libjli.so
7fe57ac28000-7fe57ac29000 rw-p 0000d000 08:06 525443                     /usr/lib/jvm/java-7-openjdk-amd64/jre/lib/amd64/jli/libjli.so
7fe57ac29000-7fe57ac4c000 r-xp 00000000 08:06 2380                       /lib/x86_64-linux-gnu/ld-2.19.so
7fe57ac4e000-7fe57ac4f000 rw-p 00000000 00:00 0 
7fe57ac4f000-7fe57ac52000 r--s 0000f000 08:06 525399                     /usr/lib/jvm/java-7-openjdk-amd64/jre/lib/ext/pulse-java.jar
7fe57ac52000-7fe57ac78000 rw-p 00000000 00:00 0 
7fe57ac78000-7fe57ad2a000 rw-p 00000000 00:00 0 
7fe57ad2a000-7fe57ad2d000 ---p 00000000 00:00 0 
7fe57ad2d000-7fe57ae30000 rw-p 00000000 00:00 0                          [stack:20907]
7fe57ae30000-7fe57ae32000 r--s 00012000 08:06 525402                     /usr/lib/jvm/java-7-openjdk-amd64/jre/lib/ext/zipfs.jar
7fe57ae32000-7fe57ae33000 r--s 00002000 08:06 525403                     /usr/lib/jvm/java-7-openjdk-amd64/jre/lib/ext/dnsns.jar
7fe57ae33000-7fe57ae37000 r--s 00085000 08:06 525404                     /usr/lib/jvm/java-7-openjdk-amd64/jre/lib/ext/localedata.jar
7fe57ae37000-7fe57ae39000 r--s 00006000 08:06 1100041                    /usr/share/java/java-atk-wrapper.jar
7fe57ae39000-7fe57ae3c000 r--s 00032000 08:06 525398                     /usr/lib/jvm/java-7-openjdk-amd64/jre/lib/ext/sunjce_provider.jar
7fe57ae3c000-7fe57ae3f000 r--s 0003c000 08:06 525400                     /usr/lib/jvm/java-7-openjdk-amd64/jre/lib/ext/sunpkcs11.jar
7fe57ae3f000-7fe57ae47000 rw-s 00000000 08:06 1584214                    /tmp/hsperfdata_hu/20897
7fe57ae47000-7fe57ae48000 rw-p 00000000 00:00 0 
7fe57ae48000-7fe57ae49000 ---p 00000000 00:00 0 
7fe57ae49000-7fe57ae4b000 rw-p 00000000 00:00 0 
7fe57ae4b000-7fe57ae4c000 r--p 00022000 08:06 2380                       /lib/x86_64-linux-gnu/ld-2.19.so
7fe57ae4c000-7fe57ae4d000 rw-p 00023000 08:06 2380                       /lib/x86_64-linux-gnu/ld-2.19.so
7fe57ae4d000-7fe57ae4e000 rw-p 00000000 00:00 0 
7fffb4eb0000-7fffb4ed4000 rw-p 00000000 00:00 0                          [stack]
7fffb4f2f000-7fffb4f31000 r-xp 00000000 00:00 0                          [vdso]
ffffffffff600000-ffffffffff601000 r-xp 00000000 00:00 0                  [vsyscall]

VM Arguments:
jvm_args: -Xmx1024M -Dawt.useSystemAAFontSettings=gasp 
java_command: /home/hu/文档/android-studio/sdk/build-tools/android-4.4W/lib/dx.jar --dex --num-threads=4 --output /home/hu/文档/android project/okm_android/main/build/intermediates/dex/debug /home/hu/文档/android project/okm_android/main/build/intermediates/classes/debug /home/hu/文档/android project/okm_android/main/build/intermediates/dependency-cache/debug /home/hu/文档/android project/okm_android/main/build/intermediates/pre-dexed/debug/classes-0d7a832686d45b04b6d99a8d9eeadb683c449487.jar /home/hu/文档/android project/okm_android/main/build/intermediates/pre-dexed/debug/AndroidEasingFunctions-1.0.0-6a6b9f91f9545be9c43dc985f35bfac79a55202b.jar /home/hu/文档/android project/okm_android/main/build/intermediates/pre-dexed/debug/okhttp-1.2.1-fb4fd075bd029504d3119d15f1a7c87d2ed1decb.jar /home/hu/文档/android project/okm_android/main/build/intermediates/pre-dexed/debug/AMap_2DMap_V2.3.0-16cb10d2bd60893ca4491a53e180ed8697aa9bac.jar /home/hu/文档/android project/okm_android/main/build/intermediates/pre-dexed/debug/ShareSDK-Core-2.4.0-8b8f34d2158d882b3d65833a1de81796efaf2fcf.jar /home/hu/文档/android project/okm_android/main/build/intermediates/pre-dexed/debug/ShareSDK-Wechat-Core-2.4.0-cdae2e1108167826517a7758441be77e0b55a64e.jar /home/hu/文档/android project/okm_android/main/build/intermediates/pre-dexed/debug/AndroidViewAnimations-1.1.2-4fb25829db4b157466d72ef539774bed2f0c50bd.jar /home/hu/文档/android project/okm_android/main/build/intermediates/pre-dexed/debug/NineOldAndroid-2.4.0-3a156e5c49662c8f5ba2254f430798cfc57083fc.jar /home/hu/文档/android project/okm_android/main/build/intermediates/pre-dexed/debug/ShareSDK-Wechat-Moments-2.4.0-f00a903df5c34e2b90c63ca3582e57c452f38586.jar /home/hu/文档/android project/okm_android/main/build/intermediates/pre-dexed/debug/Android_Location_V1.3.0-b1cb50fe74f0d917d2f1724d19580767e87c060f.jar /home/hu/文档/android project/okm_android/main/build/intermediates/pre-dexed/debug/ShareSDK-SinaWeibo-2.4.0-
Launcher Type: SUN_STANDARD

Environment Variables:
JAVA_HOME=/home/hu/文档/jdk
_JAVA_OPTIONS=  -Dawt.useSystemAAFontSettings=gasp
CLASSPATH=./../lib/bootstrap.jar:./../lib/extensions.jar:./../lib/util.jar:./../lib/jdom.jar:./../lib/log4j.jar:./../lib/trove4j.jar:./../lib/jna.jar:/home/hu/文档/jdk/lib/tools.jar
PATH=/usr/local/sbin:/usr/local/bin:/usr/sbin:/usr/bin:/sbin:/bin:/usr/games:/usr/local/games
LD_LIBRARY_PATH=.:
SHELL=/bin/bash
DISPLAY=:0.0

Signal Handlers:
SIGSEGV: [libjvm.so+0x949180], sa_mask[0]=0x7ffbfeff, sa_flags=0x10000004
SIGBUS: [libjvm.so+0x949180], sa_mask[0]=0x7ffbfeff, sa_flags=0x10000004
SIGFPE: [libjvm.so+0x7c2ec0], sa_mask[0]=0x7ffbfeff, sa_flags=0x10000004
SIGPIPE: [libjvm.so+0x7c2ec0], sa_mask[0]=0x7ffbfeff, sa_flags=0x10000004
SIGXFSZ: [libjvm.so+0x7c2ec0], sa_mask[0]=0x7ffbfeff, sa_flags=0x10000004
SIGILL: [libjvm.so+0x7c2ec0], sa_mask[0]=0x7ffbfeff, sa_flags=0x10000004
SIGUSR1: SIG_DFL, sa_mask[0]=0x00000000, sa_flags=0x00000000
SIGUSR2: [libjvm.so+0x7c2d60], sa_mask[0]=0x00000004, sa_flags=0x10000004
SIGHUP: [libjvm.so+0x7c2f40], sa_mask[0]=0x7ffbfeff, sa_flags=0x10000004
SIGINT: [libjvm.so+0x7c2f40], sa_mask[0]=0x7ffbfeff, sa_flags=0x10000004
SIGTERM: [libjvm.so+0x7c2f40], sa_mask[0]=0x7ffbfeff, sa_flags=0x10000004
SIGQUIT: [libjvm.so+0x7c2f40], sa_mask[0]=0x7ffbfeff, sa_flags=0x10000004
SIGTRAP: SIG_DFL, sa_mask[0]=0x00000000, sa_flags=0x00000000


---------------  S Y S T E M  ---------------

OS:Deepin 2014.1 (trusty)
uname:Linux 3.13.0-37-generic #64-Ubuntu SMP Mon Sep 22 21:28:38 UTC 2014 x86_64
libc:glibc 2.19 NPTL 2.19 
rlimit: STACK 8192k, CORE 0k, NPROC 31310, NOFILE 4096, AS infinity
load average:6.58 2.64 1.37

/proc/meminfo:
MemTotal:        4029420 kB
MemFree:          123432 kB
Buffers:             344 kB
Cached:            72532 kB
SwapCached:            0 kB
Active:          3642228 kB
Inactive:          66104 kB
Active(anon):    3636744 kB
Inactive(anon):    55756 kB
Active(file):       5484 kB
Inactive(file):    10348 kB
Unevictable:          32 kB
Mlocked:              32 kB
SwapTotal:             0 kB
SwapFree:              0 kB
Dirty:               204 kB
Writeback:             0 kB
AnonPages:       3635560 kB
Mapped:            65032 kB
Shmem:             56984 kB
Slab:              61740 kB
SReclaimable:      25940 kB
SUnreclaim:        35800 kB
KernelStack:        5736 kB
PageTables:        40176 kB
NFS_Unstable:          0 kB
Bounce:                0 kB
WritebackTmp:          0 kB
CommitLimit:     2014708 kB
Committed_AS:    7011288 kB
VmallocTotal:   34359738367 kB
VmallocUsed:      328196 kB
VmallocChunk:   34359317460 kB
HardwareCorrupted:     0 kB
AnonHugePages:   1925120 kB
HugePages_Total:       0
HugePages_Free:        0
HugePages_Rsvd:        0
HugePages_Surp:        0
Hugepagesize:       2048 kB
DirectMap4k:       82176 kB
DirectMap2M:     4093952 kB


CPU:total 4 (2 cores per cpu, 2 threads per core) family 6 model 42 stepping 7, cmov, cx8, fxsr, mmx, sse, sse2, sse3, ssse3, sse4.1, sse4.2, popcnt, avx, aes, ht, tsc, tscinvbit

/proc/cpuinfo:
processor	: 0
vendor_id	: GenuineIntel
cpu family	: 6
model		: 42
model name	: Intel(R) Core(TM) i5-2520M CPU @ 2.50GHz
stepping	: 7
microcode	: 0x18
cpu MHz		: 2501.000
cache size	: 3072 KB
physical id	: 0
siblings	: 4
core id		: 0
cpu cores	: 2
apicid		: 0
initial apicid	: 0
fpu		: yes
fpu_exception	: yes
cpuid level	: 13
wp		: yes
flags		: fpu vme de pse tsc msr pae mce cx8 apic sep mtrr pge mca cmov pat pse36 clflush dts acpi mmx fxsr sse sse2 ss ht tm pbe syscall nx rdtscp lm constant_tsc arch_perfmon pebs bts rep_good nopl xtopology nonstop_tsc aperfmperf eagerfpu pni pclmulqdq dtes64 monitor ds_cpl vmx smx est tm2 ssse3 cx16 xtpr pdcm pcid sse4_1 sse4_2 x2apic popcnt tsc_deadline_timer aes xsave avx lahf_lm ida arat epb xsaveopt pln pts dtherm tpr_shadow vnmi flexpriority ept vpid
bogomips	: 4988.52
clflush size	: 64
cache_alignment	: 64
address sizes	: 36 bits physical, 48 bits virtual
power management:

processor	: 1
vendor_id	: GenuineIntel
cpu family	: 6
model		: 42
model name	: Intel(R) Core(TM) i5-2520M CPU @ 2.50GHz
stepping	: 7
microcode	: 0x18
cpu MHz		: 2501.000
cache size	: 3072 KB
physical id	: 0
siblings	: 4
core id		: 0
cpu cores	: 2
apicid		: 1
initial apicid	: 1
fpu		: yes
fpu_exception	: yes
cpuid level	: 13
wp		: yes
flags		: fpu vme de pse tsc msr pae mce cx8 apic sep mtrr pge mca cmov pat pse36 clflush dts acpi mmx fxsr sse sse2 ss ht tm pbe syscall nx rdtscp lm constant_tsc arch_perfmon pebs bts rep_good nopl xtopology nonstop_tsc aperfmperf eagerfpu pni pclmulqdq dtes64 monitor ds_cpl vmx smx est tm2 ssse3 cx16 xtpr pdcm pcid sse4_1 sse4_2 x2apic popcnt tsc_deadline_timer aes xsave avx lahf_lm ida arat epb xsaveopt pln pts dtherm tpr_shadow vnmi flexpriority ept vpid
bogomips	: 4988.52
clflush size	: 64
cache_alignment	: 64
address sizes	: 36 bits physical, 48 bits virtual
power management:

processor	: 2
vendor_id	: GenuineIntel
cpu family	: 6
model		: 42
model name	: Intel(R) Core(TM) i5-2520M CPU @ 2.50GHz
stepping	: 7
microcode	: 0x18
cpu MHz		: 2501.000
cache size	: 3072 KB
physical id	: 0
siblings	: 4
core id		: 1
cpu cores	: 2
apicid		: 2
initial apicid	: 2
fpu		: yes
fpu_exception	: yes
cpuid level	: 13
wp		: yes
flags		: fpu vme de pse tsc msr pae mce cx8 apic sep mtrr pge mca cmov pat pse36 clflush dts acpi mmx fxsr sse sse2 ss ht tm pbe syscall nx rdtscp lm constant_tsc arch_perfmon pebs bts rep_good nopl xtopology nonstop_tsc aperfmperf eagerfpu pni pclmulqdq dtes64 monitor ds_cpl vmx smx est tm2 ssse3 cx16 xtpr pdcm pcid sse4_1 sse4_2 x2apic popcnt tsc_deadline_timer aes xsave avx lahf_lm ida arat epb xsaveopt pln pts dtherm tpr_shadow vnmi flexpriority ept vpid
bogomips	: 4988.52
clflush size	: 64
cache_alignment	: 64
address sizes	: 36 bits physical, 48 bits virtual
power management:

processor	: 3
vendor_id	: GenuineIntel
cpu family	: 6
model		: 42
model name	: Intel(R) Core(TM) i5-2520M CPU @ 2.50GHz
stepping	: 7
microcode	: 0x18
cpu MHz		: 2501.000
cache size	: 3072 KB
physical id	: 0
siblings	: 4
core id		: 1
cpu cores	: 2
apicid		: 3
initial apicid	: 3
fpu		: yes
fpu_exception	: yes
cpuid level	: 13
wp		: yes
flags		: fpu vme de pse tsc msr pae mce cx8 apic sep mtrr pge mca cmov pat pse36 clflush dts acpi mmx fxsr sse sse2 ss ht tm pbe syscall nx rdtscp lm constant_tsc arch_perfmon pebs bts rep_good nopl xtopology nonstop_tsc aperfmperf eagerfpu pni pclmulqdq dtes64 monitor ds_cpl vmx smx est tm2 ssse3 cx16 xtpr pdcm pcid sse4_1 sse4_2 x2apic popcnt tsc_deadline_timer aes xsave avx lahf_lm ida arat epb xsaveopt pln pts dtherm tpr_shadow vnmi flexpriority ept vpid
bogomips	: 4988.52
clflush size	: 64
cache_alignment	: 64
address sizes	: 36 bits physical, 48 bits virtual
power management:



Memory: 4k page, physical 4029420k(118224k free), swap 0k(0k free)

vm_info: OpenJDK 64-Bit Server VM (24.65-b04) for linux-amd64 JRE (1.7.0_65-b32), built on Sep 10 2014 05:56:05 by "buildd" with gcc 4.8.2

time: Tue Oct 14 16:58:35 2014
elapsed time: 37 seconds

