#
# There is insufficient memory for the Java Runtime Environment to continue.
# Native memory allocation (malloc) failed to allocate 124256256 bytes for committing reserved memory.
# Possible reasons:
#   The system is out of physical RAM or swap space
#   In 32 bit mode, the process size limit was hit
# Possible solutions:
#   Reduce memory load on the system
#   Increase physical memory or swap space
#   Check if swap backing store is full
#   Use 64 bit Java on a 64 bit OS
#   Decrease Java heap size (-Xmx/-Xms)
#   Decrease number of Java threads
#   Decrease Java thread stack sizes (-Xss)
#   Set larger code cache with -XX:ReservedCodeCacheSize=
# This output file may be truncated or incomplete.
#
#  Out of Memory Error (os_linux.cpp:2798), pid=20757, tid=139749780092672
#
# JRE version: OpenJDK Runtime Environment (7.0_65-b32) (build 1.7.0_65-b32)
# Java VM: OpenJDK 64-Bit Server VM (24.65-b04 mixed mode linux-amd64 compressed oops)
# Derivative: IcedTea 2.5.2
# Distribution: Ubuntu 14.04 LTS, package 7u65-2.5.2-3~14.04
# Failed to write core dump. Core dumps have been disabled. To enable core dumping, try "ulimit -c unlimited" before starting Java again
#

---------------  T H R E A D  ---------------

Current thread (0x00007f1a1c13e800):  VMThread [stack: 0x00007f1a07eff000,0x00007f1a08000000] [id=20771]

Stack: [0x00007f1a07eff000,0x00007f1a08000000],  sp=0x00007f1a07ffe490,  free space=1021k
Native frames: (J=compiled Java code, j=interpreted, Vv=VM code, C=native code)
V  [libjvm.so+0x9486a5]  VMError::report_and_die()+0x175
V  [libjvm.so+0x48b904]  report_vm_out_of_memory(char const*, int, unsigned long, char const*)+0x74
V  [libjvm.so+0x7c76ab]  os::pd_commit_memory(char*, unsigned long, unsigned long, bool)+0xeb
V  [libjvm.so+0x7c216f]  os::commit_memory(char*, unsigned long, unsigned long, bool)+0x1f
V  [libjvm.so+0x8338fb]  PSVirtualSpace::expand_by(unsigned long)+0x5b
V  [libjvm.so+0x834750]  PSYoungGen::resize_generation(unsigned long, unsigned long)+0xb0
V  [libjvm.so+0x834e3b]  PSYoungGen::resize(unsigned long, unsigned long)+0x1b
V  [libjvm.so+0x831120]  PSScavenge::invoke_no_policy()+0xde0
V  [libjvm.so+0x8318f8]  PSScavenge::invoke()+0x38
V  [libjvm.so+0x7e82d3]  ParallelScavengeHeap::failed_mem_allocate(unsigned long)+0x63
V  [libjvm.so+0x94a0a4]  VM_ParallelGCFailedAllocation::doit()+0x84
V  [libjvm.so+0x94e597]  VM_Operation::evaluate()+0x47
V  [libjvm.so+0x94cf08]  VMThread::evaluate_operation(VM_Operation*)+0x318
V  [libjvm.so+0x94d369]  VMThread::loop()+0x219
V  [libjvm.so+0x94d7b2]  VMThread::run()+0x72
V  [libjvm.so+0x7c4572]  java_start(Thread*)+0xf2

VM_Operation (0x00007f1a22729460): ParallelGCFailedAllocation, mode: safepoint, requested by thread 0x00007f1a1c00c000


---------------  P R O C E S S  ---------------

Java Threads: ( => current thread )
  0x00007f1a1c16f000 JavaThread "Service Thread" daemon [_thread_blocked, id=20777, stack(0x00007f1a075cc000,0x00007f1a076cd000)]
  0x00007f1a1c16d000 JavaThread "C2 CompilerThread1" daemon [_thread_blocked, id=20776, stack(0x00007f1a076cd000,0x00007f1a077ce000)]
  0x00007f1a1c16a000 JavaThread "C2 CompilerThread0" daemon [_thread_blocked, id=20775, stack(0x00007f1a077ce000,0x00007f1a078cf000)]
  0x00007f1a1c167800 JavaThread "Signal Dispatcher" daemon [_thread_blocked, id=20774, stack(0x00007f1a078cf000,0x00007f1a079d0000)]
  0x00007f1a1c145000 JavaThread "Finalizer" daemon [_thread_blocked, id=20773, stack(0x00007f1a07cfd000,0x00007f1a07dfe000)]
  0x00007f1a1c143000 JavaThread "Reference Handler" daemon [_thread_blocked, id=20772, stack(0x00007f1a07dfe000,0x00007f1a07eff000)]
  0x00007f1a1c00c000 JavaThread "main" [_thread_blocked, id=20766, stack(0x00007f1a2262a000,0x00007f1a2272b000)]

Other Threads:
=>0x00007f1a1c13e800 VMThread [stack: 0x00007f1a07eff000,0x00007f1a08000000] [id=20771]
  0x00007f1a1c172000 WatcherThread [stack: 0x00007f1a074cb000,0x00007f1a075cc000] [id=20778]

VM state:at safepoint (normal execution)

VM Mutex/Monitor currently owned by a thread:  ([mutex/lock_event])
[0x00007f1a1c008500] Threads_lock - owner thread: 0x00007f1a1c13e800
[0x00007f1a1c008a00] Heap_lock - owner thread: 0x00007f1a1c00c000

Heap
 PSYoungGen      total 211968K, used 9364K [0x00000000eaa80000, 0x00000000f8500000, 0x0000000100000000)
  eden space 200192K, 0% used [0x00000000eaa80000,0x00000000eaa80000,0x00000000f6e00000)
  from space 11776K, 79% used [0x00000000f6e00000,0x00000000f7725260,0x00000000f7980000)
  to   space 11264K, 0% used [0x00000000f7a00000,0x00000000f7a00000,0x00000000f8500000)
 ParOldGen       total 41984K, used 39558K [0x00000000c0000000, 0x00000000c2900000, 0x00000000eaa80000)
  object space 41984K, 94% used [0x00000000c0000000,0x00000000c26a1938,0x00000000c2900000)
 PSPermGen       total 21504K, used 7627K [0x00000000b5a00000, 0x00000000b6f00000, 0x00000000c0000000)
  object space 21504K, 35% used [0x00000000b5a00000,0x00000000b6172d48,0x00000000b6f00000)

Card table byte_map: [0x00007f1a17f27000,0x00007f1a1817b000] byte_map_base: 0x00007f1a1797a000

Polling page: 0x00007f1a22748000

Code Cache  [0x00007f1a1817b000, 0x00007f1a1850b000, 0x00007f1a1b17b000)
 total_blobs=1333 nmethods=1078 adapters=208 free_code_cache=45581Kb largest_free_block=46617536

Compilation events (10 events):
Event: 9.619 Thread 0x00007f1a1c16d000 1086             com.android.dx.io.instructions.ZeroRegisterDecodedInstruction::withIndex (29 bytes)
Event: 9.619 Thread 0x00007f1a1c16a000 1087             com.android.dx.io.instructions.ZeroRegisterDecodedInstruction::getRegisterCount (2 bytes)
Event: 9.620 Thread 0x00007f1a1c16a000 nmethod 1087 0x00007f1a184ffe90 code [0x00007f1a184fffc0, 0x00007f1a18500018]
Event: 9.620 Thread 0x00007f1a1c16a000 1088             com.android.dx.io.instructions.DecodedInstruction::getA (2 bytes)
Event: 9.620 Thread 0x00007f1a1c16a000 nmethod 1088 0x00007f1a184ffc90 code [0x00007f1a184ffdc0, 0x00007f1a184ffe18]
Event: 9.621 Thread 0x00007f1a1c16d000 nmethod 1086 0x00007f1a184f2150 code [0x00007f1a184f22a0, 0x00007f1a184f2418]
Event: 9.629 Thread 0x00007f1a1c16d000 1090             com.android.dx.io.instructions.InstructionCodec$7::encode (23 bytes)
Event: 9.629 Thread 0x00007f1a1c16a000 1089             com.android.dx.io.instructions.InstructionCodec$7::decode (50 bytes)
Event: 9.631 Thread 0x00007f1a1c16d000 nmethod 1090 0x00007f1a185010d0 code [0x00007f1a18501220, 0x00007f1a18501378]
Event: 9.631 Thread 0x00007f1a1c16a000 nmethod 1089 0x00007f1a184f1c90 code [0x00007f1a184f1de0, 0x00007f1a184f1fb8]

GC Heap History (10 events):
Event: 5.734 GC heap after
Heap after GC invocations=6 (full 0):
 PSYoungGen      total 72192K, used 6942K [0x00000000eaa80000, 0x00000000ef980000, 0x0000000100000000)
  eden space 63488K, 0% used [0x00000000eaa80000,0x00000000eaa80000,0x00000000ee880000)
  from space 8704K, 79% used [0x00000000ef100000,0x00000000ef7c7968,0x00000000ef980000)
  to   space 8704K, 0% used [0x00000000ee880000,0x00000000ee880000,0x00000000ef100000)
 ParOldGen       total 41984K, used 18123K [0x00000000c0000000, 0x00000000c2900000, 0x00000000eaa80000)
  object space 41984K, 43% used [0x00000000c0000000,0x00000000c11b2c10,0x00000000c2900000)
 PSPermGen       total 21504K, used 6802K [0x00000000b5a00000, 0x00000000b6f00000, 0x00000000c0000000)
  object space 21504K, 31% used [0x00000000b5a00000,0x00000000b60a4870,0x00000000b6f00000)
}
Event: 7.531 GC heap before
{Heap before GC invocations=7 (full 0):
 PSYoungGen      total 72192K, used 70430K [0x00000000eaa80000, 0x00000000ef980000, 0x0000000100000000)
  eden space 63488K, 100% used [0x00000000eaa80000,0x00000000ee880000,0x00000000ee880000)
  from space 8704K, 79% used [0x00000000ef100000,0x00000000ef7c7968,0x00000000ef980000)
  to   space 8704K, 0% used [0x00000000ee880000,0x00000000ee880000,0x00000000ef100000)
 ParOldGen       total 41984K, used 18123K [0x00000000c0000000, 0x00000000c2900000, 0x00000000eaa80000)
  object space 41984K, 43% used [0x00000000c0000000,0x00000000c11b2c10,0x00000000c2900000)
 PSPermGen       total 21504K, used 7498K [0x00000000b5a00000, 0x00000000b6f00000, 0x00000000c0000000)
  object space 21504K, 34% used [0x00000000b5a00000,0x00000000b6152938,0x00000000b6f00000)
Event: 7.637 GC heap after
Heap after GC invocations=7 (full 0):
 PSYoungGen      total 72192K, used 7487K [0x00000000eaa80000, 0x00000000f3880000, 0x0000000100000000)
  eden space 63488K, 0% used [0x00000000eaa80000,0x00000000eaa80000,0x00000000ee880000)
  from space 8704K, 86% used [0x00000000ee880000,0x00000000eefcfc38,0x00000000ef100000)
  to   space 9216K, 0% used [0x00000000f2f80000,0x00000000f2f80000,0x00000000f3880000)
 ParOldGen       total 41984K, used 19147K [0x00000000c0000000, 0x00000000c2900000, 0x00000000eaa80000)
  object space 41984K, 45% used [0x00000000c0000000,0x00000000c12b2d30,0x00000000c2900000)
 PSPermGen       total 21504K, used 7498K [0x00000000b5a00000, 0x00000000b6f00000, 0x00000000c0000000)
  object space 21504K, 34% used [0x00000000b5a00000,0x00000000b6152938,0x00000000b6f00000)
}
Event: 7.878 GC heap before
{Heap before GC invocations=8 (full 0):
 PSYoungGen      total 72192K, used 70975K [0x00000000eaa80000, 0x00000000f3880000, 0x0000000100000000)
  eden space 63488K, 100% used [0x00000000eaa80000,0x00000000ee880000,0x00000000ee880000)
  from space 8704K, 86% used [0x00000000ee880000,0x00000000eefcfc38,0x00000000ef100000)
  to   space 9216K, 0% used [0x00000000f2f80000,0x00000000f2f80000,0x00000000f3880000)
 ParOldGen       total 41984K, used 19147K [0x00000000c0000000, 0x00000000c2900000, 0x00000000eaa80000)
  object space 41984K, 45% used [0x00000000c0000000,0x00000000c12b2d30,0x00000000c2900000)
 PSPermGen       total 21504K, used 7519K [0x00000000b5a00000, 0x00000000b6f00000, 0x00000000c0000000)
  object space 21504K, 34% used [0x00000000b5a00000,0x00000000b6157d90,0x00000000b6f00000)
Event: 7.890 GC heap after
Heap after GC invocations=8 (full 0):
 PSYoungGen      total 134144K, used 9206K [0x00000000eaa80000, 0x00000000f3c80000, 0x0000000100000000)
  eden space 124928K, 0% used [0x00000000eaa80000,0x00000000eaa80000,0x00000000f2480000)
  from space 9216K, 99% used [0x00000000f2f80000,0x00000000f387db70,0x00000000f3880000)
  to   space 11264K, 0% used [0x00000000f2480000,0x00000000f2480000,0x00000000f2f80000)
 ParOldGen       total 41984K, used 21560K [0x00000000c0000000, 0x00000000c2900000, 0x00000000eaa80000)
  object space 41984K, 51% used [0x00000000c0000000,0x00000000c150e250,0x00000000c2900000)
 PSPermGen       total 21504K, used 7519K [0x00000000b5a00000, 0x00000000b6f00000, 0x00000000c0000000)
  object space 21504K, 34% used [0x00000000b5a00000,0x00000000b6157d90,0x00000000b6f00000)
}
Event: 8.337 GC heap before
{Heap before GC invocations=9 (full 0):
 PSYoungGen      total 134144K, used 134134K [0x00000000eaa80000, 0x00000000f3c80000, 0x0000000100000000)
  eden space 124928K, 100% used [0x00000000eaa80000,0x00000000f2480000,0x00000000f2480000)
  from space 9216K, 99% used [0x00000000f2f80000,0x00000000f387db70,0x00000000f3880000)
  to   space 11264K, 0% used [0x00000000f2480000,0x00000000f2480000,0x00000000f2f80000)
 ParOldGen       total 41984K, used 21560K [0x00000000c0000000, 0x00000000c2900000, 0x00000000eaa80000)
  object space 41984K, 51% used [0x00000000c0000000,0x00000000c150e250,0x00000000c2900000)
 PSPermGen       total 21504K, used 7619K [0x00000000b5a00000, 0x00000000b6f00000, 0x00000000c0000000)
  object space 21504K, 35% used [0x00000000b5a00000,0x00000000b6170c70,0x00000000b6f00000)
Event: 8.541 GC heap after
Heap after GC invocations=9 (full 0):
 PSYoungGen      total 136192K, used 10955K [0x00000000eaa80000, 0x00000000f8600000, 0x0000000100000000)
  eden space 124928K, 0% used [0x00000000eaa80000,0x00000000eaa80000,0x00000000f2480000)
  from space 11264K, 97% used [0x00000000f2480000,0x00000000f2f32f68,0x00000000f2f80000)
  to   space 12288K, 0% used [0x00000000f7a00000,0x00000000f7a00000,0x00000000f8600000)
 ParOldGen       total 41984K, used 25780K [0x00000000c0000000, 0x00000000c2900000, 0x00000000eaa80000)
  object space 41984K, 61% used [0x00000000c0000000,0x00000000c192d1c8,0x00000000c2900000)
 PSPermGen       total 21504K, used 7619K [0x00000000b5a00000, 0x00000000b6f00000, 0x00000000c0000000)
  object space 21504K, 35% used [0x00000000b5a00000,0x00000000b6170c70,0x00000000b6f00000)
}
Event: 8.779 GC heap before
{Heap before GC invocations=10 (full 0):
 PSYoungGen      total 136192K, used 135407K [0x00000000eaa80000, 0x00000000f8600000, 0x0000000100000000)
  eden space 124928K, 99% used [0x00000000eaa80000,0x00000000f2408fa0,0x00000000f2480000)
  from space 11264K, 97% used [0x00000000f2480000,0x00000000f2f32f68,0x00000000f2f80000)
  to   space 12288K, 0% used [0x00000000f7a00000,0x00000000f7a00000,0x00000000f8600000)
 ParOldGen       total 41984K, used 25780K [0x00000000c0000000, 0x00000000c2900000, 0x00000000eaa80000)
  object space 41984K, 61% used [0x00000000c0000000,0x00000000c192d1c8,0x00000000c2900000)
 PSPermGen       total 21504K, used 7622K [0x00000000b5a00000, 0x00000000b6f00000, 0x00000000c0000000)
  object space 21504K, 35% used [0x00000000b5a00000,0x00000000b61718a0,0x00000000b6f00000)
Event: 9.396 GC heap after
Heap after GC invocations=10 (full 0):
 PSYoungGen      total 211456K, used 7355K [0x00000000eaa80000, 0x00000000f8500000, 0x0000000100000000)
  eden space 200192K, 0% used [0x00000000eaa80000,0x00000000eaa80000,0x00000000f6e00000)
  from space 11264K, 65% used [0x00000000f7a00000,0x00000000f812ed90,0x00000000f8500000)
  to   space 11776K, 0% used [0x00000000f6e00000,0x00000000f6e00000,0x00000000f7980000)
 ParOldGen       total 41984K, used 31680K [0x00000000c0000000, 0x00000000c2900000, 0x00000000eaa80000)
  object space 41984K, 75% used [0x00000000c0000000,0x00000000c1ef0218,0x00000000c2900000)
 PSPermGen       total 21504K, used 7622K [0x00000000b5a00000, 0x00000000b6f00000, 0x00000000c0000000)
  object space 21504K, 35% used [0x00000000b5a00000,0x00000000b61718a0,0x00000000b6f00000)
}
Event: 9.736 GC heap before
{Heap before GC invocations=11 (full 0):
 PSYoungGen      total 211456K, used 207547K [0x00000000eaa80000, 0x00000000f8500000, 0x0000000100000000)
  eden space 200192K, 100% used [0x00000000eaa80000,0x00000000f6e00000,0x00000000f6e00000)
  from space 11264K, 65% used [0x00000000f7a00000,0x00000000f812ed90,0x00000000f8500000)
  to   space 11776K, 0% used [0x00000000f6e00000,0x00000000f6e00000,0x00000000f7980000)
 ParOldGen       total 41984K, used 31680K [0x00000000c0000000, 0x00000000c2900000, 0x00000000eaa80000)
  object space 41984K, 75% used [0x00000000c0000000,0x00000000c1ef0218,0x00000000c2900000)
 PSPermGen       total 21504K, used 7627K [0x00000000b5a00000, 0x00000000b6f00000, 0x00000000c0000000)
  object space 21504K, 35% used [0x00000000b5a00000,0x00000000b6172d48,0x00000000b6f00000)

Deoptimization events (10 events):
Event: 7.892 Thread 0x00007f1a1c00c000 Uncommon trap: reason=array_check action=maybe_recompile pc=0x00007f1a184b847c method=java.util.TimSort.binarySort([Ljava/lang/Object;IIILjava/util/Comparator;)V @ 193
Event: 7.892 Thread 0x00007f1a1c00c000 Uncommon trap: reason=array_check action=maybe_recompile pc=0x00007f1a184b847c method=java.util.TimSort.binarySort([Ljava/lang/Object;IIILjava/util/Comparator;)V @ 193
Event: 7.892 Thread 0x00007f1a1c00c000 Uncommon trap: reason=array_check action=maybe_recompile pc=0x00007f1a184b854c method=java.util.TimSort.binarySort([Ljava/lang/Object;IIILjava/util/Comparator;)V @ 183
Event: 7.892 Thread 0x00007f1a1c00c000 Uncommon trap: reason=array_check action=maybe_recompile pc=0x00007f1a184b847c method=java.util.TimSort.binarySort([Ljava/lang/Object;IIILjava/util/Comparator;)V @ 193
Event: 7.928 Thread 0x00007f1a1c00c000 Uncommon trap: reason=array_check action=maybe_recompile pc=0x00007f1a184ad54c method=java.util.ComparableTimSort.binarySort([Ljava/lang/Object;III)V @ 193
Event: 7.973 Thread 0x00007f1a1c00c000 Uncommon trap: reason=array_check action=maybe_recompile pc=0x00007f1a184ad54c method=java.util.ComparableTimSort.binarySort([Ljava/lang/Object;III)V @ 193
Event: 8.276 Thread 0x00007f1a1c00c000 Uncommon trap: reason=array_check action=maybe_recompile pc=0x00007f1a18231adc method=java.util.ComparableTimSort.binarySort([Ljava/lang/Object;III)V @ 215
Event: 8.330 Thread 0x00007f1a1c00c000 Uncommon trap: reason=array_check action=maybe_recompile pc=0x00007f1a18231adc method=java.util.ComparableTimSort.binarySort([Ljava/lang/Object;III)V @ 215
Event: 8.583 Thread 0x00007f1a1c00c000 Uncommon trap: reason=array_check action=maybe_recompile pc=0x00007f1a184e8b64 method=java.util.ComparableTimSort.binarySort([Ljava/lang/Object;III)V @ 183
Event: 8.677 Thread 0x00007f1a1c00c000 Uncommon trap: reason=array_check action=maybe_recompile pc=0x00007f1a184e8b64 method=java.util.ComparableTimSort.binarySort([Ljava/lang/Object;III)V @ 183

Internal exceptions (10 events):
Event: 5.493 Thread 0x00007f1a1c00c000 Threw 0x00000000ec856c30 at /build/buildd/openjdk-7-7u65-2.5.2/build/openjdk/hotspot/src/share/vm/prims/jvm.cpp:1247
Event: 5.497 Thread 0x00007f1a1c00c000 Threw 0x00000000ec85e900 at /build/buildd/openjdk-7-7u65-2.5.2/build/openjdk/hotspot/src/share/vm/prims/jvm.cpp:1247
Event: 5.497 Thread 0x00007f1a1c00c000 Threw 0x00000000ec8615f8 at /build/buildd/openjdk-7-7u65-2.5.2/build/openjdk/hotspot/src/share/vm/prims/jvm.cpp:1247
Event: 5.981 Thread 0x00007f1a1c00c000 Threw 0x00000000eab80c78 at /build/buildd/openjdk-7-7u65-2.5.2/build/openjdk/hotspot/src/share/vm/prims/jvm.cpp:1247
Event: 5.981 Thread 0x00007f1a1c00c000 Threw 0x00000000eab80da0 at /build/buildd/openjdk-7-7u65-2.5.2/build/openjdk/hotspot/src/share/vm/prims/jvm.cpp:1247
Event: 5.981 Thread 0x00007f1a1c00c000 Threw 0x00000000eab83450 at /build/buildd/openjdk-7-7u65-2.5.2/build/openjdk/hotspot/src/share/vm/prims/jvm.cpp:1247
Event: 5.981 Thread 0x00007f1a1c00c000 Threw 0x00000000eab83578 at /build/buildd/openjdk-7-7u65-2.5.2/build/openjdk/hotspot/src/share/vm/prims/jvm.cpp:1247
Event: 5.981 Thread 0x00007f1a1c00c000 Threw 0x00000000eab83f78 at /build/buildd/openjdk-7-7u65-2.5.2/build/openjdk/hotspot/src/share/vm/prims/jvm.cpp:1247
Event: 5.981 Thread 0x00007f1a1c00c000 Threw 0x00000000eab840a0 at /build/buildd/openjdk-7-7u65-2.5.2/build/openjdk/hotspot/src/share/vm/prims/jvm.cpp:1247
Event: 7.110 Thread 0x00007f1a1c00c000 Threw 0x00000000ebc6cc18 at /build/buildd/openjdk-7-7u65-2.5.2/build/openjdk/hotspot/src/share/vm/prims/jvm.cpp:1247

Events (10 events):
Event: 8.583 Thread 0x00007f1a1c00c000 DEOPT UNPACKING pc=0x00007f1a181b4445 sp=0x00007f1a22729418 mode 2
Event: 8.677 Thread 0x00007f1a1c00c000 Uncommon trap: trap_request=0xffffffd6 fr.pc=0x00007f1a184e8b64
Event: 8.677 Thread 0x00007f1a1c00c000 DEOPT PACKING pc=0x00007f1a184e8b64 sp=0x00007f1a22729450
Event: 8.677 Thread 0x00007f1a1c00c000 DEOPT UNPACKING pc=0x00007f1a181b4445 sp=0x00007f1a22729418 mode 2
Event: 8.778 Executing VM operation: ParallelGCFailedAllocation
Event: 9.396 Executing VM operation: ParallelGCFailedAllocation done
Event: 9.484 Thread 0x00007f1a1c16a000 flushing nmethod 0x00007f1a18254710
Event: 9.484 Thread 0x00007f1a1c16a000 flushing nmethod 0x00007f1a1825f050
Event: 9.631 Thread 0x00007f1a1c16d000 flushing nmethod 0x00007f1a18431d10
Event: 9.736 Executing VM operation: ParallelGCFailedAllocation


Dynamic libraries:
00400000-00401000 r-xp 00000000 08:06 525475                             /usr/lib/jvm/java-7-openjdk-amd64/jre/bin/java
00600000-00601000 r--p 00000000 08:06 525475                             /usr/lib/jvm/java-7-openjdk-amd64/jre/bin/java
00601000-00602000 rw-p 00001000 08:06 525475                             /usr/lib/jvm/java-7-openjdk-amd64/jre/bin/java
01039000-0105a000 rw-p 00000000 00:00 0                                  [heap]
b5a00000-b6f00000 rw-p 00000000 00:00 0 
b6f00000-c0000000 rw-p 00000000 00:00 0 
c0000000-c2900000 rw-p 00000000 00:00 0 
c2900000-eaa80000 rw-p 00000000 00:00 0 
eaa80000-f8500000 rw-p 00000000 00:00 0 
ffb80000-100000000 rw-p 00000000 00:00 0 
7f19d0000000-7f19d0064000 rw-p 00000000 00:00 0 
7f19d0064000-7f19d4000000 ---p 00000000 00:00 0 
7f19d4000000-7f19d402f000 rw-p 00000000 00:00 0 
7f19d402f000-7f19d8000000 ---p 00000000 00:00 0 
7f19d8000000-7f19d8036000 rw-p 00000000 00:00 0 
7f19d8036000-7f19dc000000 ---p 00000000 00:00 0 
7f19dc000000-7f19dc02c000 rw-p 00000000 00:00 0 
7f19dc02c000-7f19e0000000 ---p 00000000 00:00 0 
7f19e0000000-7f19e0021000 rw-p 00000000 00:00 0 
7f19e0021000-7f19e4000000 ---p 00000000 00:00 0 
7f19e4000000-7f19e4021000 rw-p 00000000 00:00 0 
7f19e4021000-7f19e8000000 ---p 00000000 00:00 0 
7f19e8000000-7f19e9a45000 rw-p 00000000 00:00 0 
7f19e9a45000-7f19ec000000 ---p 00000000 00:00 0 
7f19ec000000-7f19ed4d1000 rw-p 00000000 00:00 0 
7f19ed4d1000-7f19f0000000 ---p 00000000 00:00 0 
7f19f0000000-7f19f0021000 rw-p 00000000 00:00 0 
7f19f0021000-7f19f4000000 ---p 00000000 00:00 0 
7f19f4000000-7f19f4021000 rw-p 00000000 00:00 0 
7f19f4021000-7f19f8000000 ---p 00000000 00:00 0 
7f19f8000000-7f19f8240000 rw-p 00000000 00:00 0 
7f19f8240000-7f19fc000000 ---p 00000000 00:00 0 
7f19fc000000-7f19fc021000 rw-p 00000000 00:00 0 
7f19fc021000-7f1a00000000 ---p 00000000 00:00 0 
7f1a00000000-7f1a00021000 rw-p 00000000 00:00 0 
7f1a00021000-7f1a04000000 ---p 00000000 00:00 0 
7f1a05949000-7f1a05986000 r-xp 00000000 08:06 2147                       /lib/x86_64-linux-gnu/libpcre.so.3.13.1
7f1a05986000-7f1a05b85000 ---p 0003d000 08:06 2147                       /lib/x86_64-linux-gnu/libpcre.so.3.13.1
7f1a05b85000-7f1a05b86000 r--p 0003c000 08:06 2147                       /lib/x86_64-linux-gnu/libpcre.so.3.13.1
7f1a05b86000-7f1a05b87000 rw-p 0003d000 08:06 2147                       /lib/x86_64-linux-gnu/libpcre.so.3.13.1
7f1a05b87000-7f1a05b8e000 r-xp 00000000 08:06 268052                     /usr/lib/x86_64-linux-gnu/libffi.so.6.0.1
7f1a05b8e000-7f1a05d8d000 ---p 00007000 08:06 268052                     /usr/lib/x86_64-linux-gnu/libffi.so.6.0.1
7f1a05d8d000-7f1a05d8e000 r--p 00006000 08:06 268052                     /usr/lib/x86_64-linux-gnu/libffi.so.6.0.1
7f1a05d8e000-7f1a05d8f000 rw-p 00007000 08:06 268052                     /usr/lib/x86_64-linux-gnu/libffi.so.6.0.1
7f1a05d8f000-7f1a05da6000 r-xp 00000000 08:06 2372                       /lib/x86_64-linux-gnu/libresolv-2.19.so
7f1a05da6000-7f1a05fa6000 ---p 00017000 08:06 2372                       /lib/x86_64-linux-gnu/libresolv-2.19.so
7f1a05fa6000-7f1a05fa7000 r--p 00017000 08:06 2372                       /lib/x86_64-linux-gnu/libresolv-2.19.so
7f1a05fa7000-7f1a05fa8000 rw-p 00018000 08:06 2372                       /lib/x86_64-linux-gnu/libresolv-2.19.so
7f1a05fa8000-7f1a05faa000 rw-p 00000000 00:00 0 
7f1a05faa000-7f1a05fca000 r-xp 00000000 08:06 2174                       /lib/x86_64-linux-gnu/libselinux.so.1
7f1a05fca000-7f1a061c9000 ---p 00020000 08:06 2174                       /lib/x86_64-linux-gnu/libselinux.so.1
7f1a061c9000-7f1a061ca000 r--p 0001f000 08:06 2174                       /lib/x86_64-linux-gnu/libselinux.so.1
7f1a061ca000-7f1a061cb000 rw-p 00020000 08:06 2174                       /lib/x86_64-linux-gnu/libselinux.so.1
7f1a061cb000-7f1a061cd000 rw-p 00000000 00:00 0 
7f1a061cd000-7f1a061d0000 r-xp 00000000 08:06 268176                     /usr/lib/x86_64-linux-gnu/libgmodule-2.0.so.0.4000.0
7f1a061d0000-7f1a063cf000 ---p 00003000 08:06 268176                     /usr/lib/x86_64-linux-gnu/libgmodule-2.0.so.0.4000.0
7f1a063cf000-7f1a063d0000 r--p 00002000 08:06 268176                     /usr/lib/x86_64-linux-gnu/libgmodule-2.0.so.0.4000.0
7f1a063d0000-7f1a063d1000 rw-p 00003000 08:06 268176                     /usr/lib/x86_64-linux-gnu/libgmodule-2.0.so.0.4000.0
7f1a063d1000-7f1a064d7000 r-xp 00000000 08:06 2075                       /lib/x86_64-linux-gnu/libglib-2.0.so.0.4000.0
7f1a064d7000-7f1a066d6000 ---p 00106000 08:06 2075                       /lib/x86_64-linux-gnu/libglib-2.0.so.0.4000.0
7f1a066d6000-7f1a066d7000 r--p 00105000 08:06 2075                       /lib/x86_64-linux-gnu/libglib-2.0.so.0.4000.0
7f1a066d7000-7f1a066d8000 rw-p 00106000 08:06 2075                       /lib/x86_64-linux-gnu/libglib-2.0.so.0.4000.0
7f1a066d8000-7f1a066d9000 rw-p 00000000 00:00 0 
7f1a066d9000-7f1a06728000 r-xp 00000000 08:06 268190                     /usr/lib/x86_64-linux-gnu/libgobject-2.0.so.0.4000.0
7f1a06728000-7f1a06928000 ---p 0004f000 08:06 268190                     /usr/lib/x86_64-linux-gnu/libgobject-2.0.so.0.4000.0
7f1a06928000-7f1a06929000 r--p 0004f000 08:06 268190                     /usr/lib/x86_64-linux-gnu/libgobject-2.0.so.0.4000.0
7f1a06929000-7f1a0692a000 rw-p 00050000 08:06 268190                     /usr/lib/x86_64-linux-gnu/libgobject-2.0.so.0.4000.0
7f1a0692a000-7f1a06a95000 r-xp 00000000 08:06 268161                     /usr/lib/x86_64-linux-gnu/libgio-2.0.so.0.4000.0
7f1a06a95000-7f1a06c95000 ---p 0016b000 08:06 268161                     /usr/lib/x86_64-linux-gnu/libgio-2.0.so.0.4000.0
7f1a06c95000-7f1a06c99000 r--p 0016b000 08:06 268161                     /usr/lib/x86_64-linux-gnu/libgio-2.0.so.0.4000.0
7f1a06c99000-7f1a06c9b000 rw-p 0016f000 08:06 268161                     /usr/lib/x86_64-linux-gnu/libgio-2.0.so.0.4000.0
7f1a06c9b000-7f1a06c9d000 rw-p 00000000 00:00 0 
7f1a06c9d000-7f1a06cb4000 r-xp 00000000 08:06 525424                     /usr/lib/jvm/java-7-openjdk-amd64/jre/lib/amd64/libnet.so
7f1a06cb4000-7f1a06eb3000 ---p 00017000 08:06 525424                     /usr/lib/jvm/java-7-openjdk-amd64/jre/lib/amd64/libnet.so
7f1a06eb3000-7f1a06eb4000 r--p 00016000 08:06 525424                     /usr/lib/jvm/java-7-openjdk-amd64/jre/lib/amd64/libnet.so
7f1a06eb4000-7f1a06eb5000 rw-p 00017000 08:06 525424                     /usr/lib/jvm/java-7-openjdk-amd64/jre/lib/amd64/libnet.so
7f1a06eb5000-7f1a06ec5000 r-xp 00000000 08:06 525415                     /usr/lib/jvm/java-7-openjdk-amd64/jre/lib/amd64/libnio.so
7f1a06ec5000-7f1a070c5000 ---p 00010000 08:06 525415                     /usr/lib/jvm/java-7-openjdk-amd64/jre/lib/amd64/libnio.so
7f1a070c5000-7f1a070c6000 r--p 00010000 08:06 525415                     /usr/lib/jvm/java-7-openjdk-amd64/jre/lib/amd64/libnio.so
7f1a070c6000-7f1a070c7000 rw-p 00011000 08:06 525415                     /usr/lib/jvm/java-7-openjdk-amd64/jre/lib/amd64/libnio.so
7f1a070c7000-7f1a070ca000 ---p 00000000 00:00 0 
7f1a070ca000-7f1a071c8000 rw-p 00000000 00:00 0 
7f1a071c8000-7f1a071cb000 ---p 00000000 00:00 0 
7f1a071cb000-7f1a072c9000 rw-p 00000000 00:00 0 
7f1a072c9000-7f1a072cc000 ---p 00000000 00:00 0 
7f1a072cc000-7f1a073ca000 rw-p 00000000 00:00 0 
7f1a073ca000-7f1a073cd000 ---p 00000000 00:00 0 
7f1a073cd000-7f1a074cb000 rw-p 00000000 00:00 0 
7f1a074cb000-7f1a074cc000 ---p 00000000 00:00 0 
7f1a074cc000-7f1a075cc000 rw-p 00000000 00:00 0                          [stack:20778]
7f1a075cc000-7f1a075cf000 ---p 00000000 00:00 0 
7f1a075cf000-7f1a076cd000 rw-p 00000000 00:00 0                          [stack:20777]
7f1a076cd000-7f1a076d0000 ---p 00000000 00:00 0 
7f1a076d0000-7f1a077ce000 rw-p 00000000 00:00 0                          [stack:20776]
7f1a077ce000-7f1a077d1000 ---p 00000000 00:00 0 
7f1a077d1000-7f1a078cf000 rw-p 00000000 00:00 0                          [stack:20775]
7f1a078cf000-7f1a078d2000 ---p 00000000 00:00 0 
7f1a078d2000-7f1a079d0000 rw-p 00000000 00:00 0                          [stack:20774]
7f1a079d0000-7f1a07cfd000 r--p 00000000 08:06 147180                     /usr/lib/locale/locale-archive
7f1a07cfd000-7f1a07d00000 ---p 00000000 00:00 0 
7f1a07d00000-7f1a07dfe000 rw-p 00000000 00:00 0                          [stack:20773]
7f1a07dfe000-7f1a07e01000 ---p 00000000 00:00 0 
7f1a07e01000-7f1a07eff000 rw-p 00000000 00:00 0                          [stack:20772]
7f1a07eff000-7f1a07f00000 ---p 00000000 00:00 0 
7f1a07f00000-7f1a08000000 rw-p 00000000 00:00 0                          [stack:20771]
7f1a08000000-7f1a08021000 rw-p 00000000 00:00 0 
7f1a08021000-7f1a0c000000 ---p 00000000 00:00 0 
7f1a0c000000-7f1a0c021000 rw-p 00000000 00:00 0 
7f1a0c021000-7f1a10000000 ---p 00000000 00:00 0 
7f1a10000000-7f1a10021000 rw-p 00000000 00:00 0 
7f1a10021000-7f1a14000000 ---p 00000000 00:00 0 
7f1a140cb000-7f1a15023000 rw-p 00000000 00:00 0 
7f1a15023000-7f1a151d4000 r--s 01d21000 08:06 525364                     /usr/lib/jvm/java-7-openjdk-amd64/jre/lib/rt.jar
7f1a151d4000-7f1a179cd000 rw-p 00000000 00:00 0 
7f1a179cd000-7f1a179ce000 ---p 00000000 00:00 0 
7f1a179ce000-7f1a17ace000 rw-p 00000000 00:00 0                          [stack:20770]
7f1a17ace000-7f1a17acf000 ---p 00000000 00:00 0 
7f1a17acf000-7f1a17bcf000 rw-p 00000000 00:00 0                          [stack:20769]
7f1a17bcf000-7f1a17bd0000 ---p 00000000 00:00 0 
7f1a17bd0000-7f1a17cd0000 rw-p 00000000 00:00 0                          [stack:20768]
7f1a17cd0000-7f1a17cd1000 ---p 00000000 00:00 0 
7f1a17cd1000-7f1a17de6000 rw-p 00000000 00:00 0                          [stack:20767]
7f1a17de6000-7f1a17f27000 rw-p 00000000 00:00 0 
7f1a17f27000-7f1a17f32000 rw-p 00000000 00:00 0 
7f1a17f32000-7f1a17f7a000 rw-p 00000000 00:00 0 
7f1a17f7a000-7f1a17f8f000 rw-p 00000000 00:00 0 
7f1a17f8f000-7f1a180cf000 rw-p 00000000 00:00 0 
7f1a180cf000-7f1a1813d000 rw-p 00000000 00:00 0 
7f1a1813d000-7f1a1817a000 rw-p 00000000 00:00 0 
7f1a1817a000-7f1a1817b000 rw-p 00000000 00:00 0 
7f1a1817b000-7f1a1850b000 rwxp 00000000 00:00 0 
7f1a1850b000-7f1a1b17b000 rw-p 00000000 00:00 0 
7f1a1b17b000-7f1a1b183000 r-xp 00000000 08:06 525410                     /usr/lib/jvm/java-7-openjdk-amd64/jre/lib/amd64/libzip.so
7f1a1b183000-7f1a1b382000 ---p 00008000 08:06 525410                     /usr/lib/jvm/java-7-openjdk-amd64/jre/lib/amd64/libzip.so
7f1a1b382000-7f1a1b383000 r--p 00007000 08:06 525410                     /usr/lib/jvm/java-7-openjdk-amd64/jre/lib/amd64/libzip.so
7f1a1b383000-7f1a1b384000 rw-p 00008000 08:06 525410                     /usr/lib/jvm/java-7-openjdk-amd64/jre/lib/amd64/libzip.so
7f1a1b384000-7f1a1b38f000 r-xp 00000000 08:06 2386                       /lib/x86_64-linux-gnu/libnss_files-2.19.so
7f1a1b38f000-7f1a1b58e000 ---p 0000b000 08:06 2386                       /lib/x86_64-linux-gnu/libnss_files-2.19.so
7f1a1b58e000-7f1a1b58f000 r--p 0000a000 08:06 2386                       /lib/x86_64-linux-gnu/libnss_files-2.19.so
7f1a1b58f000-7f1a1b590000 rw-p 0000b000 08:06 2386                       /lib/x86_64-linux-gnu/libnss_files-2.19.so
7f1a1b590000-7f1a1b59b000 r-xp 00000000 08:06 2387                       /lib/x86_64-linux-gnu/libnss_nis-2.19.so
7f1a1b59b000-7f1a1b79a000 ---p 0000b000 08:06 2387                       /lib/x86_64-linux-gnu/libnss_nis-2.19.so
7f1a1b79a000-7f1a1b79b000 r--p 0000a000 08:06 2387                       /lib/x86_64-linux-gnu/libnss_nis-2.19.so
7f1a1b79b000-7f1a1b79c000 rw-p 0000b000 08:06 2387                       /lib/x86_64-linux-gnu/libnss_nis-2.19.so
7f1a1b79c000-7f1a1b7b3000 r-xp 00000000 08:06 2373                       /lib/x86_64-linux-gnu/libnsl-2.19.so
7f1a1b7b3000-7f1a1b9b2000 ---p 00017000 08:06 2373                       /lib/x86_64-linux-gnu/libnsl-2.19.so
7f1a1b9b2000-7f1a1b9b3000 r--p 00016000 08:06 2373                       /lib/x86_64-linux-gnu/libnsl-2.19.so
7f1a1b9b3000-7f1a1b9b4000 rw-p 00017000 08:06 2373                       /lib/x86_64-linux-gnu/libnsl-2.19.so
7f1a1b9b4000-7f1a1b9b6000 rw-p 00000000 00:00 0 
7f1a1b9b6000-7f1a1b9bf000 r-xp 00000000 08:06 1958                       /lib/x86_64-linux-gnu/libnss_compat-2.19.so
7f1a1b9bf000-7f1a1bbbe000 ---p 00009000 08:06 1958                       /lib/x86_64-linux-gnu/libnss_compat-2.19.so
7f1a1bbbe000-7f1a1bbbf000 r--p 00008000 08:06 1958                       /lib/x86_64-linux-gnu/libnss_compat-2.19.so
7f1a1bbbf000-7f1a1bbc0000 rw-p 00009000 08:06 1958                       /lib/x86_64-linux-gnu/libnss_compat-2.19.so
7f1a1bbc0000-7f1a1bbeb000 r-xp 00000000 08:06 525409                     /usr/lib/jvm/java-7-openjdk-amd64/jre/lib/amd64/libjava.so
7f1a1bbeb000-7f1a1bdeb000 ---p 0002b000 08:06 525409                     /usr/lib/jvm/java-7-openjdk-amd64/jre/lib/amd64/libjava.so
7f1a1bdeb000-7f1a1bdec000 r--p 0002b000 08:06 525409                     /usr/lib/jvm/java-7-openjdk-amd64/jre/lib/amd64/libjava.so
7f1a1bdec000-7f1a1bdee000 rw-p 0002c000 08:06 525409                     /usr/lib/jvm/java-7-openjdk-amd64/jre/lib/amd64/libjava.so
7f1a1bdee000-7f1a1bdfe000 r-xp 00000000 08:06 525438                     /usr/lib/jvm/java-7-openjdk-amd64/jre/lib/amd64/libverify.so
7f1a1bdfe000-7f1a1bffd000 ---p 00010000 08:06 525438                     /usr/lib/jvm/java-7-openjdk-amd64/jre/lib/amd64/libverify.so
7f1a1bffd000-7f1a1bfff000 r--p 0000f000 08:06 525438                     /usr/lib/jvm/java-7-openjdk-amd64/jre/lib/amd64/libverify.so
7f1a1bfff000-7f1a1c000000 rw-p 00011000 08:06 525438                     /usr/lib/jvm/java-7-openjdk-amd64/jre/lib/amd64/libverify.so
7f1a1c000000-7f1a1c2db000 rw-p 00000000 00:00 0 
7f1a1c2db000-7f1a20000000 ---p 00000000 00:00 0 
7f1a20016000-7f1a2001d000 r--s 00000000 08:06 278124                     /usr/lib/x86_64-linux-gnu/gconv/gconv-modules.cache
7f1a2001d000-7f1a20031000 r--p 00000000 08:06 1324603                    /usr/share/locale-langpack/zh_CN/LC_MESSAGES/libc.mo
7f1a20031000-7f1a20036000 r--s 0004c000 08:06 525379                     /usr/lib/jvm/java-7-openjdk-amd64/jre/lib/jsse.jar
7f1a20036000-7f1a20044000 r--s 000b4000 08:06 794699                     /home/hu/文档/android-studio/sdk/build-tools/android-4.4W/lib/dx.jar
7f1a20044000-7f1a200aa000 rw-p 00000000 00:00 0 
7f1a200aa000-7f1a200f2000 rw-p 00000000 00:00 0 
7f1a200f2000-7f1a200f9000 r-xp 00000000 08:06 2375                       /lib/x86_64-linux-gnu/librt-2.19.so
7f1a200f9000-7f1a202f8000 ---p 00007000 08:06 2375                       /lib/x86_64-linux-gnu/librt-2.19.so
7f1a202f8000-7f1a202f9000 r--p 00006000 08:06 2375                       /lib/x86_64-linux-gnu/librt-2.19.so
7f1a202f9000-7f1a202fa000 rw-p 00007000 08:06 2375                       /lib/x86_64-linux-gnu/librt-2.19.so
7f1a202fa000-7f1a20310000 r-xp 00000000 08:06 2024                       /lib/x86_64-linux-gnu/libgcc_s.so.1
7f1a20310000-7f1a2050f000 ---p 00016000 08:06 2024                       /lib/x86_64-linux-gnu/libgcc_s.so.1
7f1a2050f000-7f1a20510000 rw-p 00015000 08:06 2024                       /lib/x86_64-linux-gnu/libgcc_s.so.1
7f1a20510000-7f1a20615000 r-xp 00000000 08:06 2382                       /lib/x86_64-linux-gnu/libm-2.19.so
7f1a20615000-7f1a20814000 ---p 00105000 08:06 2382                       /lib/x86_64-linux-gnu/libm-2.19.so
7f1a20814000-7f1a20815000 r--p 00104000 08:06 2382                       /lib/x86_64-linux-gnu/libm-2.19.so
7f1a20815000-7f1a20816000 rw-p 00105000 08:06 2382                       /lib/x86_64-linux-gnu/libm-2.19.so
7f1a20816000-7f1a208fc000 r-xp 00000000 08:06 268786                     /usr/lib/x86_64-linux-gnu/libstdc++.so.6.0.19
7f1a208fc000-7f1a20afb000 ---p 000e6000 08:06 268786                     /usr/lib/x86_64-linux-gnu/libstdc++.so.6.0.19
7f1a20afb000-7f1a20b03000 r--p 000e5000 08:06 268786                     /usr/lib/x86_64-linux-gnu/libstdc++.so.6.0.19
7f1a20b03000-7f1a20b05000 rw-p 000ed000 08:06 268786                     /usr/lib/x86_64-linux-gnu/libstdc++.so.6.0.19
7f1a20b05000-7f1a20b1a000 rw-p 00000000 00:00 0 
7f1a20b1a000-7f1a21630000 r-xp 00000000 08:06 525428                     /usr/lib/jvm/java-7-openjdk-amd64/jre/lib/amd64/server/libjvm.so
7f1a21630000-7f1a2182f000 ---p 00b16000 08:06 525428                     /usr/lib/jvm/java-7-openjdk-amd64/jre/lib/amd64/server/libjvm.so
7f1a2182f000-7f1a218c9000 r--p 00b15000 08:06 525428                     /usr/lib/jvm/java-7-openjdk-amd64/jre/lib/amd64/server/libjvm.so
7f1a218c9000-7f1a218ec000 rw-p 00baf000 08:06 525428                     /usr/lib/jvm/java-7-openjdk-amd64/jre/lib/amd64/server/libjvm.so
7f1a218ec000-7f1a2191a000 rw-p 00000000 00:00 0 
7f1a2191a000-7f1a21932000 r-xp 00000000 08:06 2204                       /lib/x86_64-linux-gnu/libz.so.1.2.8
7f1a21932000-7f1a21b31000 ---p 00018000 08:06 2204                       /lib/x86_64-linux-gnu/libz.so.1.2.8
7f1a21b31000-7f1a21b32000 r--p 00017000 08:06 2204                       /lib/x86_64-linux-gnu/libz.so.1.2.8
7f1a21b32000-7f1a21b33000 rw-p 00018000 08:06 2204                       /lib/x86_64-linux-gnu/libz.so.1.2.8
7f1a21b33000-7f1a21b4c000 r-xp 00000000 08:06 2392                       /lib/x86_64-linux-gnu/libpthread-2.19.so
7f1a21b4c000-7f1a21d4b000 ---p 00019000 08:06 2392                       /lib/x86_64-linux-gnu/libpthread-2.19.so
7f1a21d4b000-7f1a21d4c000 r--p 00018000 08:06 2392                       /lib/x86_64-linux-gnu/libpthread-2.19.so
7f1a21d4c000-7f1a21d4d000 rw-p 00019000 08:06 2392                       /lib/x86_64-linux-gnu/libpthread-2.19.so
7f1a21d4d000-7f1a21d51000 rw-p 00000000 00:00 0 
7f1a21d51000-7f1a21d54000 r-xp 00000000 08:06 2391                       /lib/x86_64-linux-gnu/libdl-2.19.so
7f1a21d54000-7f1a21f53000 ---p 00003000 08:06 2391                       /lib/x86_64-linux-gnu/libdl-2.19.so
7f1a21f53000-7f1a21f54000 r--p 00002000 08:06 2391                       /lib/x86_64-linux-gnu/libdl-2.19.so
7f1a21f54000-7f1a21f55000 rw-p 00003000 08:06 2391                       /lib/x86_64-linux-gnu/libdl-2.19.so
7f1a21f55000-7f1a22110000 r-xp 00000000 08:06 2379                       /lib/x86_64-linux-gnu/libc-2.19.so
7f1a22110000-7f1a22310000 ---p 001bb000 08:06 2379                       /lib/x86_64-linux-gnu/libc-2.19.so
7f1a22310000-7f1a22314000 r--p 001bb000 08:06 2379                       /lib/x86_64-linux-gnu/libc-2.19.so
7f1a22314000-7f1a22316000 rw-p 001bf000 08:06 2379                       /lib/x86_64-linux-gnu/libc-2.19.so
7f1a22316000-7f1a2231b000 rw-p 00000000 00:00 0 
7f1a2231b000-7f1a22328000 r-xp 00000000 08:06 525443                     /usr/lib/jvm/java-7-openjdk-amd64/jre/lib/amd64/jli/libjli.so
7f1a22328000-7f1a22527000 ---p 0000d000 08:06 525443                     /usr/lib/jvm/java-7-openjdk-amd64/jre/lib/amd64/jli/libjli.so
7f1a22527000-7f1a22528000 r--p 0000c000 08:06 525443                     /usr/lib/jvm/java-7-openjdk-amd64/jre/lib/amd64/jli/libjli.so
7f1a22528000-7f1a22529000 rw-p 0000d000 08:06 525443                     /usr/lib/jvm/java-7-openjdk-amd64/jre/lib/amd64/jli/libjli.so
7f1a22529000-7f1a2254c000 r-xp 00000000 08:06 2380                       /lib/x86_64-linux-gnu/ld-2.19.so
7f1a2254e000-7f1a2254f000 rw-p 00000000 00:00 0 
7f1a2254f000-7f1a22552000 r--s 0000f000 08:06 525399                     /usr/lib/jvm/java-7-openjdk-amd64/jre/lib/ext/pulse-java.jar
7f1a22552000-7f1a22579000 rw-p 00000000 00:00 0 
7f1a22579000-7f1a2262a000 rw-p 00000000 00:00 0 
7f1a2262a000-7f1a2262d000 ---p 00000000 00:00 0 
7f1a2262d000-7f1a22730000 rw-p 00000000 00:00 0                          [stack:20766]
7f1a22730000-7f1a22732000 r--s 00012000 08:06 525402                     /usr/lib/jvm/java-7-openjdk-amd64/jre/lib/ext/zipfs.jar
7f1a22732000-7f1a22733000 r--s 00002000 08:06 525403                     /usr/lib/jvm/java-7-openjdk-amd64/jre/lib/ext/dnsns.jar
7f1a22733000-7f1a22737000 r--s 00085000 08:06 525404                     /usr/lib/jvm/java-7-openjdk-amd64/jre/lib/ext/localedata.jar
7f1a22737000-7f1a22739000 r--s 00006000 08:06 1100041                    /usr/share/java/java-atk-wrapper.jar
7f1a22739000-7f1a2273c000 r--s 00032000 08:06 525398                     /usr/lib/jvm/java-7-openjdk-amd64/jre/lib/ext/sunjce_provider.jar
7f1a2273c000-7f1a2273f000 r--s 0003c000 08:06 525400                     /usr/lib/jvm/java-7-openjdk-amd64/jre/lib/ext/sunpkcs11.jar
7f1a2273f000-7f1a22747000 rw-s 00000000 08:06 1584213                    /tmp/hsperfdata_hu/20757
7f1a22747000-7f1a22748000 rw-p 00000000 00:00 0 
7f1a22748000-7f1a22749000 ---p 00000000 00:00 0 
7f1a22749000-7f1a2274b000 rw-p 00000000 00:00 0 
7f1a2274b000-7f1a2274c000 r--p 00022000 08:06 2380                       /lib/x86_64-linux-gnu/ld-2.19.so
7f1a2274c000-7f1a2274d000 rw-p 00023000 08:06 2380                       /lib/x86_64-linux-gnu/ld-2.19.so
7f1a2274d000-7f1a2274e000 rw-p 00000000 00:00 0 
7fff4da7c000-7fff4daa0000 rw-p 00000000 00:00 0                          [stack]
7fff4dbfe000-7fff4dc00000 r-xp 00000000 00:00 0                          [vdso]
ffffffffff600000-ffffffffff601000 r-xp 00000000 00:00 0                  [vsyscall]

VM Arguments:
jvm_args: -Xmx1024M -Dawt.useSystemAAFontSettings=gasp 
java_command: /home/hu/文档/android-studio/sdk/build-tools/android-4.4W/lib/dx.jar --dex --num-threads=4 --output /home/hu/文档/android project/okm_android/main/build/intermediates/dex/debug /home/hu/文档/android project/okm_android/main/build/intermediates/classes/debug /home/hu/文档/android project/okm_android/main/build/intermediates/dependency-cache/debug /home/hu/文档/android project/okm_android/main/build/intermediates/pre-dexed/debug/classes-0d7a832686d45b04b6d99a8d9eeadb683c449487.jar /home/hu/文档/android project/okm_android/main/build/intermediates/pre-dexed/debug/AndroidEasingFunctions-1.0.0-6a6b9f91f9545be9c43dc985f35bfac79a55202b.jar /home/hu/文档/android project/okm_android/main/build/intermediates/pre-dexed/debug/okhttp-1.2.1-fb4fd075bd029504d3119d15f1a7c87d2ed1decb.jar /home/hu/文档/android project/okm_android/main/build/intermediates/pre-dexed/debug/AMap_2DMap_V2.3.0-16cb10d2bd60893ca4491a53e180ed8697aa9bac.jar /home/hu/文档/android project/okm_android/main/build/intermediates/pre-dexed/debug/ShareSDK-Core-2.4.0-8b8f34d2158d882b3d65833a1de81796efaf2fcf.jar /home/hu/文档/android project/okm_android/main/build/intermediates/pre-dexed/debug/ShareSDK-Wechat-Core-2.4.0-cdae2e1108167826517a7758441be77e0b55a64e.jar /home/hu/文档/android project/okm_android/main/build/intermediates/pre-dexed/debug/AndroidViewAnimations-1.1.2-4fb25829db4b157466d72ef539774bed2f0c50bd.jar /home/hu/文档/android project/okm_android/main/build/intermediates/pre-dexed/debug/NineOldAndroid-2.4.0-3a156e5c49662c8f5ba2254f430798cfc57083fc.jar /home/hu/文档/android project/okm_android/main/build/intermediates/pre-dexed/debug/ShareSDK-Wechat-Moments-2.4.0-f00a903df5c34e2b90c63ca3582e57c452f38586.jar /home/hu/文档/android project/okm_android/main/build/intermediates/pre-dexed/debug/Android_Location_V1.3.0-b1cb50fe74f0d917d2f1724d19580767e87c060f.jar /home/hu/文档/android project/okm_android/main/build/intermediates/pre-dexed/debug/ShareSDK-SinaWeibo-2.4.0-
Launcher Type: SUN_STANDARD

Environment Variables:
JAVA_HOME=/home/hu/文档/jdk
_JAVA_OPTIONS=  -Dawt.useSystemAAFontSettings=gasp
CLASSPATH=./../lib/bootstrap.jar:./../lib/extensions.jar:./../lib/util.jar:./../lib/jdom.jar:./../lib/log4j.jar:./../lib/trove4j.jar:./../lib/jna.jar:/home/hu/文档/jdk/lib/tools.jar
PATH=/usr/local/sbin:/usr/local/bin:/usr/sbin:/usr/bin:/sbin:/bin:/usr/games:/usr/local/games
LD_LIBRARY_PATH=.:
SHELL=/bin/bash
DISPLAY=:0.0

Signal Handlers:
SIGSEGV: [libjvm.so+0x949180], sa_mask[0]=0x7ffbfeff, sa_flags=0x10000004
SIGBUS: [libjvm.so+0x949180], sa_mask[0]=0x7ffbfeff, sa_flags=0x10000004
SIGFPE: [libjvm.so+0x7c2ec0], sa_mask[0]=0x7ffbfeff, sa_flags=0x10000004
SIGPIPE: [libjvm.so+0x7c2ec0], sa_mask[0]=0x7ffbfeff, sa_flags=0x10000004
SIGXFSZ: [libjvm.so+0x7c2ec0], sa_mask[0]=0x7ffbfeff, sa_flags=0x10000004
SIGILL: [libjvm.so+0x7c2ec0], sa_mask[0]=0x7ffbfeff, sa_flags=0x10000004
SIGUSR1: SIG_DFL, sa_mask[0]=0x00000000, sa_flags=0x00000000
SIGUSR2: [libjvm.so+0x7c2d60], sa_mask[0]=0x00000004, sa_flags=0x10000004
SIGHUP: [libjvm.so+0x7c2f40], sa_mask[0]=0x7ffbfeff, sa_flags=0x10000004
SIGINT: [libjvm.so+0x7c2f40], sa_mask[0]=0x7ffbfeff, sa_flags=0x10000004
SIGTERM: [libjvm.so+0x7c2f40], sa_mask[0]=0x7ffbfeff, sa_flags=0x10000004
SIGQUIT: [libjvm.so+0x7c2f40], sa_mask[0]=0x7ffbfeff, sa_flags=0x10000004
SIGTRAP: SIG_DFL, sa_mask[0]=0x00000000, sa_flags=0x00000000


---------------  S Y S T E M  ---------------

OS:Deepin 2014.1 (trusty)
uname:Linux 3.13.0-37-generic #64-Ubuntu SMP Mon Sep 22 21:28:38 UTC 2014 x86_64
libc:glibc 2.19 NPTL 2.19 
rlimit: STACK 8192k, CORE 0k, NPROC 31310, NOFILE 4096, AS infinity
load average:2.10 0.96 0.75

/proc/meminfo:
MemTotal:        4029420 kB
MemFree:          116156 kB
Buffers:            1956 kB
Cached:           109552 kB
SwapCached:            0 kB
Active:          3622004 kB
Inactive:          89708 kB
Active(anon):    3601484 kB
Inactive(anon):    55744 kB
Active(file):      20520 kB
Inactive(file):    33964 kB
Unevictable:          32 kB
Mlocked:              32 kB
SwapTotal:             0 kB
SwapFree:              0 kB
Dirty:               660 kB
Writeback:             0 kB
AnonPages:       3600288 kB
Mapped:            91176 kB
Shmem:             56972 kB
Slab:              66508 kB
SReclaimable:      30844 kB
SUnreclaim:        35664 kB
KernelStack:        5680 kB
PageTables:        39884 kB
NFS_Unstable:          0 kB
Bounce:                0 kB
WritebackTmp:          0 kB
CommitLimit:     2014708 kB
Committed_AS:    6987096 kB
VmallocTotal:   34359738367 kB
VmallocUsed:      328196 kB
VmallocChunk:   34359317460 kB
HardwareCorrupted:     0 kB
AnonHugePages:   1873920 kB
HugePages_Total:       0
HugePages_Free:        0
HugePages_Rsvd:        0
HugePages_Surp:        0
Hugepagesize:       2048 kB
DirectMap4k:       82176 kB
DirectMap2M:     4093952 kB


CPU:total 4 (2 cores per cpu, 2 threads per core) family 6 model 42 stepping 7, cmov, cx8, fxsr, mmx, sse, sse2, sse3, ssse3, sse4.1, sse4.2, popcnt, avx, aes, ht, tsc, tscinvbit

/proc/cpuinfo:
processor	: 0
vendor_id	: GenuineIntel
cpu family	: 6
model		: 42
model name	: Intel(R) Core(TM) i5-2520M CPU @ 2.50GHz
stepping	: 7
microcode	: 0x18
cpu MHz		: 2501.000
cache size	: 3072 KB
physical id	: 0
siblings	: 4
core id		: 0
cpu cores	: 2
apicid		: 0
initial apicid	: 0
fpu		: yes
fpu_exception	: yes
cpuid level	: 13
wp		: yes
flags		: fpu vme de pse tsc msr pae mce cx8 apic sep mtrr pge mca cmov pat pse36 clflush dts acpi mmx fxsr sse sse2 ss ht tm pbe syscall nx rdtscp lm constant_tsc arch_perfmon pebs bts rep_good nopl xtopology nonstop_tsc aperfmperf eagerfpu pni pclmulqdq dtes64 monitor ds_cpl vmx smx est tm2 ssse3 cx16 xtpr pdcm pcid sse4_1 sse4_2 x2apic popcnt tsc_deadline_timer aes xsave avx lahf_lm ida arat epb xsaveopt pln pts dtherm tpr_shadow vnmi flexpriority ept vpid
bogomips	: 4988.52
clflush size	: 64
cache_alignment	: 64
address sizes	: 36 bits physical, 48 bits virtual
power management:

processor	: 1
vendor_id	: GenuineIntel
cpu family	: 6
model		: 42
model name	: Intel(R) Core(TM) i5-2520M CPU @ 2.50GHz
stepping	: 7
microcode	: 0x18
cpu MHz		: 800.000
cache size	: 3072 KB
physical id	: 0
siblings	: 4
core id		: 0
cpu cores	: 2
apicid		: 1
initial apicid	: 1
fpu		: yes
fpu_exception	: yes
cpuid level	: 13
wp		: yes
flags		: fpu vme de pse tsc msr pae mce cx8 apic sep mtrr pge mca cmov pat pse36 clflush dts acpi mmx fxsr sse sse2 ss ht tm pbe syscall nx rdtscp lm constant_tsc arch_perfmon pebs bts rep_good nopl xtopology nonstop_tsc aperfmperf eagerfpu pni pclmulqdq dtes64 monitor ds_cpl vmx smx est tm2 ssse3 cx16 xtpr pdcm pcid sse4_1 sse4_2 x2apic popcnt tsc_deadline_timer aes xsave avx lahf_lm ida arat epb xsaveopt pln pts dtherm tpr_shadow vnmi flexpriority ept vpid
bogomips	: 4988.52
clflush size	: 64
cache_alignment	: 64
address sizes	: 36 bits physical, 48 bits virtual
power management:

processor	: 2
vendor_id	: GenuineIntel
cpu family	: 6
model		: 42
model name	: Intel(R) Core(TM) i5-2520M CPU @ 2.50GHz
stepping	: 7
microcode	: 0x18
cpu MHz		: 800.000
cache size	: 3072 KB
physical id	: 0
siblings	: 4
core id		: 1
cpu cores	: 2
apicid		: 2
initial apicid	: 2
fpu		: yes
fpu_exception	: yes
cpuid level	: 13
wp		: yes
flags		: fpu vme de pse tsc msr pae mce cx8 apic sep mtrr pge mca cmov pat pse36 clflush dts acpi mmx fxsr sse sse2 ss ht tm pbe syscall nx rdtscp lm constant_tsc arch_perfmon pebs bts rep_good nopl xtopology nonstop_tsc aperfmperf eagerfpu pni pclmulqdq dtes64 monitor ds_cpl vmx smx est tm2 ssse3 cx16 xtpr pdcm pcid sse4_1 sse4_2 x2apic popcnt tsc_deadline_timer aes xsave avx lahf_lm ida arat epb xsaveopt pln pts dtherm tpr_shadow vnmi flexpriority ept vpid
bogomips	: 4988.52
clflush size	: 64
cache_alignment	: 64
address sizes	: 36 bits physical, 48 bits virtual
power management:

processor	: 3
vendor_id	: GenuineIntel
cpu family	: 6
model		: 42
model name	: Intel(R) Core(TM) i5-2520M CPU @ 2.50GHz
stepping	: 7
microcode	: 0x18
cpu MHz		: 800.000
cache size	: 3072 KB
physical id	: 0
siblings	: 4
core id		: 1
cpu cores	: 2
apicid		: 3
initial apicid	: 3
fpu		: yes
fpu_exception	: yes
cpuid level	: 13
wp		: yes
flags		: fpu vme de pse tsc msr pae mce cx8 apic sep mtrr pge mca cmov pat pse36 clflush dts acpi mmx fxsr sse sse2 ss ht tm pbe syscall nx rdtscp lm constant_tsc arch_perfmon pebs bts rep_good nopl xtopology nonstop_tsc aperfmperf eagerfpu pni pclmulqdq dtes64 monitor ds_cpl vmx smx est tm2 ssse3 cx16 xtpr pdcm pcid sse4_1 sse4_2 x2apic popcnt tsc_deadline_timer aes xsave avx lahf_lm ida arat epb xsaveopt pln pts dtherm tpr_shadow vnmi flexpriority ept vpid
bogomips	: 4988.52
clflush size	: 64
cache_alignment	: 64
address sizes	: 36 bits physical, 48 bits virtual
power management:



Memory: 4k page, physical 4029420k(116156k free), swap 0k(0k free)

vm_info: OpenJDK 64-Bit Server VM (24.65-b04) for linux-amd64 JRE (1.7.0_65-b32), built on Sep 10 2014 05:56:05 by "buildd" with gcc 4.8.2

time: Tue Oct 14 16:56:06 2014
elapsed time: 13 seconds

