#
# There is insufficient memory for the Java Runtime Environment to continue.
# Native memory allocation (malloc) failed to allocate 124256256 bytes for committing reserved memory.
# Possible reasons:
#   The system is out of physical RAM or swap space
#   In 32 bit mode, the process size limit was hit
# Possible solutions:
#   Reduce memory load on the system
#   Increase physical memory or swap space
#   Check if swap backing store is full
#   Use 64 bit Java on a 64 bit OS
#   Decrease Java heap size (-Xmx/-Xms)
#   Decrease number of Java threads
#   Decrease Java thread stack sizes (-Xss)
#   Set larger code cache with -XX:ReservedCodeCacheSize=
# This output file may be truncated or incomplete.
#
#  Out of Memory Error (os_linux.cpp:2798), pid=20812, tid=140478475200256
#
# JRE version: OpenJDK Runtime Environment (7.0_65-b32) (build 1.7.0_65-b32)
# Java VM: OpenJDK 64-Bit Server VM (24.65-b04 mixed mode linux-amd64 compressed oops)
# Derivative: IcedTea 2.5.2
# Distribution: Ubuntu 14.04 LTS, package 7u65-2.5.2-3~14.04
# Failed to write core dump. Core dumps have been disabled. To enable core dumping, try "ulimit -c unlimited" before starting Java again
#

---------------  T H R E A D  ---------------

Current thread (0x00007fc3bc13e800):  VMThread [stack: 0x00007fc3b18ce000,0x00007fc3b19cf000] [id=20825]

Stack: [0x00007fc3b18ce000,0x00007fc3b19cf000],  sp=0x00007fc3b19cd490,  free space=1021k
Native frames: (J=compiled Java code, j=interpreted, Vv=VM code, C=native code)
V  [libjvm.so+0x9486a5]  VMError::report_and_die()+0x175
V  [libjvm.so+0x48b904]  report_vm_out_of_memory(char const*, int, unsigned long, char const*)+0x74
V  [libjvm.so+0x7c76ab]  os::pd_commit_memory(char*, unsigned long, unsigned long, bool)+0xeb
V  [libjvm.so+0x7c216f]  os::commit_memory(char*, unsigned long, unsigned long, bool)+0x1f
V  [libjvm.so+0x8338fb]  PSVirtualSpace::expand_by(unsigned long)+0x5b
V  [libjvm.so+0x834750]  PSYoungGen::resize_generation(unsigned long, unsigned long)+0xb0
V  [libjvm.so+0x834e3b]  PSYoungGen::resize(unsigned long, unsigned long)+0x1b
V  [libjvm.so+0x831120]  PSScavenge::invoke_no_policy()+0xde0
V  [libjvm.so+0x8318f8]  PSScavenge::invoke()+0x38
V  [libjvm.so+0x7e82d3]  ParallelScavengeHeap::failed_mem_allocate(unsigned long)+0x63
V  [libjvm.so+0x94a0a4]  VM_ParallelGCFailedAllocation::doit()+0x84
V  [libjvm.so+0x94e597]  VM_Operation::evaluate()+0x47
V  [libjvm.so+0x94cf08]  VMThread::evaluate_operation(VM_Operation*)+0x318
V  [libjvm.so+0x94d369]  VMThread::loop()+0x219
V  [libjvm.so+0x94d7b2]  VMThread::run()+0x72
V  [libjvm.so+0x7c4572]  java_start(Thread*)+0xf2

VM_Operation (0x00007fc3c4059330): ParallelGCFailedAllocation, mode: safepoint, requested by thread 0x00007fc3bc00c000


---------------  P R O C E S S  ---------------

Java Threads: ( => current thread )
  0x00007fc3bc16f000 JavaThread "Service Thread" daemon [_thread_blocked, id=20831, stack(0x00007fc3b0f9b000,0x00007fc3b109c000)]
  0x00007fc3bc16d000 JavaThread "C2 CompilerThread1" daemon [_thread_blocked, id=20830, stack(0x00007fc3b109c000,0x00007fc3b119d000)]
  0x00007fc3bc16a000 JavaThread "C2 CompilerThread0" daemon [_thread_blocked, id=20829, stack(0x00007fc3b119d000,0x00007fc3b129e000)]
  0x00007fc3bc167800 JavaThread "Signal Dispatcher" daemon [_thread_blocked, id=20828, stack(0x00007fc3b129e000,0x00007fc3b139f000)]
  0x00007fc3bc145000 JavaThread "Finalizer" daemon [_thread_blocked, id=20827, stack(0x00007fc3b16cc000,0x00007fc3b17cd000)]
  0x00007fc3bc143000 JavaThread "Reference Handler" daemon [_thread_blocked, id=20826, stack(0x00007fc3b17cd000,0x00007fc3b18ce000)]
  0x00007fc3bc00c000 JavaThread "main" [_thread_blocked, id=20820, stack(0x00007fc3c3f5a000,0x00007fc3c405b000)]

Other Threads:
=>0x00007fc3bc13e800 VMThread [stack: 0x00007fc3b18ce000,0x00007fc3b19cf000] [id=20825]
  0x00007fc3bc17a000 WatcherThread [stack: 0x00007fc3b0e9a000,0x00007fc3b0f9b000] [id=20832]

VM state:at safepoint (normal execution)

VM Mutex/Monitor currently owned by a thread:  ([mutex/lock_event])
[0x00007fc3bc008500] Threads_lock - owner thread: 0x00007fc3bc13e800
[0x00007fc3bc008a00] Heap_lock - owner thread: 0x00007fc3bc00c000

Heap
 PSYoungGen      total 210944K, used 7683K [0x00000000eaa80000, 0x00000000f8180000, 0x0000000100000000)
  eden space 201728K, 0% used [0x00000000eaa80000,0x00000000eaa80000,0x00000000f6f80000)
  from space 9216K, 83% used [0x00000000f6f80000,0x00000000f7700da8,0x00000000f7880000)
  to   space 9216K, 0% used [0x00000000f7880000,0x00000000f7880000,0x00000000f8180000)
 ParOldGen       total 41984K, used 40444K [0x00000000c0000000, 0x00000000c2900000, 0x00000000eaa80000)
  object space 41984K, 96% used [0x00000000c0000000,0x00000000c277f340,0x00000000c2900000)
 PSPermGen       total 21504K, used 7629K [0x00000000b5a00000, 0x00000000b6f00000, 0x00000000c0000000)
  object space 21504K, 35% used [0x00000000b5a00000,0x00000000b6173570,0x00000000b6f00000)

Card table byte_map: [0x00007fc3c0949000,0x00007fc3c0b9d000] byte_map_base: 0x00007fc3c039c000

Polling page: 0x00007fc3c4078000

Code Cache  [0x00007fc3b9000000, 0x00007fc3b93b0000, 0x00007fc3bc000000)
 total_blobs=1329 nmethods=1074 adapters=208 free_code_cache=45485Kb largest_free_block=46514688

Compilation events (10 events):
Event: 8.018 Thread 0x00007fc3bc16d000 1084             com.android.dx.io.instructions.ZeroRegisterDecodedInstruction::getRegisterCount (2 bytes)
Event: 8.018 Thread 0x00007fc3bc16d000 nmethod 1084 0x00007fc3b938fa10 code [0x00007fc3b938fb40, 0x00007fc3b938fb98]
Event: 8.019 Thread 0x00007fc3bc16d000 1085             com.android.dx.io.instructions.DecodedInstruction::getA (2 bytes)
Event: 8.019 Thread 0x00007fc3bc16d000 nmethod 1085 0x00007fc3b938f810 code [0x00007fc3b938f940, 0x00007fc3b938f998]
Event: 8.020 Thread 0x00007fc3bc16a000 nmethod 1083 0x00007fc3b92bb290 code [0x00007fc3b92bb3e0, 0x00007fc3b92bb558]
Event: 8.041 Thread 0x00007fc3bc16d000 1086             com.android.dx.io.instructions.InstructionCodec$7::decode (50 bytes)
Event: 8.041 Thread 0x00007fc3bc16a000 1087             com.android.dx.io.instructions.InstructionCodec$7::encode (23 bytes)
Event: 8.043 Thread 0x00007fc3bc16a000 nmethod 1087 0x00007fc3b92bad50 code [0x00007fc3b92baea0, 0x00007fc3b92baff8]
Event: 8.044 Thread 0x00007fc3bc16d000 nmethod 1086 0x00007fc3b92c5510 code [0x00007fc3b92c5660, 0x00007fc3b92c5838]
Event: 8.140 Thread 0x00007fc3bc16a000 1088             java.util.ComparableTimSort::mergeLo (652 bytes)

GC Heap History (10 events):
Event: 4.907 GC heap after
Heap after GC invocations=6 (full 0):
 PSYoungGen      total 72192K, used 6668K [0x00000000eaa80000, 0x00000000ef980000, 0x0000000100000000)
  eden space 63488K, 0% used [0x00000000eaa80000,0x00000000eaa80000,0x00000000ee880000)
  from space 8704K, 76% used [0x00000000ef100000,0x00000000ef783198,0x00000000ef980000)
  to   space 8704K, 0% used [0x00000000ee880000,0x00000000ee880000,0x00000000ef100000)
 ParOldGen       total 41984K, used 18402K [0x00000000c0000000, 0x00000000c2900000, 0x00000000eaa80000)
  object space 41984K, 43% used [0x00000000c0000000,0x00000000c11f8b18,0x00000000c2900000)
 PSPermGen       total 21504K, used 6804K [0x00000000b5a00000, 0x00000000b6f00000, 0x00000000c0000000)
  object space 21504K, 31% used [0x00000000b5a00000,0x00000000b60a5070,0x00000000b6f00000)
}
Event: 6.906 GC heap before
{Heap before GC invocations=7 (full 0):
 PSYoungGen      total 72192K, used 70156K [0x00000000eaa80000, 0x00000000ef980000, 0x0000000100000000)
  eden space 63488K, 100% used [0x00000000eaa80000,0x00000000ee880000,0x00000000ee880000)
  from space 8704K, 76% used [0x00000000ef100000,0x00000000ef783198,0x00000000ef980000)
  to   space 8704K, 0% used [0x00000000ee880000,0x00000000ee880000,0x00000000ef100000)
 ParOldGen       total 41984K, used 18402K [0x00000000c0000000, 0x00000000c2900000, 0x00000000eaa80000)
  object space 41984K, 43% used [0x00000000c0000000,0x00000000c11f8b18,0x00000000c2900000)
 PSPermGen       total 21504K, used 7497K [0x00000000b5a00000, 0x00000000b6f00000, 0x00000000c0000000)
  object space 21504K, 34% used [0x00000000b5a00000,0x00000000b61525a8,0x00000000b6f00000)
Event: 6.918 GC heap after
Heap after GC invocations=7 (full 0):
 PSYoungGen      total 72192K, used 7400K [0x00000000eaa80000, 0x00000000f3780000, 0x0000000100000000)
  eden space 63488K, 0% used [0x00000000eaa80000,0x00000000eaa80000,0x00000000ee880000)
  from space 8704K, 85% used [0x00000000ee880000,0x00000000eefba268,0x00000000ef100000)
  to   space 8704K, 0% used [0x00000000f2f00000,0x00000000f2f00000,0x00000000f3780000)
 ParOldGen       total 41984K, used 19266K [0x00000000c0000000, 0x00000000c2900000, 0x00000000eaa80000)
  object space 41984K, 45% used [0x00000000c0000000,0x00000000c12d09c8,0x00000000c2900000)
 PSPermGen       total 21504K, used 7497K [0x00000000b5a00000, 0x00000000b6f00000, 0x00000000c0000000)
  object space 21504K, 34% used [0x00000000b5a00000,0x00000000b61525a8,0x00000000b6f00000)
}
Event: 7.153 GC heap before
{Heap before GC invocations=8 (full 0):
 PSYoungGen      total 72192K, used 70888K [0x00000000eaa80000, 0x00000000f3780000, 0x0000000100000000)
  eden space 63488K, 100% used [0x00000000eaa80000,0x00000000ee880000,0x00000000ee880000)
  from space 8704K, 85% used [0x00000000ee880000,0x00000000eefba268,0x00000000ef100000)
  to   space 8704K, 0% used [0x00000000f2f00000,0x00000000f2f00000,0x00000000f3780000)
 ParOldGen       total 41984K, used 19266K [0x00000000c0000000, 0x00000000c2900000, 0x00000000eaa80000)
  object space 41984K, 45% used [0x00000000c0000000,0x00000000c12d09c8,0x00000000c2900000)
 PSPermGen       total 21504K, used 7519K [0x00000000b5a00000, 0x00000000b6f00000, 0x00000000c0000000)
  object space 21504K, 34% used [0x00000000b5a00000,0x00000000b6157cd0,0x00000000b6f00000)
Event: 7.164 GC heap after
Heap after GC invocations=8 (full 0):
 PSYoungGen      total 134656K, used 8314K [0x00000000eaa80000, 0x00000000f3980000, 0x0000000100000000)
  eden space 125952K, 0% used [0x00000000eaa80000,0x00000000eaa80000,0x00000000f2580000)
  from space 8704K, 95% used [0x00000000f2f00000,0x00000000f371e908,0x00000000f3780000)
  to   space 9728K, 0% used [0x00000000f2580000,0x00000000f2580000,0x00000000f2f00000)
 ParOldGen       total 41984K, used 25486K [0x00000000c0000000, 0x00000000c2900000, 0x00000000eaa80000)
  object space 41984K, 60% used [0x00000000c0000000,0x00000000c18e3a18,0x00000000c2900000)
 PSPermGen       total 21504K, used 7519K [0x00000000b5a00000, 0x00000000b6f00000, 0x00000000c0000000)
  object space 21504K, 34% used [0x00000000b5a00000,0x00000000b6157cd0,0x00000000b6f00000)
}
Event: 7.560 GC heap before
{Heap before GC invocations=9 (full 0):
 PSYoungGen      total 134656K, used 134266K [0x00000000eaa80000, 0x00000000f3980000, 0x0000000100000000)
  eden space 125952K, 100% used [0x00000000eaa80000,0x00000000f2580000,0x00000000f2580000)
  from space 8704K, 95% used [0x00000000f2f00000,0x00000000f371e908,0x00000000f3780000)
  to   space 9728K, 0% used [0x00000000f2580000,0x00000000f2580000,0x00000000f2f00000)
 ParOldGen       total 41984K, used 25486K [0x00000000c0000000, 0x00000000c2900000, 0x00000000eaa80000)
  object space 41984K, 60% used [0x00000000c0000000,0x00000000c18e3a18,0x00000000c2900000)
 PSPermGen       total 21504K, used 7618K [0x00000000b5a00000, 0x00000000b6f00000, 0x00000000c0000000)
  object space 21504K, 35% used [0x00000000b5a00000,0x00000000b6170bb0,0x00000000b6f00000)
Event: 7.570 GC heap after
Heap after GC invocations=9 (full 0):
 PSYoungGen      total 135680K, used 6245K [0x00000000eaa80000, 0x00000000f8180000, 0x0000000100000000)
  eden space 125952K, 0% used [0x00000000eaa80000,0x00000000eaa80000,0x00000000f2580000)
  from space 9728K, 64% used [0x00000000f2580000,0x00000000f2b99440,0x00000000f2f00000)
  to   space 9216K, 0% used [0x00000000f7880000,0x00000000f7880000,0x00000000f8180000)
 ParOldGen       total 41984K, used 29945K [0x00000000c0000000, 0x00000000c2900000, 0x00000000eaa80000)
  object space 41984K, 71% used [0x00000000c0000000,0x00000000c1d3e768,0x00000000c2900000)
 PSPermGen       total 21504K, used 7618K [0x00000000b5a00000, 0x00000000b6f00000, 0x00000000c0000000)
  object space 21504K, 35% used [0x00000000b5a00000,0x00000000b6170bb0,0x00000000b6f00000)
}
Event: 7.797 GC heap before
{Heap before GC invocations=10 (full 0):
 PSYoungGen      total 135680K, used 131926K [0x00000000eaa80000, 0x00000000f8180000, 0x0000000100000000)
  eden space 125952K, 99% used [0x00000000eaa80000,0x00000000f253c508,0x00000000f2580000)
  from space 9728K, 64% used [0x00000000f2580000,0x00000000f2b99440,0x00000000f2f00000)
  to   space 9216K, 0% used [0x00000000f7880000,0x00000000f7880000,0x00000000f8180000)
 ParOldGen       total 41984K, used 29945K [0x00000000c0000000, 0x00000000c2900000, 0x00000000eaa80000)
  object space 41984K, 71% used [0x00000000c0000000,0x00000000c1d3e768,0x00000000c2900000)
 PSPermGen       total 21504K, used 7621K [0x00000000b5a00000, 0x00000000b6f00000, 0x00000000c0000000)
  object space 21504K, 35% used [0x00000000b5a00000,0x00000000b61717e0,0x00000000b6f00000)
Event: 7.800 GC heap after
Heap after GC invocations=10 (full 0):
 PSYoungGen      total 210944K, used 5329K [0x00000000eaa80000, 0x00000000f8180000, 0x0000000100000000)
  eden space 201728K, 0% used [0x00000000eaa80000,0x00000000eaa80000,0x00000000f6f80000)
  from space 9216K, 57% used [0x00000000f7880000,0x00000000f7db4730,0x00000000f8180000)
  to   space 9216K, 0% used [0x00000000f6f80000,0x00000000f6f80000,0x00000000f7880000)
 ParOldGen       total 41984K, used 30089K [0x00000000c0000000, 0x00000000c2900000, 0x00000000eaa80000)
  object space 41984K, 71% used [0x00000000c0000000,0x00000000c1d62768,0x00000000c2900000)
 PSPermGen       total 21504K, used 7621K [0x00000000b5a00000, 0x00000000b6f00000, 0x00000000c0000000)
  object space 21504K, 35% used [0x00000000b5a00000,0x00000000b61717e0,0x00000000b6f00000)
}
Event: 8.145 GC heap before
{Heap before GC invocations=11 (full 0):
 PSYoungGen      total 210944K, used 207057K [0x00000000eaa80000, 0x00000000f8180000, 0x0000000100000000)
  eden space 201728K, 100% used [0x00000000eaa80000,0x00000000f6f80000,0x00000000f6f80000)
  from space 9216K, 57% used [0x00000000f7880000,0x00000000f7db4730,0x00000000f8180000)
  to   space 9216K, 0% used [0x00000000f6f80000,0x00000000f6f80000,0x00000000f7880000)
 ParOldGen       total 41984K, used 30089K [0x00000000c0000000, 0x00000000c2900000, 0x00000000eaa80000)
  object space 41984K, 71% used [0x00000000c0000000,0x00000000c1d62768,0x00000000c2900000)
 PSPermGen       total 21504K, used 7629K [0x00000000b5a00000, 0x00000000b6f00000, 0x00000000c0000000)
  object space 21504K, 35% used [0x00000000b5a00000,0x00000000b6173570,0x00000000b6f00000)

Deoptimization events (10 events):
Event: 7.166 Thread 0x00007fc3bc00c000 Uncommon trap: reason=array_check action=maybe_recompile pc=0x00007fc3b93530fc method=java.util.TimSort.binarySort([Ljava/lang/Object;IIILjava/util/Comparator;)V @ 193
Event: 7.166 Thread 0x00007fc3bc00c000 Uncommon trap: reason=array_check action=maybe_recompile pc=0x00007fc3b93531cc method=java.util.TimSort.binarySort([Ljava/lang/Object;IIILjava/util/Comparator;)V @ 183
Event: 7.166 Thread 0x00007fc3bc00c000 Uncommon trap: reason=array_check action=maybe_recompile pc=0x00007fc3b93530fc method=java.util.TimSort.binarySort([Ljava/lang/Object;IIILjava/util/Comparator;)V @ 193
Event: 7.198 Thread 0x00007fc3bc00c000 Uncommon trap: reason=array_check action=maybe_recompile pc=0x00007fc3b9344de0 method=java.util.ComparableTimSort.binarySort([Ljava/lang/Object;III)V @ 193
Event: 7.244 Thread 0x00007fc3bc00c000 Uncommon trap: reason=array_check action=maybe_recompile pc=0x00007fc3b9344de0 method=java.util.ComparableTimSort.binarySort([Ljava/lang/Object;III)V @ 193
Event: 7.290 Thread 0x00007fc3bc00c000 Uncommon trap: reason=array_check action=maybe_recompile pc=0x00007fc3b9344de0 method=java.util.ComparableTimSort.binarySort([Ljava/lang/Object;III)V @ 193
Event: 7.506 Thread 0x00007fc3bc00c000 Uncommon trap: reason=array_check action=maybe_recompile pc=0x00007fc3b936a6e0 method=java.util.ComparableTimSort.binarySort([Ljava/lang/Object;III)V @ 215
Event: 7.551 Thread 0x00007fc3bc00c000 Uncommon trap: reason=array_check action=maybe_recompile pc=0x00007fc3b936a6e0 method=java.util.ComparableTimSort.binarySort([Ljava/lang/Object;III)V @ 215
Event: 7.605 Thread 0x00007fc3bc00c000 Uncommon trap: reason=array_check action=maybe_recompile pc=0x00007fc3b9393720 method=java.util.ComparableTimSort.binarySort([Ljava/lang/Object;III)V @ 183
Event: 7.700 Thread 0x00007fc3bc00c000 Uncommon trap: reason=array_check action=maybe_recompile pc=0x00007fc3b9393720 method=java.util.ComparableTimSort.binarySort([Ljava/lang/Object;III)V @ 183

Internal exceptions (10 events):
Event: 4.773 Thread 0x00007fc3bc00c000 Threw 0x00000000ec826670 at /build/buildd/openjdk-7-7u65-2.5.2/build/openjdk/hotspot/src/share/vm/prims/jvm.cpp:1247
Event: 4.775 Thread 0x00007fc3bc00c000 Threw 0x00000000ec82e340 at /build/buildd/openjdk-7-7u65-2.5.2/build/openjdk/hotspot/src/share/vm/prims/jvm.cpp:1247
Event: 4.775 Thread 0x00007fc3bc00c000 Threw 0x00000000ec831038 at /build/buildd/openjdk-7-7u65-2.5.2/build/openjdk/hotspot/src/share/vm/prims/jvm.cpp:1247
Event: 5.887 Thread 0x00007fc3bc00c000 Threw 0x00000000eab50df0 at /build/buildd/openjdk-7-7u65-2.5.2/build/openjdk/hotspot/src/share/vm/prims/jvm.cpp:1247
Event: 5.887 Thread 0x00007fc3bc00c000 Threw 0x00000000eab50f18 at /build/buildd/openjdk-7-7u65-2.5.2/build/openjdk/hotspot/src/share/vm/prims/jvm.cpp:1247
Event: 5.887 Thread 0x00007fc3bc00c000 Threw 0x00000000eab535c8 at /build/buildd/openjdk-7-7u65-2.5.2/build/openjdk/hotspot/src/share/vm/prims/jvm.cpp:1247
Event: 5.887 Thread 0x00007fc3bc00c000 Threw 0x00000000eab536f0 at /build/buildd/openjdk-7-7u65-2.5.2/build/openjdk/hotspot/src/share/vm/prims/jvm.cpp:1247
Event: 5.887 Thread 0x00007fc3bc00c000 Threw 0x00000000eab540f0 at /build/buildd/openjdk-7-7u65-2.5.2/build/openjdk/hotspot/src/share/vm/prims/jvm.cpp:1247
Event: 5.887 Thread 0x00007fc3bc00c000 Threw 0x00000000eab54218 at /build/buildd/openjdk-7-7u65-2.5.2/build/openjdk/hotspot/src/share/vm/prims/jvm.cpp:1247
Event: 6.539 Thread 0x00007fc3bc00c000 Threw 0x00000000ebc3b950 at /build/buildd/openjdk-7-7u65-2.5.2/build/openjdk/hotspot/src/share/vm/prims/jvm.cpp:1247

Events (10 events):
Event: 7.700 Thread 0x00007fc3bc00c000 DEOPT PACKING pc=0x00007fc3b9393720 sp=0x00007fc3c4059440
Event: 7.700 Thread 0x00007fc3bc00c000 DEOPT UNPACKING pc=0x00007fc3b9039445 sp=0x00007fc3c4059418 mode 2
Event: 7.797 Executing VM operation: ParallelGCFailedAllocation
Event: 7.800 Executing VM operation: ParallelGCFailedAllocation done
Event: 7.888 Thread 0x00007fc3bc16a000 flushing nmethod 0x00007fc3b90c1690
Event: 8.018 Thread 0x00007fc3bc16d000 flushing nmethod 0x00007fc3b92bad50
Event: 8.019 Thread 0x00007fc3bc16d000 flushing nmethod 0x00007fc3b92c47d0
Event: 8.019 Thread 0x00007fc3bc16d000 flushing nmethod 0x00007fc3b92c5d10
Event: 8.043 Thread 0x00007fc3bc16a000 flushing nmethod 0x00007fc3b9302c90
Event: 8.145 Executing VM operation: ParallelGCFailedAllocation


Dynamic libraries:
00400000-00401000 r-xp 00000000 08:06 525475                             /usr/lib/jvm/java-7-openjdk-amd64/jre/bin/java
00600000-00601000 r--p 00000000 08:06 525475                             /usr/lib/jvm/java-7-openjdk-amd64/jre/bin/java
00601000-00602000 rw-p 00001000 08:06 525475                             /usr/lib/jvm/java-7-openjdk-amd64/jre/bin/java
01e9a000-01ebb000 rw-p 00000000 00:00 0                                  [heap]
b5a00000-b6f00000 rw-p 00000000 00:00 0 
b6f00000-c0000000 rw-p 00000000 00:00 0 
c0000000-c2900000 rw-p 00000000 00:00 0 
c2900000-eaa80000 rw-p 00000000 00:00 0 
eaa80000-f8180000 rw-p 00000000 00:00 0 
ff800000-100000000 rw-p 00000000 00:00 0 
7fc373270000-7fc3732ad000 r-xp 00000000 08:06 2147                       /lib/x86_64-linux-gnu/libpcre.so.3.13.1
7fc3732ad000-7fc3734ac000 ---p 0003d000 08:06 2147                       /lib/x86_64-linux-gnu/libpcre.so.3.13.1
7fc3734ac000-7fc3734ad000 r--p 0003c000 08:06 2147                       /lib/x86_64-linux-gnu/libpcre.so.3.13.1
7fc3734ad000-7fc3734ae000 rw-p 0003d000 08:06 2147                       /lib/x86_64-linux-gnu/libpcre.so.3.13.1
7fc3734ae000-7fc3734b5000 r-xp 00000000 08:06 268052                     /usr/lib/x86_64-linux-gnu/libffi.so.6.0.1
7fc3734b5000-7fc3736b4000 ---p 00007000 08:06 268052                     /usr/lib/x86_64-linux-gnu/libffi.so.6.0.1
7fc3736b4000-7fc3736b5000 r--p 00006000 08:06 268052                     /usr/lib/x86_64-linux-gnu/libffi.so.6.0.1
7fc3736b5000-7fc3736b6000 rw-p 00007000 08:06 268052                     /usr/lib/x86_64-linux-gnu/libffi.so.6.0.1
7fc3736b6000-7fc3736cd000 r-xp 00000000 08:06 2372                       /lib/x86_64-linux-gnu/libresolv-2.19.so
7fc3736cd000-7fc3738cd000 ---p 00017000 08:06 2372                       /lib/x86_64-linux-gnu/libresolv-2.19.so
7fc3738cd000-7fc3738ce000 r--p 00017000 08:06 2372                       /lib/x86_64-linux-gnu/libresolv-2.19.so
7fc3738ce000-7fc3738cf000 rw-p 00018000 08:06 2372                       /lib/x86_64-linux-gnu/libresolv-2.19.so
7fc3738cf000-7fc3738d1000 rw-p 00000000 00:00 0 
7fc3738d1000-7fc3738f1000 r-xp 00000000 08:06 2174                       /lib/x86_64-linux-gnu/libselinux.so.1
7fc3738f1000-7fc373af0000 ---p 00020000 08:06 2174                       /lib/x86_64-linux-gnu/libselinux.so.1
7fc373af0000-7fc373af1000 r--p 0001f000 08:06 2174                       /lib/x86_64-linux-gnu/libselinux.so.1
7fc373af1000-7fc373af2000 rw-p 00020000 08:06 2174                       /lib/x86_64-linux-gnu/libselinux.so.1
7fc373af2000-7fc373af4000 rw-p 00000000 00:00 0 
7fc373af4000-7fc373af7000 r-xp 00000000 08:06 268176                     /usr/lib/x86_64-linux-gnu/libgmodule-2.0.so.0.4000.0
7fc373af7000-7fc373cf6000 ---p 00003000 08:06 268176                     /usr/lib/x86_64-linux-gnu/libgmodule-2.0.so.0.4000.0
7fc373cf6000-7fc373cf7000 r--p 00002000 08:06 268176                     /usr/lib/x86_64-linux-gnu/libgmodule-2.0.so.0.4000.0
7fc373cf7000-7fc373cf8000 rw-p 00003000 08:06 268176                     /usr/lib/x86_64-linux-gnu/libgmodule-2.0.so.0.4000.0
7fc373cf8000-7fc373dfe000 r-xp 00000000 08:06 2075                       /lib/x86_64-linux-gnu/libglib-2.0.so.0.4000.0
7fc373dfe000-7fc373ffd000 ---p 00106000 08:06 2075                       /lib/x86_64-linux-gnu/libglib-2.0.so.0.4000.0
7fc373ffd000-7fc373ffe000 r--p 00105000 08:06 2075                       /lib/x86_64-linux-gnu/libglib-2.0.so.0.4000.0
7fc373ffe000-7fc373fff000 rw-p 00106000 08:06 2075                       /lib/x86_64-linux-gnu/libglib-2.0.so.0.4000.0
7fc373fff000-7fc374000000 rw-p 00000000 00:00 0 
7fc374000000-7fc37403f000 rw-p 00000000 00:00 0 
7fc37403f000-7fc378000000 ---p 00000000 00:00 0 
7fc378000000-7fc378046000 rw-p 00000000 00:00 0 
7fc378046000-7fc37c000000 ---p 00000000 00:00 0 
7fc37c000000-7fc37c03d000 rw-p 00000000 00:00 0 
7fc37c03d000-7fc380000000 ---p 00000000 00:00 0 
7fc380000000-7fc380061000 rw-p 00000000 00:00 0 
7fc380061000-7fc384000000 ---p 00000000 00:00 0 
7fc384000000-7fc384021000 rw-p 00000000 00:00 0 
7fc384021000-7fc388000000 ---p 00000000 00:00 0 
7fc388000000-7fc388021000 rw-p 00000000 00:00 0 
7fc388021000-7fc38c000000 ---p 00000000 00:00 0 
7fc38c000000-7fc38d663000 rw-p 00000000 00:00 0 
7fc38d663000-7fc390000000 ---p 00000000 00:00 0 
7fc390000000-7fc391aac000 rw-p 00000000 00:00 0 
7fc391aac000-7fc394000000 ---p 00000000 00:00 0 
7fc394000000-7fc394021000 rw-p 00000000 00:00 0 
7fc394021000-7fc398000000 ---p 00000000 00:00 0 
7fc398000000-7fc398021000 rw-p 00000000 00:00 0 
7fc398021000-7fc39c000000 ---p 00000000 00:00 0 
7fc39c000000-7fc39c240000 rw-p 00000000 00:00 0 
7fc39c240000-7fc3a0000000 ---p 00000000 00:00 0 
7fc3a0000000-7fc3a0021000 rw-p 00000000 00:00 0 
7fc3a0021000-7fc3a4000000 ---p 00000000 00:00 0 
7fc3a4000000-7fc3a4021000 rw-p 00000000 00:00 0 
7fc3a4021000-7fc3a8000000 ---p 00000000 00:00 0 
7fc3a8000000-7fc3a8021000 rw-p 00000000 00:00 0 
7fc3a8021000-7fc3ac000000 ---p 00000000 00:00 0 
7fc3ac000000-7fc3ac021000 rw-p 00000000 00:00 0 
7fc3ac021000-7fc3b0000000 ---p 00000000 00:00 0 
7fc3b00a8000-7fc3b00f7000 r-xp 00000000 08:06 268190                     /usr/lib/x86_64-linux-gnu/libgobject-2.0.so.0.4000.0
7fc3b00f7000-7fc3b02f7000 ---p 0004f000 08:06 268190                     /usr/lib/x86_64-linux-gnu/libgobject-2.0.so.0.4000.0
7fc3b02f7000-7fc3b02f8000 r--p 0004f000 08:06 268190                     /usr/lib/x86_64-linux-gnu/libgobject-2.0.so.0.4000.0
7fc3b02f8000-7fc3b02f9000 rw-p 00050000 08:06 268190                     /usr/lib/x86_64-linux-gnu/libgobject-2.0.so.0.4000.0
7fc3b02f9000-7fc3b0464000 r-xp 00000000 08:06 268161                     /usr/lib/x86_64-linux-gnu/libgio-2.0.so.0.4000.0
7fc3b0464000-7fc3b0664000 ---p 0016b000 08:06 268161                     /usr/lib/x86_64-linux-gnu/libgio-2.0.so.0.4000.0
7fc3b0664000-7fc3b0668000 r--p 0016b000 08:06 268161                     /usr/lib/x86_64-linux-gnu/libgio-2.0.so.0.4000.0
7fc3b0668000-7fc3b066a000 rw-p 0016f000 08:06 268161                     /usr/lib/x86_64-linux-gnu/libgio-2.0.so.0.4000.0
7fc3b066a000-7fc3b066c000 rw-p 00000000 00:00 0 
7fc3b066c000-7fc3b0683000 r-xp 00000000 08:06 525424                     /usr/lib/jvm/java-7-openjdk-amd64/jre/lib/amd64/libnet.so
7fc3b0683000-7fc3b0882000 ---p 00017000 08:06 525424                     /usr/lib/jvm/java-7-openjdk-amd64/jre/lib/amd64/libnet.so
7fc3b0882000-7fc3b0883000 r--p 00016000 08:06 525424                     /usr/lib/jvm/java-7-openjdk-amd64/jre/lib/amd64/libnet.so
7fc3b0883000-7fc3b0884000 rw-p 00017000 08:06 525424                     /usr/lib/jvm/java-7-openjdk-amd64/jre/lib/amd64/libnet.so
7fc3b0884000-7fc3b0894000 r-xp 00000000 08:06 525415                     /usr/lib/jvm/java-7-openjdk-amd64/jre/lib/amd64/libnio.so
7fc3b0894000-7fc3b0a94000 ---p 00010000 08:06 525415                     /usr/lib/jvm/java-7-openjdk-amd64/jre/lib/amd64/libnio.so
7fc3b0a94000-7fc3b0a95000 r--p 00010000 08:06 525415                     /usr/lib/jvm/java-7-openjdk-amd64/jre/lib/amd64/libnio.so
7fc3b0a95000-7fc3b0a96000 rw-p 00011000 08:06 525415                     /usr/lib/jvm/java-7-openjdk-amd64/jre/lib/amd64/libnio.so
7fc3b0a96000-7fc3b0a99000 ---p 00000000 00:00 0 
7fc3b0a99000-7fc3b0b97000 rw-p 00000000 00:00 0 
7fc3b0b97000-7fc3b0b9a000 ---p 00000000 00:00 0 
7fc3b0b9a000-7fc3b0c98000 rw-p 00000000 00:00 0 
7fc3b0c98000-7fc3b0c9b000 ---p 00000000 00:00 0 
7fc3b0c9b000-7fc3b0d99000 rw-p 00000000 00:00 0 
7fc3b0d99000-7fc3b0d9c000 ---p 00000000 00:00 0 
7fc3b0d9c000-7fc3b0e9a000 rw-p 00000000 00:00 0 
7fc3b0e9a000-7fc3b0e9b000 ---p 00000000 00:00 0 
7fc3b0e9b000-7fc3b0f9b000 rw-p 00000000 00:00 0                          [stack:20832]
7fc3b0f9b000-7fc3b0f9e000 ---p 00000000 00:00 0 
7fc3b0f9e000-7fc3b109c000 rw-p 00000000 00:00 0                          [stack:20831]
7fc3b109c000-7fc3b109f000 ---p 00000000 00:00 0 
7fc3b109f000-7fc3b119d000 rw-p 00000000 00:00 0                          [stack:20830]
7fc3b119d000-7fc3b11a0000 ---p 00000000 00:00 0 
7fc3b11a0000-7fc3b129e000 rw-p 00000000 00:00 0                          [stack:20829]
7fc3b129e000-7fc3b12a1000 ---p 00000000 00:00 0 
7fc3b12a1000-7fc3b139f000 rw-p 00000000 00:00 0                          [stack:20828]
7fc3b139f000-7fc3b16cc000 r--p 00000000 08:06 147180                     /usr/lib/locale/locale-archive
7fc3b16cc000-7fc3b16cf000 ---p 00000000 00:00 0 
7fc3b16cf000-7fc3b17cd000 rw-p 00000000 00:00 0                          [stack:20827]
7fc3b17cd000-7fc3b17d0000 ---p 00000000 00:00 0 
7fc3b17d0000-7fc3b18ce000 rw-p 00000000 00:00 0                          [stack:20826]
7fc3b18ce000-7fc3b18cf000 ---p 00000000 00:00 0 
7fc3b18cf000-7fc3b4000000 rw-p 00000000 00:00 0                          [stack:20825]
7fc3b4000000-7fc3b4021000 rw-p 00000000 00:00 0 
7fc3b4021000-7fc3b8000000 ---p 00000000 00:00 0 
7fc3b8041000-7fc3b8e4f000 rw-p 00000000 00:00 0 
7fc3b8e4f000-7fc3b9000000 r--s 01d21000 08:06 525364                     /usr/lib/jvm/java-7-openjdk-amd64/jre/lib/rt.jar
7fc3b9000000-7fc3b93b0000 rwxp 00000000 00:00 0 
7fc3b93b0000-7fc3bc2fc000 rw-p 00000000 00:00 0 
7fc3bc2fc000-7fc3c0000000 ---p 00000000 00:00 0 
7fc3c0001000-7fc3c0008000 r--s 00000000 08:06 278124                     /usr/lib/x86_64-linux-gnu/gconv/gconv-modules.cache
7fc3c0008000-7fc3c001c000 r--p 00000000 08:06 1324603                    /usr/share/locale-langpack/zh_CN/LC_MESSAGES/libc.mo
7fc3c001c000-7fc3c0021000 r--s 0004c000 08:06 525379                     /usr/lib/jvm/java-7-openjdk-amd64/jre/lib/jsse.jar
7fc3c0021000-7fc3c002f000 r--s 000b4000 08:06 794699                     /home/hu/文档/android-studio/sdk/build-tools/android-4.4W/lib/dx.jar
7fc3c002f000-7fc3c039c000 rw-p 00000000 00:00 0 
7fc3c039c000-7fc3c039d000 ---p 00000000 00:00 0 
7fc3c039d000-7fc3c049d000 rw-p 00000000 00:00 0                          [stack:20824]
7fc3c049d000-7fc3c049e000 ---p 00000000 00:00 0 
7fc3c049e000-7fc3c059e000 rw-p 00000000 00:00 0                          [stack:20823]
7fc3c059e000-7fc3c059f000 ---p 00000000 00:00 0 
7fc3c059f000-7fc3c069f000 rw-p 00000000 00:00 0                          [stack:20822]
7fc3c069f000-7fc3c06a0000 ---p 00000000 00:00 0 
7fc3c06a0000-7fc3c07ab000 rw-p 00000000 00:00 0                          [stack:20821]
7fc3c07ab000-7fc3c07f3000 rw-p 00000000 00:00 0 
7fc3c07f3000-7fc3c0808000 rw-p 00000000 00:00 0 
7fc3c0808000-7fc3c0949000 rw-p 00000000 00:00 0 
7fc3c0949000-7fc3c0954000 rw-p 00000000 00:00 0 
7fc3c0954000-7fc3c099c000 rw-p 00000000 00:00 0 
7fc3c099c000-7fc3c09b1000 rw-p 00000000 00:00 0 
7fc3c09b1000-7fc3c0af1000 rw-p 00000000 00:00 0 
7fc3c0af1000-7fc3c0b5d000 rw-p 00000000 00:00 0 
7fc3c0b5d000-7fc3c0b9c000 rw-p 00000000 00:00 0 
7fc3c0b9c000-7fc3c0b9d000 rw-p 00000000 00:00 0 
7fc3c0b9d000-7fc3c0ba5000 r-xp 00000000 08:06 525410                     /usr/lib/jvm/java-7-openjdk-amd64/jre/lib/amd64/libzip.so
7fc3c0ba5000-7fc3c0da4000 ---p 00008000 08:06 525410                     /usr/lib/jvm/java-7-openjdk-amd64/jre/lib/amd64/libzip.so
7fc3c0da4000-7fc3c0da5000 r--p 00007000 08:06 525410                     /usr/lib/jvm/java-7-openjdk-amd64/jre/lib/amd64/libzip.so
7fc3c0da5000-7fc3c0da6000 rw-p 00008000 08:06 525410                     /usr/lib/jvm/java-7-openjdk-amd64/jre/lib/amd64/libzip.so
7fc3c0da6000-7fc3c0db1000 r-xp 00000000 08:06 2386                       /lib/x86_64-linux-gnu/libnss_files-2.19.so
7fc3c0db1000-7fc3c0fb0000 ---p 0000b000 08:06 2386                       /lib/x86_64-linux-gnu/libnss_files-2.19.so
7fc3c0fb0000-7fc3c0fb1000 r--p 0000a000 08:06 2386                       /lib/x86_64-linux-gnu/libnss_files-2.19.so
7fc3c0fb1000-7fc3c0fb2000 rw-p 0000b000 08:06 2386                       /lib/x86_64-linux-gnu/libnss_files-2.19.so
7fc3c0fb2000-7fc3c0fbd000 r-xp 00000000 08:06 2387                       /lib/x86_64-linux-gnu/libnss_nis-2.19.so
7fc3c0fbd000-7fc3c11bc000 ---p 0000b000 08:06 2387                       /lib/x86_64-linux-gnu/libnss_nis-2.19.so
7fc3c11bc000-7fc3c11bd000 r--p 0000a000 08:06 2387                       /lib/x86_64-linux-gnu/libnss_nis-2.19.so
7fc3c11bd000-7fc3c11be000 rw-p 0000b000 08:06 2387                       /lib/x86_64-linux-gnu/libnss_nis-2.19.so
7fc3c11be000-7fc3c11d5000 r-xp 00000000 08:06 2373                       /lib/x86_64-linux-gnu/libnsl-2.19.so
7fc3c11d5000-7fc3c13d4000 ---p 00017000 08:06 2373                       /lib/x86_64-linux-gnu/libnsl-2.19.so
7fc3c13d4000-7fc3c13d5000 r--p 00016000 08:06 2373                       /lib/x86_64-linux-gnu/libnsl-2.19.so
7fc3c13d5000-7fc3c13d6000 rw-p 00017000 08:06 2373                       /lib/x86_64-linux-gnu/libnsl-2.19.so
7fc3c13d6000-7fc3c13d8000 rw-p 00000000 00:00 0 
7fc3c13d8000-7fc3c13e1000 r-xp 00000000 08:06 1958                       /lib/x86_64-linux-gnu/libnss_compat-2.19.so
7fc3c13e1000-7fc3c15e0000 ---p 00009000 08:06 1958                       /lib/x86_64-linux-gnu/libnss_compat-2.19.so
7fc3c15e0000-7fc3c15e1000 r--p 00008000 08:06 1958                       /lib/x86_64-linux-gnu/libnss_compat-2.19.so
7fc3c15e1000-7fc3c15e2000 rw-p 00009000 08:06 1958                       /lib/x86_64-linux-gnu/libnss_compat-2.19.so
7fc3c15e2000-7fc3c160d000 r-xp 00000000 08:06 525409                     /usr/lib/jvm/java-7-openjdk-amd64/jre/lib/amd64/libjava.so
7fc3c160d000-7fc3c180d000 ---p 0002b000 08:06 525409                     /usr/lib/jvm/java-7-openjdk-amd64/jre/lib/amd64/libjava.so
7fc3c180d000-7fc3c180e000 r--p 0002b000 08:06 525409                     /usr/lib/jvm/java-7-openjdk-amd64/jre/lib/amd64/libjava.so
7fc3c180e000-7fc3c1810000 rw-p 0002c000 08:06 525409                     /usr/lib/jvm/java-7-openjdk-amd64/jre/lib/amd64/libjava.so
7fc3c1810000-7fc3c1820000 r-xp 00000000 08:06 525438                     /usr/lib/jvm/java-7-openjdk-amd64/jre/lib/amd64/libverify.so
7fc3c1820000-7fc3c1a1f000 ---p 00010000 08:06 525438                     /usr/lib/jvm/java-7-openjdk-amd64/jre/lib/amd64/libverify.so
7fc3c1a1f000-7fc3c1a21000 r--p 0000f000 08:06 525438                     /usr/lib/jvm/java-7-openjdk-amd64/jre/lib/amd64/libverify.so
7fc3c1a21000-7fc3c1a22000 rw-p 00011000 08:06 525438                     /usr/lib/jvm/java-7-openjdk-amd64/jre/lib/amd64/libverify.so
7fc3c1a22000-7fc3c1a29000 r-xp 00000000 08:06 2375                       /lib/x86_64-linux-gnu/librt-2.19.so
7fc3c1a29000-7fc3c1c28000 ---p 00007000 08:06 2375                       /lib/x86_64-linux-gnu/librt-2.19.so
7fc3c1c28000-7fc3c1c29000 r--p 00006000 08:06 2375                       /lib/x86_64-linux-gnu/librt-2.19.so
7fc3c1c29000-7fc3c1c2a000 rw-p 00007000 08:06 2375                       /lib/x86_64-linux-gnu/librt-2.19.so
7fc3c1c2a000-7fc3c1c40000 r-xp 00000000 08:06 2024                       /lib/x86_64-linux-gnu/libgcc_s.so.1
7fc3c1c40000-7fc3c1e3f000 ---p 00016000 08:06 2024                       /lib/x86_64-linux-gnu/libgcc_s.so.1
7fc3c1e3f000-7fc3c1e40000 rw-p 00015000 08:06 2024                       /lib/x86_64-linux-gnu/libgcc_s.so.1
7fc3c1e40000-7fc3c1f45000 r-xp 00000000 08:06 2382                       /lib/x86_64-linux-gnu/libm-2.19.so
7fc3c1f45000-7fc3c2144000 ---p 00105000 08:06 2382                       /lib/x86_64-linux-gnu/libm-2.19.so
7fc3c2144000-7fc3c2145000 r--p 00104000 08:06 2382                       /lib/x86_64-linux-gnu/libm-2.19.so
7fc3c2145000-7fc3c2146000 rw-p 00105000 08:06 2382                       /lib/x86_64-linux-gnu/libm-2.19.so
7fc3c2146000-7fc3c222c000 r-xp 00000000 08:06 268786                     /usr/lib/x86_64-linux-gnu/libstdc++.so.6.0.19
7fc3c222c000-7fc3c242b000 ---p 000e6000 08:06 268786                     /usr/lib/x86_64-linux-gnu/libstdc++.so.6.0.19
7fc3c242b000-7fc3c2433000 r--p 000e5000 08:06 268786                     /usr/lib/x86_64-linux-gnu/libstdc++.so.6.0.19
7fc3c2433000-7fc3c2435000 rw-p 000ed000 08:06 268786                     /usr/lib/x86_64-linux-gnu/libstdc++.so.6.0.19
7fc3c2435000-7fc3c244a000 rw-p 00000000 00:00 0 
7fc3c244a000-7fc3c2f60000 r-xp 00000000 08:06 525428                     /usr/lib/jvm/java-7-openjdk-amd64/jre/lib/amd64/server/libjvm.so
7fc3c2f60000-7fc3c315f000 ---p 00b16000 08:06 525428                     /usr/lib/jvm/java-7-openjdk-amd64/jre/lib/amd64/server/libjvm.so
7fc3c315f000-7fc3c31f9000 r--p 00b15000 08:06 525428                     /usr/lib/jvm/java-7-openjdk-amd64/jre/lib/amd64/server/libjvm.so
7fc3c31f9000-7fc3c321c000 rw-p 00baf000 08:06 525428                     /usr/lib/jvm/java-7-openjdk-amd64/jre/lib/amd64/server/libjvm.so
7fc3c321c000-7fc3c324a000 rw-p 00000000 00:00 0 
7fc3c324a000-7fc3c3262000 r-xp 00000000 08:06 2204                       /lib/x86_64-linux-gnu/libz.so.1.2.8
7fc3c3262000-7fc3c3461000 ---p 00018000 08:06 2204                       /lib/x86_64-linux-gnu/libz.so.1.2.8
7fc3c3461000-7fc3c3462000 r--p 00017000 08:06 2204                       /lib/x86_64-linux-gnu/libz.so.1.2.8
7fc3c3462000-7fc3c3463000 rw-p 00018000 08:06 2204                       /lib/x86_64-linux-gnu/libz.so.1.2.8
7fc3c3463000-7fc3c347c000 r-xp 00000000 08:06 2392                       /lib/x86_64-linux-gnu/libpthread-2.19.so
7fc3c347c000-7fc3c367b000 ---p 00019000 08:06 2392                       /lib/x86_64-linux-gnu/libpthread-2.19.so
7fc3c367b000-7fc3c367c000 r--p 00018000 08:06 2392                       /lib/x86_64-linux-gnu/libpthread-2.19.so
7fc3c367c000-7fc3c367d000 rw-p 00019000 08:06 2392                       /lib/x86_64-linux-gnu/libpthread-2.19.so
7fc3c367d000-7fc3c3681000 rw-p 00000000 00:00 0 
7fc3c3681000-7fc3c3684000 r-xp 00000000 08:06 2391                       /lib/x86_64-linux-gnu/libdl-2.19.so
7fc3c3684000-7fc3c3883000 ---p 00003000 08:06 2391                       /lib/x86_64-linux-gnu/libdl-2.19.so
7fc3c3883000-7fc3c3884000 r--p 00002000 08:06 2391                       /lib/x86_64-linux-gnu/libdl-2.19.so
7fc3c3884000-7fc3c3885000 rw-p 00003000 08:06 2391                       /lib/x86_64-linux-gnu/libdl-2.19.so
7fc3c3885000-7fc3c3a40000 r-xp 00000000 08:06 2379                       /lib/x86_64-linux-gnu/libc-2.19.so
7fc3c3a40000-7fc3c3c40000 ---p 001bb000 08:06 2379                       /lib/x86_64-linux-gnu/libc-2.19.so
7fc3c3c40000-7fc3c3c44000 r--p 001bb000 08:06 2379                       /lib/x86_64-linux-gnu/libc-2.19.so
7fc3c3c44000-7fc3c3c46000 rw-p 001bf000 08:06 2379                       /lib/x86_64-linux-gnu/libc-2.19.so
7fc3c3c46000-7fc3c3c4b000 rw-p 00000000 00:00 0 
7fc3c3c4b000-7fc3c3c58000 r-xp 00000000 08:06 525443                     /usr/lib/jvm/java-7-openjdk-amd64/jre/lib/amd64/jli/libjli.so
7fc3c3c58000-7fc3c3e57000 ---p 0000d000 08:06 525443                     /usr/lib/jvm/java-7-openjdk-amd64/jre/lib/amd64/jli/libjli.so
7fc3c3e57000-7fc3c3e58000 r--p 0000c000 08:06 525443                     /usr/lib/jvm/java-7-openjdk-amd64/jre/lib/amd64/jli/libjli.so
7fc3c3e58000-7fc3c3e59000 rw-p 0000d000 08:06 525443                     /usr/lib/jvm/java-7-openjdk-amd64/jre/lib/amd64/jli/libjli.so
7fc3c3e59000-7fc3c3e7c000 r-xp 00000000 08:06 2380                       /lib/x86_64-linux-gnu/ld-2.19.so
7fc3c3e7e000-7fc3c3e7f000 rw-p 00000000 00:00 0 
7fc3c3e7f000-7fc3c3e82000 r--s 0000f000 08:06 525399                     /usr/lib/jvm/java-7-openjdk-amd64/jre/lib/ext/pulse-java.jar
7fc3c3e82000-7fc3c3ea9000 rw-p 00000000 00:00 0 
7fc3c3ea9000-7fc3c3f5a000 rw-p 00000000 00:00 0 
7fc3c3f5a000-7fc3c3f5d000 ---p 00000000 00:00 0 
7fc3c3f5d000-7fc3c4060000 rw-p 00000000 00:00 0                          [stack:20820]
7fc3c4060000-7fc3c4062000 r--s 00012000 08:06 525402                     /usr/lib/jvm/java-7-openjdk-amd64/jre/lib/ext/zipfs.jar
7fc3c4062000-7fc3c4063000 r--s 00002000 08:06 525403                     /usr/lib/jvm/java-7-openjdk-amd64/jre/lib/ext/dnsns.jar
7fc3c4063000-7fc3c4067000 r--s 00085000 08:06 525404                     /usr/lib/jvm/java-7-openjdk-amd64/jre/lib/ext/localedata.jar
7fc3c4067000-7fc3c4069000 r--s 00006000 08:06 1100041                    /usr/share/java/java-atk-wrapper.jar
7fc3c4069000-7fc3c406c000 r--s 00032000 08:06 525398                     /usr/lib/jvm/java-7-openjdk-amd64/jre/lib/ext/sunjce_provider.jar
7fc3c406c000-7fc3c406f000 r--s 0003c000 08:06 525400                     /usr/lib/jvm/java-7-openjdk-amd64/jre/lib/ext/sunpkcs11.jar
7fc3c406f000-7fc3c4077000 rw-s 00000000 08:06 1584213                    /tmp/hsperfdata_hu/20812
7fc3c4077000-7fc3c4078000 rw-p 00000000 00:00 0 
7fc3c4078000-7fc3c4079000 ---p 00000000 00:00 0 
7fc3c4079000-7fc3c407b000 rw-p 00000000 00:00 0 
7fc3c407b000-7fc3c407c000 r--p 00022000 08:06 2380                       /lib/x86_64-linux-gnu/ld-2.19.so
7fc3c407c000-7fc3c407d000 rw-p 00023000 08:06 2380                       /lib/x86_64-linux-gnu/ld-2.19.so
7fc3c407d000-7fc3c407e000 rw-p 00000000 00:00 0 
7fff65cf9000-7fff65d1d000 rw-p 00000000 00:00 0                          [stack]
7fff65dd9000-7fff65ddb000 r-xp 00000000 00:00 0                          [vdso]
ffffffffff600000-ffffffffff601000 r-xp 00000000 00:00 0                  [vsyscall]

VM Arguments:
jvm_args: -Xmx1024M -Dawt.useSystemAAFontSettings=gasp 
java_command: /home/hu/文档/android-studio/sdk/build-tools/android-4.4W/lib/dx.jar --dex --num-threads=4 --output /home/hu/文档/android project/okm_android/main/build/intermediates/dex/debug /home/hu/文档/android project/okm_android/main/build/intermediates/classes/debug /home/hu/文档/android project/okm_android/main/build/intermediates/dependency-cache/debug /home/hu/文档/android project/okm_android/main/build/intermediates/pre-dexed/debug/classes-0d7a832686d45b04b6d99a8d9eeadb683c449487.jar /home/hu/文档/android project/okm_android/main/build/intermediates/pre-dexed/debug/AndroidEasingFunctions-1.0.0-6a6b9f91f9545be9c43dc985f35bfac79a55202b.jar /home/hu/文档/android project/okm_android/main/build/intermediates/pre-dexed/debug/okhttp-1.2.1-fb4fd075bd029504d3119d15f1a7c87d2ed1decb.jar /home/hu/文档/android project/okm_android/main/build/intermediates/pre-dexed/debug/AMap_2DMap_V2.3.0-16cb10d2bd60893ca4491a53e180ed8697aa9bac.jar /home/hu/文档/android project/okm_android/main/build/intermediates/pre-dexed/debug/ShareSDK-Core-2.4.0-8b8f34d2158d882b3d65833a1de81796efaf2fcf.jar /home/hu/文档/android project/okm_android/main/build/intermediates/pre-dexed/debug/ShareSDK-Wechat-Core-2.4.0-cdae2e1108167826517a7758441be77e0b55a64e.jar /home/hu/文档/android project/okm_android/main/build/intermediates/pre-dexed/debug/AndroidViewAnimations-1.1.2-4fb25829db4b157466d72ef539774bed2f0c50bd.jar /home/hu/文档/android project/okm_android/main/build/intermediates/pre-dexed/debug/NineOldAndroid-2.4.0-3a156e5c49662c8f5ba2254f430798cfc57083fc.jar /home/hu/文档/android project/okm_android/main/build/intermediates/pre-dexed/debug/ShareSDK-Wechat-Moments-2.4.0-f00a903df5c34e2b90c63ca3582e57c452f38586.jar /home/hu/文档/android project/okm_android/main/build/intermediates/pre-dexed/debug/Android_Location_V1.3.0-b1cb50fe74f0d917d2f1724d19580767e87c060f.jar /home/hu/文档/android project/okm_android/main/build/intermediates/pre-dexed/debug/ShareSDK-SinaWeibo-2.4.0-
Launcher Type: SUN_STANDARD

Environment Variables:
JAVA_HOME=/home/hu/文档/jdk
_JAVA_OPTIONS=  -Dawt.useSystemAAFontSettings=gasp
CLASSPATH=./../lib/bootstrap.jar:./../lib/extensions.jar:./../lib/util.jar:./../lib/jdom.jar:./../lib/log4j.jar:./../lib/trove4j.jar:./../lib/jna.jar:/home/hu/文档/jdk/lib/tools.jar
PATH=/usr/local/sbin:/usr/local/bin:/usr/sbin:/usr/bin:/sbin:/bin:/usr/games:/usr/local/games
LD_LIBRARY_PATH=.:
SHELL=/bin/bash
DISPLAY=:0.0

Signal Handlers:
SIGSEGV: [libjvm.so+0x949180], sa_mask[0]=0x7ffbfeff, sa_flags=0x10000004
SIGBUS: [libjvm.so+0x949180], sa_mask[0]=0x7ffbfeff, sa_flags=0x10000004
SIGFPE: [libjvm.so+0x7c2ec0], sa_mask[0]=0x7ffbfeff, sa_flags=0x10000004
SIGPIPE: [libjvm.so+0x7c2ec0], sa_mask[0]=0x7ffbfeff, sa_flags=0x10000004
SIGXFSZ: [libjvm.so+0x7c2ec0], sa_mask[0]=0x7ffbfeff, sa_flags=0x10000004
SIGILL: [libjvm.so+0x7c2ec0], sa_mask[0]=0x7ffbfeff, sa_flags=0x10000004
SIGUSR1: SIG_DFL, sa_mask[0]=0x00000000, sa_flags=0x00000000
SIGUSR2: [libjvm.so+0x7c2d60], sa_mask[0]=0x00000004, sa_flags=0x10000004
SIGHUP: [libjvm.so+0x7c2f40], sa_mask[0]=0x7ffbfeff, sa_flags=0x10000004
SIGINT: [libjvm.so+0x7c2f40], sa_mask[0]=0x7ffbfeff, sa_flags=0x10000004
SIGTERM: [libjvm.so+0x7c2f40], sa_mask[0]=0x7ffbfeff, sa_flags=0x10000004
SIGQUIT: [libjvm.so+0x7c2f40], sa_mask[0]=0x7ffbfeff, sa_flags=0x10000004
SIGTRAP: SIG_DFL, sa_mask[0]=0x00000000, sa_flags=0x00000000


---------------  S Y S T E M  ---------------

OS:Deepin 2014.1 (trusty)
uname:Linux 3.13.0-37-generic #64-Ubuntu SMP Mon Sep 22 21:28:38 UTC 2014 x86_64
libc:glibc 2.19 NPTL 2.19 
rlimit: STACK 8192k, CORE 0k, NPROC 31310, NOFILE 4096, AS infinity
load average:2.21 1.18 0.83

/proc/meminfo:
MemTotal:        4029420 kB
MemFree:          136480 kB
Buffers:            1112 kB
Cached:            98596 kB
SwapCached:            0 kB
Active:          3618600 kB
Inactive:          78212 kB
Active(anon):    3598528 kB
Inactive(anon):    55748 kB
Active(file):      20072 kB
Inactive(file):    22464 kB
Unevictable:          32 kB
Mlocked:              32 kB
SwapTotal:             0 kB
SwapFree:              0 kB
Dirty:              1552 kB
Writeback:             0 kB
AnonPages:       3597332 kB
Mapped:            92488 kB
Shmem:             56976 kB
Slab:              64084 kB
SReclaimable:      28512 kB
SUnreclaim:        35572 kB
KernelStack:        5688 kB
PageTables:        39792 kB
NFS_Unstable:          0 kB
Bounce:                0 kB
WritebackTmp:          0 kB
CommitLimit:     2014708 kB
Committed_AS:    6977972 kB
VmallocTotal:   34359738367 kB
VmallocUsed:      328196 kB
VmallocChunk:   34359317460 kB
HardwareCorrupted:     0 kB
AnonHugePages:   1882112 kB
HugePages_Total:       0
HugePages_Free:        0
HugePages_Rsvd:        0
HugePages_Surp:        0
Hugepagesize:       2048 kB
DirectMap4k:       82176 kB
DirectMap2M:     4093952 kB


CPU:total 4 (2 cores per cpu, 2 threads per core) family 6 model 42 stepping 7, cmov, cx8, fxsr, mmx, sse, sse2, sse3, ssse3, sse4.1, sse4.2, popcnt, avx, aes, ht, tsc, tscinvbit

/proc/cpuinfo:
processor	: 0
vendor_id	: GenuineIntel
cpu family	: 6
model		: 42
model name	: Intel(R) Core(TM) i5-2520M CPU @ 2.50GHz
stepping	: 7
microcode	: 0x18
cpu MHz		: 800.000
cache size	: 3072 KB
physical id	: 0
siblings	: 4
core id		: 0
cpu cores	: 2
apicid		: 0
initial apicid	: 0
fpu		: yes
fpu_exception	: yes
cpuid level	: 13
wp		: yes
flags		: fpu vme de pse tsc msr pae mce cx8 apic sep mtrr pge mca cmov pat pse36 clflush dts acpi mmx fxsr sse sse2 ss ht tm pbe syscall nx rdtscp lm constant_tsc arch_perfmon pebs bts rep_good nopl xtopology nonstop_tsc aperfmperf eagerfpu pni pclmulqdq dtes64 monitor ds_cpl vmx smx est tm2 ssse3 cx16 xtpr pdcm pcid sse4_1 sse4_2 x2apic popcnt tsc_deadline_timer aes xsave avx lahf_lm ida arat epb xsaveopt pln pts dtherm tpr_shadow vnmi flexpriority ept vpid
bogomips	: 4988.52
clflush size	: 64
cache_alignment	: 64
address sizes	: 36 bits physical, 48 bits virtual
power management:

processor	: 1
vendor_id	: GenuineIntel
cpu family	: 6
model		: 42
model name	: Intel(R) Core(TM) i5-2520M CPU @ 2.50GHz
stepping	: 7
microcode	: 0x18
cpu MHz		: 2501.000
cache size	: 3072 KB
physical id	: 0
siblings	: 4
core id		: 0
cpu cores	: 2
apicid		: 1
initial apicid	: 1
fpu		: yes
fpu_exception	: yes
cpuid level	: 13
wp		: yes
flags		: fpu vme de pse tsc msr pae mce cx8 apic sep mtrr pge mca cmov pat pse36 clflush dts acpi mmx fxsr sse sse2 ss ht tm pbe syscall nx rdtscp lm constant_tsc arch_perfmon pebs bts rep_good nopl xtopology nonstop_tsc aperfmperf eagerfpu pni pclmulqdq dtes64 monitor ds_cpl vmx smx est tm2 ssse3 cx16 xtpr pdcm pcid sse4_1 sse4_2 x2apic popcnt tsc_deadline_timer aes xsave avx lahf_lm ida arat epb xsaveopt pln pts dtherm tpr_shadow vnmi flexpriority ept vpid
bogomips	: 4988.52
clflush size	: 64
cache_alignment	: 64
address sizes	: 36 bits physical, 48 bits virtual
power management:

processor	: 2
vendor_id	: GenuineIntel
cpu family	: 6
model		: 42
model name	: Intel(R) Core(TM) i5-2520M CPU @ 2.50GHz
stepping	: 7
microcode	: 0x18
cpu MHz		: 800.000
cache size	: 3072 KB
physical id	: 0
siblings	: 4
core id		: 1
cpu cores	: 2
apicid		: 2
initial apicid	: 2
fpu		: yes
fpu_exception	: yes
cpuid level	: 13
wp		: yes
flags		: fpu vme de pse tsc msr pae mce cx8 apic sep mtrr pge mca cmov pat pse36 clflush dts acpi mmx fxsr sse sse2 ss ht tm pbe syscall nx rdtscp lm constant_tsc arch_perfmon pebs bts rep_good nopl xtopology nonstop_tsc aperfmperf eagerfpu pni pclmulqdq dtes64 monitor ds_cpl vmx smx est tm2 ssse3 cx16 xtpr pdcm pcid sse4_1 sse4_2 x2apic popcnt tsc_deadline_timer aes xsave avx lahf_lm ida arat epb xsaveopt pln pts dtherm tpr_shadow vnmi flexpriority ept vpid
bogomips	: 4988.52
clflush size	: 64
cache_alignment	: 64
address sizes	: 36 bits physical, 48 bits virtual
power management:

processor	: 3
vendor_id	: GenuineIntel
cpu family	: 6
model		: 42
model name	: Intel(R) Core(TM) i5-2520M CPU @ 2.50GHz
stepping	: 7
microcode	: 0x18
cpu MHz		: 800.000
cache size	: 3072 KB
physical id	: 0
siblings	: 4
core id		: 1
cpu cores	: 2
apicid		: 3
initial apicid	: 3
fpu		: yes
fpu_exception	: yes
cpuid level	: 13
wp		: yes
flags		: fpu vme de pse tsc msr pae mce cx8 apic sep mtrr pge mca cmov pat pse36 clflush dts acpi mmx fxsr sse sse2 ss ht tm pbe syscall nx rdtscp lm constant_tsc arch_perfmon pebs bts rep_good nopl xtopology nonstop_tsc aperfmperf eagerfpu pni pclmulqdq dtes64 monitor ds_cpl vmx smx est tm2 ssse3 cx16 xtpr pdcm pcid sse4_1 sse4_2 x2apic popcnt tsc_deadline_timer aes xsave avx lahf_lm ida arat epb xsaveopt pln pts dtherm tpr_shadow vnmi flexpriority ept vpid
bogomips	: 4988.52
clflush size	: 64
cache_alignment	: 64
address sizes	: 36 bits physical, 48 bits virtual
power management:



Memory: 4k page, physical 4029420k(136480k free), swap 0k(0k free)

vm_info: OpenJDK 64-Bit Server VM (24.65-b04) for linux-amd64 JRE (1.7.0_65-b32), built on Sep 10 2014 05:56:05 by "buildd" with gcc 4.8.2

time: Tue Oct 14 16:56:54 2014
elapsed time: 8 seconds

